===============================
Solving problem 0/100
===============================

Step 0
========================
Action: cot
Nodes: 0
Explanation: 

Error: invalid syntax (<unknown>, line 1)
===============================
Solving problem 1/100
===============================

Step 0
========================
Action: cot
Nodes: 0
Explanation: 

Error: invalid syntax (<unknown>, line 1)
===============================
Solving problem 2/100
===============================

Step 0
========================
Action: cot
Nodes: 0
Explanation: 

Error: invalid syntax (<unknown>, line 1)
===============================
Solving problem 3/100
===============================

Step 0
========================
Action: cot
Nodes: 0
Explanation: 

Error: list index out of range
===============================
Solving problem 4/100
===============================

Step 0
========================
Action: cot
Nodes: 0
Explanation: 

Error: invalid syntax (<unknown>, line 1)
===============================
Solving problem 5/100
===============================

Step 0
========================
Action: cot
Nodes: 0
Explanation: 

Error: invalid syntax (<unknown>, line 1)
===============================
Solving problem 6/100
===============================

Step 0
========================
Action: cot
Nodes: 0
Explanation: 

Error: invalid syntax (<unknown>, line 1)
===============================
Solving problem 7/100
===============================

Step 0
========================
Action: cot
Nodes: 0
Explanation: 

Error: invalid syntax (<unknown>, line 1)
===============================
Solving problem 8/100
===============================

Step 0
========================
Action: cot
Nodes: 0
Explanation: 

Error: list index out of range
===============================
Solving problem 9/100
===============================

Step 0
========================
Action: cot
Nodes: 0
Explanation: 

Error: list index out of range
===============================
Solving problem 10/100
===============================

Step 0
========================
Action: cot
Nodes: 0
Explanation: 

Error: invalid syntax (<unknown>, line 1)
===============================
Solving problem 11/100
===============================

Step 0
========================
Action: cot
Nodes: 0
Explanation: 

Error: list index out of range
===============================
Solving problem 12/100
===============================

Step 0
========================
Action: cot
Nodes: 0
Explanation: 

Error: invalid syntax (<unknown>, line 1)
===============================
Solving problem 13/100
===============================

Step 0
========================
Action: cot
Nodes: 0
Explanation: 

Error: list index out of range
===============================
Solving problem 14/100
===============================

Step 0
========================
Action: cot
Nodes: 0
Explanation: 

Error: list index out of range
===============================
Solving problem 15/100
===============================

Step 0
========================
Action: cot
Nodes: 0
Explanation: 

Error: invalid syntax (<unknown>, line 1)
===============================
Solving problem 16/100
===============================

Step 0
========================
Action: cot
Nodes: 0
Explanation: 

Error: invalid syntax (<unknown>, line 1)
===============================
Solving problem 17/100
===============================

Step 0
========================
Action: cot
Nodes: 0
Explanation: 

Error: invalid syntax (<unknown>, line 1)
===============================
Solving problem 18/100
===============================

Step 0
========================
Action: cot
Nodes: 0
Explanation: 

Error: invalid syntax (<unknown>, line 1)
===============================
Solving problem 19/100
===============================

Step 0
========================
Action: cot
Nodes: 0
Explanation: 

Error: invalid syntax (<unknown>, line 1)
===============================
Solving problem 20/100
===============================

Step 0
========================
Action: cot
Nodes: 0
Explanation: 

Error: invalid syntax (<unknown>, line 1)
===============================
Solving problem 21/100
===============================

Step 0
========================
Action: cot
Nodes: 0
Explanation: 

Error: invalid syntax (<unknown>, line 1)
===============================
Solving problem 22/100
===============================

Step 0
========================
Action: cot
Nodes: 0
Explanation: 

Error: invalid syntax (<unknown>, line 1)
===============================
Solving problem 23/100
===============================

Step 0
========================
Action: cot
Nodes: 0
Explanation: 

Error: invalid syntax (<unknown>, line 1)
===============================
Solving problem 24/100
===============================

Step 0
========================
Action: cot
Nodes: 0
Explanation: 

Error: list index out of range
===============================
Solving problem 25/100
===============================

Step 0
========================
Action: cot
Nodes: 0
Explanation: 

Error: list index out of range
===============================
Solving problem 26/100
===============================

Step 0
========================
Action: cot
Nodes: 0
Explanation: 

Error: invalid syntax (<unknown>, line 1)
===============================
Solving problem 27/100
===============================

Step 0
========================
Action: cot
Nodes: 0
Explanation: 

Error: list index out of range
===============================
Solving problem 28/100
===============================

Step 0
========================
Action: cot
Nodes: 0
Explanation: 

Error: list index out of range
===============================
Solving problem 29/100
===============================

Step 0
========================
Action: cot
Nodes: 0
Explanation: 

Error: invalid syntax (<unknown>, line 1)
===============================
Solving problem 30/100
===============================

Step 0
========================
Action: cot
Nodes: 0
Explanation: 

Error: invalid syntax (<unknown>, line 1)
===============================
Solving problem 31/100
===============================

Step 0
========================
Action: cot
Nodes: 0
Explanation: 

Error: invalid syntax (<unknown>, line 1)
===============================
Solving problem 32/100
===============================

Step 0
========================
Action: cot
Nodes: 0
Explanation: 

Error: invalid syntax (<unknown>, line 1)
===============================
Solving problem 33/100
===============================

Step 0
========================
Action: cot
Nodes: 0
Explanation: 

Error: invalid syntax (<unknown>, line 1)
===============================
Solving problem 34/100
===============================

Step 0
========================
Action: cot
Nodes: 0
Explanation: 

Error: invalid syntax (<unknown>, line 1)
===============================
Solving problem 35/100
===============================

Step 0
========================
Action: cot
Nodes: 0
Explanation: 

Error: invalid syntax (<unknown>, line 1)
===============================
Solving problem 36/100
===============================

Step 0
========================
Action: cot
Nodes: 0
Explanation: 

Error: invalid syntax (<unknown>, line 1)
===============================
Solving problem 37/100
===============================

Step 0
========================
Action: cot
Nodes: 0
Explanation: 

Error: invalid syntax (<unknown>, line 1)
===============================
Solving problem 38/100
===============================

Step 0
========================
Action: cot
Nodes: 0
Explanation: 

Error: invalid syntax (<unknown>, line 1)
===============================
Solving problem 39/100
===============================

Step 0
========================
Action: cot
Nodes: 0
Explanation: 

Error: list index out of range
===============================
Solving problem 40/100
===============================

Step 0
========================
Action: cot
Nodes: 0
Explanation: 

Error: invalid syntax (<unknown>, line 1)
===============================
Solving problem 41/100
===============================

Step 0
========================
Action: cot
Nodes: 0
Explanation: 

Error: invalid syntax (<unknown>, line 1)
===============================
Solving problem 42/100
===============================

Step 0
========================
Action: cot
Nodes: 0
Explanation: 

Error: invalid syntax (<unknown>, line 1)
===============================
Solving problem 43/100
===============================

Step 0
========================
Action: cot
Nodes: 0
Explanation: 

Error: invalid syntax (<unknown>, line 1)
===============================
Solving problem 44/100
===============================

Step 0
========================
Action: cot
Nodes: 0
Explanation: 

Error: invalid syntax (<unknown>, line 1)
===============================
Solving problem 45/100
===============================

Step 0
========================
Action: cot
Nodes: 0
Explanation: 

Error: list index out of range
===============================
Solving problem 46/100
===============================

Step 0
========================
Action: cot
Nodes: 0
Explanation: 

Error: invalid syntax (<unknown>, line 1)
===============================
Solving problem 47/100
===============================

Step 0
========================
Action: cot
Nodes: 0
Explanation: 

Error: invalid syntax (<unknown>, line 1)
===============================
Solving problem 48/100
===============================

Step 0
========================
Action: cot
Nodes: 0
Explanation: 

Error: invalid syntax (<unknown>, line 1)
===============================
Solving problem 49/100
===============================

Step 0
========================
Action: cot
Nodes: 0
Explanation: 

Error: list index out of range
===============================
Solving problem 50/100
===============================

Step 0
========================
Action: cot
Nodes: 0
Explanation: 

Error: invalid syntax (<unknown>, line 1)
===============================
Solving problem 51/100
===============================

Step 0
========================
Action: cot
Nodes: 0
Explanation: 

Error: list index out of range
===============================
Solving problem 52/100
===============================

Step 0
========================
Action: cot
Nodes: 0
Explanation: 

Error: invalid syntax (<unknown>, line 1)
===============================
Solving problem 53/100
===============================

Step 0
========================
Action: cot
Nodes: 0
Explanation: 

Error: list index out of range
===============================
Solving problem 54/100
===============================

Step 0
========================
Action: cot
Nodes: 0
Explanation: 

Error: invalid syntax (<unknown>, line 1)
===============================
Solving problem 55/100
===============================

Step 0
========================
Action: cot
Nodes: 0
Explanation: 

Error: invalid syntax (<unknown>, line 1)
===============================
Solving problem 56/100
===============================

Step 0
========================
Action: cot
Nodes: 0
Explanation: 

Error: invalid syntax (<unknown>, line 1)
===============================
Solving problem 57/100
===============================

Step 0
========================
Action: cot
Nodes: 0
Explanation: 

Error: invalid syntax (<unknown>, line 1)
===============================
Solving problem 58/100
===============================

Step 0
========================
Action: cot
Nodes: 0
Explanation: 

Error: list index out of range
===============================
Solving problem 59/100
===============================

Step 0
========================
Action: cot
Nodes: 0
Explanation: 

Error: invalid syntax (<unknown>, line 1)
===============================
Solving problem 60/100
===============================

Step 0
========================
Action: cot
Nodes: 0
Explanation: 

Error: invalid syntax (<unknown>, line 1)
===============================
Solving problem 61/100
===============================

Step 0
========================
Action: cot
Nodes: 0
Explanation: 

Error: invalid syntax (<unknown>, line 1)
===============================
Solving problem 62/100
===============================

Step 0
========================
Action: cot
Nodes: 0
Explanation: 

Error: invalid syntax (<unknown>, line 1)
===============================
Solving problem 63/100
===============================

Step 0
========================
Action: cot
Nodes: 0
Explanation: 

Error: invalid syntax (<unknown>, line 1)
===============================
Solving problem 64/100
===============================

Step 0
========================
Action: cot
Nodes: 0
Explanation: 

Error: list index out of range
===============================
Solving problem 65/100
===============================

Step 0
========================
Action: cot
Nodes: 0
Explanation: 

Error: invalid syntax (<unknown>, line 1)
===============================
Solving problem 66/100
===============================

Step 0
========================
Action: cot
Nodes: 0
Explanation: 

Error: invalid syntax (<unknown>, line 1)
===============================
Solving problem 67/100
===============================

Step 0
========================
Action: cot
Nodes: 0
Explanation: 

Error: list index out of range
===============================
Solving problem 68/100
===============================

Step 0
========================
Action: cot
Nodes: 0
Explanation: 

Error: invalid syntax (<unknown>, line 1)
===============================
Solving problem 69/100
===============================

Step 0
========================
Action: cot
Nodes: 0
Explanation: 

Error: invalid syntax (<unknown>, line 1)
===============================
Solving problem 70/100
===============================

Step 0
========================
Action: cot
Nodes: 0
Explanation: 

Error: invalid syntax (<unknown>, line 1)
===============================
Solving problem 71/100
===============================

Step 0
========================
Action: cot
Nodes: 0
Explanation: 

Error: invalid syntax (<unknown>, line 1)
===============================
Solving problem 72/100
===============================

Step 0
========================
Action: cot
Nodes: 0
Explanation: 

Error: list index out of range
===============================
Solving problem 73/100
===============================

Step 0
========================
Action: cot
Nodes: 0
Explanation: 

Error: invalid syntax (<unknown>, line 1)
===============================
Solving problem 74/100
===============================

Step 0
========================
Action: cot
Nodes: 0
Explanation: 

Error: unterminated string literal (detected at line 13) (<unknown>, line 13)
===============================
Solving problem 75/100
===============================

Step 0
========================
Action: cot
Nodes: 0
Explanation: 

Error: list index out of range
===============================
Solving problem 76/100
===============================

Step 0
========================
Action: cot
Nodes: 0
Explanation: 

Error: list index out of range
===============================
Solving problem 77/100
===============================

Step 0
========================
Action: cot
Nodes: 0
Explanation: 

Error: invalid syntax (<unknown>, line 2)
===============================
Solving problem 78/100
===============================

Step 0
========================
Action: cot
Nodes: 0
Explanation: 

Error: list index out of range
===============================
Solving problem 79/100
===============================

Step 0
========================
Action: cot
Nodes: 0
Explanation: 

Error: invalid syntax (<unknown>, line 1)
===============================
Solving problem 80/100
===============================

Step 0
========================
Action: cot
Nodes: 0
Explanation: 

Error: unterminated string literal (detected at line 1) (<unknown>, line 1)
===============================
Solving problem 81/100
===============================

Step 0
========================
Action: cot
Nodes: 0
Explanation: 

Error: list index out of range
===============================
Solving problem 82/100
===============================

Step 0
========================
Action: cot
Nodes: 0
Explanation: 

Error: invalid syntax (<unknown>, line 1)
===============================
Solving problem 83/100
===============================

Step 0
========================
Action: cot
Nodes: 0
Explanation: 

Error: list index out of range
===============================
Solving problem 84/100
===============================

Step 0
========================
Action: cot
Nodes: 0
Explanation: 

Error: invalid syntax (<unknown>, line 1)
===============================
Solving problem 85/100
===============================

Step 0
========================
Action: cot
Nodes: 0
Explanation: 

Error: invalid syntax (<unknown>, line 1)
===============================
Solving problem 86/100
===============================

Step 0
========================
Action: cot
Nodes: 0
Explanation: 

Error: invalid syntax (<unknown>, line 1)
===============================
Solving problem 87/100
===============================

Step 0
========================
Action: cot
Nodes: 0
Explanation: 

Error: invalid syntax (<unknown>, line 1)
===============================
Solving problem 88/100
===============================

Step 0
========================
Action: cot
Nodes: 0
Explanation: 

Error: list index out of range
===============================
Solving problem 89/100
===============================

Step 0
========================
Action: cot
Nodes: 0
Explanation: 

Error: list index out of range
===============================
Solving problem 90/100
===============================

Step 0
========================
Action: cot
Nodes: 0
Explanation: 

Error: invalid syntax (<unknown>, line 1)
===============================
Solving problem 91/100
===============================

Step 0
========================
Action: cot
Nodes: 0
Explanation: 

Error: list index out of range
===============================
Solving problem 92/100
===============================

Step 0
========================
Action: cot
Nodes: 0
Explanation: 

Error: list index out of range
===============================
Solving problem 93/100
===============================

Step 0
========================
Action: cot
Nodes: 0
Explanation: 

Error: invalid syntax (<unknown>, line 1)
===============================
Solving problem 94/100
===============================

Step 0
========================
Action: cot
Nodes: 0
Explanation: 

Error: invalid syntax (<unknown>, line 1)
===============================
Solving problem 95/100
===============================

Step 0
========================
Action: cot
Nodes: 0
Explanation: 

Error: invalid syntax (<unknown>, line 1)
===============================
Solving problem 96/100
===============================

Step 0
========================
Action: cot
Nodes: 0
Explanation: 

Error: invalid syntax (<unknown>, line 1)
===============================
Solving problem 97/100
===============================

Step 0
========================
Action: cot
Nodes: 0
Explanation: 

Error: list index out of range
===============================
Solving problem 98/100
===============================

Step 0
========================
Action: cot
Nodes: 0
Explanation: 

Error: list index out of range
===============================
Solving problem 99/100
===============================

Step 0
========================
Action: cot
Nodes: 0
Explanation: 

Error: list index out of range
===============================
Summary
===============================
Successes: 0
Failures: 100
--Return--
> /home/user/reasoning-agent/src/main.py(155)run()->None
-> breakpoint()
(Pdb) 