===============================
Solving problem 0/100
===============================

Step 0
========================
Action: cot
Nodes: 0
Explanation: 

Error: invalid syntax (<unknown>, line 1)
===============================
Solving problem 1/100
===============================

Step 0
========================
Action: cot
Nodes: 0
Explanation: 

Error: invalid syntax (<unknown>, line 1)
===============================
Solving problem 2/100
===============================

Step 0
========================
Action: cot
Nodes: 0
Explanation: 

Error: invalid syntax (<unknown>, line 1)
===============================
Solving problem 3/100
===============================

Step 0
========================
Action: cot
Nodes: 0
Explanation: 

Error: invalid syntax (<unknown>, line 1)
===============================
Solving problem 4/100
===============================

Step 0
========================
Action: cot
Nodes: 0
Explanation: 

Error: invalid syntax (<unknown>, line 1)
===============================
Solving problem 5/100
===============================

Step 0
========================
Action: cot
Nodes: 0
Explanation: 

Error: invalid syntax (<unknown>, line 1)
===============================
Solving problem 6/100
===============================

Step 0
========================
Action: cot
Nodes: 0
Explanation: 

Error: invalid syntax (<unknown>, line 1)
===============================
Solving problem 7/100
===============================

Step 0
========================
Action: cot
Nodes: 0
Explanation: 

Error: invalid syntax (<unknown>, line 1)
===============================
Solving problem 8/100
===============================

Step 0
========================
Action: cot
Nodes: 0
Explanation: 

Error: invalid syntax (<unknown>, line 1)
===============================
Solving problem 9/100
===============================

Step 0
========================
Action: cot
Nodes: 0
Explanation: 

Error: invalid syntax (<unknown>, line 1)
===============================
Solving problem 10/100
===============================

Step 0
========================
Action: cot
Nodes: 0
Explanation: 

Error: invalid syntax (<unknown>, line 1)
===============================
Solving problem 11/100
===============================

Step 0
========================
Action: cot
Nodes: 0
Explanation: 

Error: invalid syntax (<unknown>, line 1)
===============================
Solving problem 12/100
===============================

Step 0
========================
Action: cot
Nodes: 0
Explanation: 

Error: invalid syntax (<unknown>, line 1)
===============================
Solving problem 13/100
===============================

Step 0
========================
Action: cot
Nodes: 0
Explanation: 

Error: invalid syntax (<unknown>, line 1)
===============================
Solving problem 14/100
===============================

Step 0
========================
Action: cot
Nodes: 0
Explanation: 

Error: invalid syntax (<unknown>, line 1)
===============================
Solving problem 15/100
===============================

Step 0
========================
Action: cot
Nodes: 0
Explanation: 

Error: invalid syntax (<unknown>, line 1)
===============================
Solving problem 16/100
===============================

Step 0
========================
Action: cot
Nodes: 0
Explanation: 

Error: invalid syntax (<unknown>, line 1)
===============================
Solving problem 17/100
===============================

Step 0
========================
Action: cot
Nodes: 0
Explanation: 

Error: invalid syntax (<unknown>, line 1)
===============================
Solving problem 18/100
===============================

Step 0
========================
Action: cot
Nodes: 0
Explanation: 

Error: invalid syntax (<unknown>, line 1)
===============================
Solving problem 19/100
===============================

Step 0
========================
Action: cot
Nodes: 0
Explanation: 

Error: invalid syntax (<unknown>, line 1)
===============================
Solving problem 20/100
===============================

Step 0
========================
Action: cot
Nodes: 0
Explanation: 

Error: invalid syntax (<unknown>, line 1)
===============================
Solving problem 21/100
===============================

Step 0
========================
Action: cot
Nodes: 0
Explanation: 

Error: invalid syntax (<unknown>, line 1)
===============================
Solving problem 22/100
===============================

Step 0
========================
Action: cot
Nodes: 0
Explanation: 

Error: invalid syntax (<unknown>, line 1)
===============================
Solving problem 23/100
===============================

Step 0
========================
Action: cot
Nodes: 0
Explanation: 

Error: invalid syntax (<unknown>, line 1)
===============================
Solving problem 24/100
===============================

Step 0
========================
Action: cot
Nodes: 0
Explanation: 

Error: unterminated string literal (detected at line 4) (<unknown>, line 4)
===============================
Solving problem 25/100
===============================

Step 0
========================
Action: cot
Nodes: 0
Explanation: 

Error: invalid syntax (<unknown>, line 1)
===============================
Solving problem 26/100
===============================

Step 0
========================
Action: cot
Nodes: 0
Explanation: 

Error: invalid syntax (<unknown>, line 1)
===============================
Solving problem 27/100
===============================

Step 0
========================
Action: cot
Nodes: 0
Explanation: 

Error: invalid syntax (<unknown>, line 1)
===============================
Solving problem 28/100
===============================

Step 0
========================
Action: cot
Nodes: 0
Explanation: 

Error: invalid syntax (<unknown>, line 1)
===============================
Solving problem 29/100
===============================

Step 0
========================
Action: cot
Nodes: 0
Explanation: 

Error: invalid syntax (<unknown>, line 1)
===============================
Solving problem 30/100
===============================

Step 0
========================
Action: cot
Nodes: 0
Explanation: 

Error: invalid syntax (<unknown>, line 1)
===============================
Solving problem 31/100
===============================

Step 0
========================
Action: cot
Nodes: 0
Explanation: 

Error: invalid syntax (<unknown>, line 1)
===============================
Solving problem 32/100
===============================

Step 0
========================
Action: cot
Nodes: 0
Explanation: 

Error: invalid syntax (<unknown>, line 1)
===============================
Solving problem 33/100
===============================

Step 0
========================
Action: cot
Nodes: 0
Explanation: 


Graph state:
------------------------
Nodes:
0: {'thought': {'set1': '[27, 37, 6, 7, 2, 32, 28, 11, 24, 43, 5, 15, 12, 18, 36, 26, 55, 35, 57, 56, 29, 54, 30, 9, 3, 20, 38, 48, 63, 25, 16, 10]', 'set2': '[21, 34, 3, 20, 2, 13, 56, 32, 25, 58, 61, 51, 59, 53, 6, 27, 8, 48, 50, 43, 46, 52, 63, 11, 42, 12, 19, 45, 9, 39, 55, 54]'}}
1: {'thought': [3, 20, 2, 32, 25, 6, 27, 48, 43, 63, 11, 12, 9, 55, 54], 'set1': '[27, 37, 6, 7, 2, 32, 28, 11, 24, 43, 5, 15, 12, 18, 36, 26, 55, 35, 57, 56, 29, 54, 30, 9, 3, 20, 38, 48, 63, 25, 16, 10]', 'set2': '[21, 34, 3, 20, 2, 13, 56, 32, 25, 58, 61, 51, 59, 53, 6, 27, 8, 48, 50, 43, 46, 52, 63, 11, 42, 12, 19, 45, 9, 39, 55, 54]'}
Edges:
(0, 1): {}


Step 1
========================
Action: score
Nodes: 1
Explanation: 


Graph state:
------------------------
Nodes:
0: {'thought': {'set1': '[27, 37, 6, 7, 2, 32, 28, 11, 24, 43, 5, 15, 12, 18, 36, 26, 55, 35, 57, 56, 29, 54, 30, 9, 3, 20, 38, 48, 63, 25, 16, 10]', 'set2': '[21, 34, 3, 20, 2, 13, 56, 32, 25, 58, 61, 51, 59, 53, 6, 27, 8, 48, 50, 43, 46, 52, 63, 11, 42, 12, 19, 45, 9, 39, 55, 54]'}}
1: {'thought': [2, 3, 6, 9, 11, 12, 20, 25, 27, 32, 43, 48, 54, 55, 63], 'set1': '[27, 37, 6, 7, 2, 32, 28, 11, 24, 43, 5, 15, 12, 18, 36, 26, 55, 35, 57, 56, 29, 54, 30, 9, 3, 20, 38, 48, 63, 25, 16, 10]', 'set2': '[21, 34, 3, 20, 2, 13, 56, 32, 25, 58, 61, 51, 59, 53, 6, 27, 8, 48, 50, 43, 46, 52, 63, 11, 42, 12, 19, 45, 9, 39, 55, 54]', 'score': 1}
Edges:
(0, 1): {}


Step 2
========================
Action: groundtruth
Nodes: 1
Explanation: 


Graph state:
------------------------
Nodes:
0: {'thought': {'set1': '[27, 37, 6, 7, 2, 32, 28, 11, 24, 43, 5, 15, 12, 18, 36, 26, 55, 35, 57, 56, 29, 54, 30, 9, 3, 20, 38, 48, 63, 25, 16, 10]', 'set2': '[21, 34, 3, 20, 2, 13, 56, 32, 25, 58, 61, 51, 59, 53, 6, 27, 8, 48, 50, 43, 46, 52, 63, 11, 42, 12, 19, 45, 9, 39, 55, 54]'}}
1: {'thought': [2, 3, 6, 9, 11, 12, 20, 25, 27, 32, 43, 48, 54, 55, 63], 'set1': '[27, 37, 6, 7, 2, 32, 28, 11, 24, 43, 5, 15, 12, 18, 36, 26, 55, 35, 57, 56, 29, 54, 30, 9, 3, 20, 38, 48, 63, 25, 16, 10]', 'set2': '[21, 34, 3, 20, 2, 13, 56, 32, 25, 58, 61, 51, 59, 53, 6, 27, 8, 48, 50, 43, 46, 52, 63, 11, 42, 12, 19, 45, 9, 39, 55, 54]', 'score': 1}
Edges:
(0, 1): {}

Result: failure
===============================
Solving problem 34/100
===============================

Step 0
========================
Action: cot
Nodes: 0
Explanation: 

Error: invalid syntax (<unknown>, line 1)
===============================
Solving problem 35/100
===============================

Step 0
========================
Action: cot
Nodes: 0
Explanation: 

Error: invalid syntax (<unknown>, line 1)
===============================
Solving problem 36/100
===============================

Step 0
========================
Action: cot
Nodes: 0
Explanation: 

Error: invalid syntax (<unknown>, line 1)
===============================
Solving problem 37/100
===============================

Step 0
========================
Action: cot
Nodes: 0
Explanation: 

Error: invalid syntax (<unknown>, line 1)
===============================
Solving problem 38/100
===============================

Step 0
========================
Action: cot
Nodes: 0
Explanation: 

Error: invalid syntax (<unknown>, line 1)
===============================
Solving problem 39/100
===============================

Step 0
========================
Action: cot
Nodes: 0
Explanation: 

Error: invalid syntax (<unknown>, line 1)
===============================
Solving problem 40/100
===============================

Step 0
========================
Action: cot
Nodes: 0
Explanation: 

Error: invalid syntax (<unknown>, line 1)
===============================
Solving problem 41/100
===============================

Step 0
========================
Action: cot
Nodes: 0
Explanation: 

Error: invalid syntax (<unknown>, line 1)
===============================
Solving problem 42/100
===============================

Step 0
========================
Action: cot
Nodes: 0
Explanation: 

Error: invalid syntax (<unknown>, line 1)
===============================
Solving problem 43/100
===============================

Step 0
========================
Action: cot
Nodes: 0
Explanation: 

Error: invalid syntax (<unknown>, line 1)
===============================
Solving problem 44/100
===============================

Step 0
========================
Action: cot
Nodes: 0
Explanation: 

Error: invalid syntax (<unknown>, line 1)
===============================
Solving problem 45/100
===============================

Step 0
========================
Action: cot
Nodes: 0
Explanation: 

Error: invalid syntax (<unknown>, line 1)
===============================
Solving problem 46/100
===============================

Step 0
========================
Action: cot
Nodes: 0
Explanation: 


Graph state:
------------------------
Nodes:
0: {'thought': {'set1': '[49, 54, 43, 3, 33, 63, 61, 57, 53, 42, 58, 48, 11, 51, 50, 55, 39, 1, 9, 28, 30, 6, 21, 20, 7, 47, 32, 19, 15, 5, 36, 40]', 'set2': '[44, 18, 40, 59, 58, 54, 0, 29, 38, 30, 48, 24, 55, 17, 52, 43, 11, 60, 31, 53, 20, 45, 41, 63, 3, 36, 23, 56, 35, 19, 14, 39]'}}
1: {'thought': [40, 54, 58, 48, 43, 55, 30, 11, 53, 20, 63, 3, 36, 19, 39], 'set1': '[49, 54, 43, 3, 33, 63, 61, 57, 53, 42, 58, 48, 11, 51, 50, 55, 39, 1, 9, 28, 30, 6, 21, 20, 7, 47, 32, 19, 15, 5, 36, 40]', 'set2': '[44, 18, 40, 59, 58, 54, 0, 29, 38, 30, 48, 24, 55, 17, 52, 43, 11, 60, 31, 53, 20, 45, 41, 63, 3, 36, 23, 56, 35, 19, 14, 39]'}
Edges:
(0, 1): {}


Step 1
========================
Action: score
Nodes: 1
Explanation: 


Graph state:
------------------------
Nodes:
0: {'thought': {'set1': '[49, 54, 43, 3, 33, 63, 61, 57, 53, 42, 58, 48, 11, 51, 50, 55, 39, 1, 9, 28, 30, 6, 21, 20, 7, 47, 32, 19, 15, 5, 36, 40]', 'set2': '[44, 18, 40, 59, 58, 54, 0, 29, 38, 30, 48, 24, 55, 17, 52, 43, 11, 60, 31, 53, 20, 45, 41, 63, 3, 36, 23, 56, 35, 19, 14, 39]'}}
1: {'thought': [3, 11, 19, 20, 30, 36, 39, 40, 43, 48, 53, 54, 55, 58, 63], 'set1': '[49, 54, 43, 3, 33, 63, 61, 57, 53, 42, 58, 48, 11, 51, 50, 55, 39, 1, 9, 28, 30, 6, 21, 20, 7, 47, 32, 19, 15, 5, 36, 40]', 'set2': '[44, 18, 40, 59, 58, 54, 0, 29, 38, 30, 48, 24, 55, 17, 52, 43, 11, 60, 31, 53, 20, 45, 41, 63, 3, 36, 23, 56, 35, 19, 14, 39]', 'score': 0}
Edges:
(0, 1): {}


Step 2
========================
Action: groundtruth
Nodes: 1
Explanation: 


Graph state:
------------------------
Nodes:
0: {'thought': {'set1': '[49, 54, 43, 3, 33, 63, 61, 57, 53, 42, 58, 48, 11, 51, 50, 55, 39, 1, 9, 28, 30, 6, 21, 20, 7, 47, 32, 19, 15, 5, 36, 40]', 'set2': '[44, 18, 40, 59, 58, 54, 0, 29, 38, 30, 48, 24, 55, 17, 52, 43, 11, 60, 31, 53, 20, 45, 41, 63, 3, 36, 23, 56, 35, 19, 14, 39]'}}
1: {'thought': [3, 11, 19, 20, 30, 36, 39, 40, 43, 48, 53, 54, 55, 58, 63], 'set1': '[49, 54, 43, 3, 33, 63, 61, 57, 53, 42, 58, 48, 11, 51, 50, 55, 39, 1, 9, 28, 30, 6, 21, 20, 7, 47, 32, 19, 15, 5, 36, 40]', 'set2': '[44, 18, 40, 59, 58, 54, 0, 29, 38, 30, 48, 24, 55, 17, 52, 43, 11, 60, 31, 53, 20, 45, 41, 63, 3, 36, 23, 56, 35, 19, 14, 39]', 'score': 0}
Edges:
(0, 1): {}

Result: success
===============================
Solving problem 47/100
===============================

Step 0
========================
Action: cot
Nodes: 0
Explanation: 

Error: invalid syntax (<unknown>, line 1)
===============================
Solving problem 48/100
===============================

Step 0
========================
Action: cot
Nodes: 0
Explanation: 

Error: invalid syntax (<unknown>, line 1)
===============================
Solving problem 49/100
===============================

Step 0
========================
Action: cot
Nodes: 0
Explanation: 

Error: invalid syntax (<unknown>, line 1)
===============================
Solving problem 50/100
===============================

Step 0
========================
Action: cot
Nodes: 0
Explanation: 

Error: invalid syntax (<unknown>, line 1)
===============================
Solving problem 51/100
===============================

Step 0
========================
Action: cot
Nodes: 0
Explanation: 

Error: invalid syntax (<unknown>, line 1)
===============================
Solving problem 52/100
===============================

Step 0
========================
Action: cot
Nodes: 0
Explanation: 

Error: invalid syntax (<unknown>, line 1)
===============================
Solving problem 53/100
===============================

Step 0
========================
Action: cot
Nodes: 0
Explanation: 

Error: invalid syntax (<unknown>, line 1)
===============================
Solving problem 54/100
===============================

Step 0
========================
Action: cot
Nodes: 0
Explanation: 


Graph state:
------------------------
Nodes:
0: {'thought': {'set1': '[34, 24, 6, 4, 11, 52, 45, 54, 27, 49, 63, 16, 1, 28, 44, 33, 20, 22, 2, 57, 3, 40, 23, 30, 7, 41, 8, 62, 43, 58, 17, 46]', 'set2': '[61, 27, 43, 59, 55, 46, 10, 24, 12, 60, 1, 22, 23, 19, 52, 29, 40, 50, 39, 37, 26, 0, 63, 49, 56, 35, 6, 17, 41, 33, 9, 25]'}}
1: {'thought': [6, 17, 22, 23, 24, 27, 33, 40, 41, 43, 46, 49, 52, 63], 'set1': '[34, 24, 6, 4, 11, 52, 45, 54, 27, 49, 63, 16, 1, 28, 44, 33, 20, 22, 2, 57, 3, 40, 23, 30, 7, 41, 8, 62, 43, 58, 17, 46]', 'set2': '[61, 27, 43, 59, 55, 46, 10, 24, 12, 60, 1, 22, 23, 19, 52, 29, 40, 50, 39, 37, 26, 0, 63, 49, 56, 35, 6, 17, 41, 33, 9, 25]'}
Edges:
(0, 1): {}


Step 1
========================
Action: score
Nodes: 1
Explanation: 


Graph state:
------------------------
Nodes:
0: {'thought': {'set1': '[34, 24, 6, 4, 11, 52, 45, 54, 27, 49, 63, 16, 1, 28, 44, 33, 20, 22, 2, 57, 3, 40, 23, 30, 7, 41, 8, 62, 43, 58, 17, 46]', 'set2': '[61, 27, 43, 59, 55, 46, 10, 24, 12, 60, 1, 22, 23, 19, 52, 29, 40, 50, 39, 37, 26, 0, 63, 49, 56, 35, 6, 17, 41, 33, 9, 25]'}}
1: {'thought': [6, 17, 22, 23, 24, 27, 33, 40, 41, 43, 46, 49, 52, 63], 'set1': '[34, 24, 6, 4, 11, 52, 45, 54, 27, 49, 63, 16, 1, 28, 44, 33, 20, 22, 2, 57, 3, 40, 23, 30, 7, 41, 8, 62, 43, 58, 17, 46]', 'set2': '[61, 27, 43, 59, 55, 46, 10, 24, 12, 60, 1, 22, 23, 19, 52, 29, 40, 50, 39, 37, 26, 0, 63, 49, 56, 35, 6, 17, 41, 33, 9, 25]', 'score': 1}
Edges:
(0, 1): {}


Step 2
========================
Action: groundtruth
Nodes: 1
Explanation: 


Graph state:
------------------------
Nodes:
0: {'thought': {'set1': '[34, 24, 6, 4, 11, 52, 45, 54, 27, 49, 63, 16, 1, 28, 44, 33, 20, 22, 2, 57, 3, 40, 23, 30, 7, 41, 8, 62, 43, 58, 17, 46]', 'set2': '[61, 27, 43, 59, 55, 46, 10, 24, 12, 60, 1, 22, 23, 19, 52, 29, 40, 50, 39, 37, 26, 0, 63, 49, 56, 35, 6, 17, 41, 33, 9, 25]'}}
1: {'thought': [6, 17, 22, 23, 24, 27, 33, 40, 41, 43, 46, 49, 52, 63], 'set1': '[34, 24, 6, 4, 11, 52, 45, 54, 27, 49, 63, 16, 1, 28, 44, 33, 20, 22, 2, 57, 3, 40, 23, 30, 7, 41, 8, 62, 43, 58, 17, 46]', 'set2': '[61, 27, 43, 59, 55, 46, 10, 24, 12, 60, 1, 22, 23, 19, 52, 29, 40, 50, 39, 37, 26, 0, 63, 49, 56, 35, 6, 17, 41, 33, 9, 25]', 'score': 1}
Edges:
(0, 1): {}

Result: failure
===============================
Solving problem 55/100
===============================

Step 0
========================
Action: cot
Nodes: 0
Explanation: 

Error: invalid syntax (<unknown>, line 1)
===============================
Solving problem 56/100
===============================

Step 0
========================
Action: cot
Nodes: 0
Explanation: 

Error: invalid syntax (<unknown>, line 1)
===============================
Solving problem 57/100
===============================

Step 0
========================
Action: cot
Nodes: 0
Explanation: 

Error: invalid syntax (<unknown>, line 1)
===============================
Solving problem 58/100
===============================

Step 0
========================
Action: cot
Nodes: 0
Explanation: 

Error: invalid syntax (<unknown>, line 1)
===============================
Solving problem 59/100
===============================

Step 0
========================
Action: cot
Nodes: 0
Explanation: 

Error: invalid syntax (<unknown>, line 1)
===============================
Solving problem 60/100
===============================

Step 0
========================
Action: cot
Nodes: 0
Explanation: 

Error: invalid syntax (<unknown>, line 1)
===============================
Solving problem 61/100
===============================

Step 0
========================
Action: cot
Nodes: 0
Explanation: 

Error: invalid syntax (<unknown>, line 1)
===============================
Solving problem 62/100
===============================

Step 0
========================
Action: cot
Nodes: 0
Explanation: 

Error: invalid syntax (<unknown>, line 1)
===============================
Solving problem 63/100
===============================

Step 0
========================
Action: cot
Nodes: 0
Explanation: 

Error: invalid syntax (<unknown>, line 1)
===============================
Solving problem 64/100
===============================

Step 0
========================
Action: cot
Nodes: 0
Explanation: 

Error: invalid syntax (<unknown>, line 1)
===============================
Solving problem 65/100
===============================

Step 0
========================
Action: cot
Nodes: 0
Explanation: 

Error: invalid syntax (<unknown>, line 1)
===============================
Solving problem 66/100
===============================

Step 0
========================
Action: cot
Nodes: 0
Explanation: 

Error: invalid syntax (<unknown>, line 1)
===============================
Solving problem 67/100
===============================

Step 0
========================
Action: cot
Nodes: 0
Explanation: 

Error: invalid syntax (<unknown>, line 1)
===============================
Solving problem 68/100
===============================

Step 0
========================
Action: cot
Nodes: 0
Explanation: 

Error: list index out of range
===============================
Solving problem 69/100
===============================

Step 0
========================
Action: cot
Nodes: 0
Explanation: 

Error: invalid syntax (<unknown>, line 3)
===============================
Solving problem 70/100
===============================

Step 0
========================
Action: cot
Nodes: 0
Explanation: 


Graph state:
------------------------
Nodes:
0: {'thought': {'set1': '[9, 22, 57, 5, 0, 10, 56, 20, 8, 23, 4, 3, 58, 50, 38, 18, 1, 14, 17, 40, 21, 11, 48, 36, 27, 31, 2, 30, 34, 37, 49, 7]', 'set2': '[41, 36, 45, 4, 6, 42, 30, 10, 33, 54, 44, 47, 18, 40, 27, 9, 2, 21, 49, 60, 34, 1, 5, 23, 50, 46, 57, 32, 22, 26, 7, 11]'}}
1: {'thought': [36, 4, 30, 10, 18, 40, 27, 9, 2, 21, 49, 34, 1, 5, 23, 50, 57, 22, 7, 11], 'set1': '[9, 22, 57, 5, 0, 10, 56, 20, 8, 23, 4, 3, 58, 50, 38, 18, 1, 14, 17, 40, 21, 11, 48, 36, 27, 31, 2, 30, 34, 37, 49, 7]', 'set2': '[41, 36, 45, 4, 6, 42, 30, 10, 33, 54, 44, 47, 18, 40, 27, 9, 2, 21, 49, 60, 34, 1, 5, 23, 50, 46, 57, 32, 22, 26, 7, 11]'}
Edges:
(0, 1): {}


Step 1
========================
Action: score
Nodes: 1
Explanation: 


Graph state:
------------------------
Nodes:
0: {'thought': {'set1': '[9, 22, 57, 5, 0, 10, 56, 20, 8, 23, 4, 3, 58, 50, 38, 18, 1, 14, 17, 40, 21, 11, 48, 36, 27, 31, 2, 30, 34, 37, 49, 7]', 'set2': '[41, 36, 45, 4, 6, 42, 30, 10, 33, 54, 44, 47, 18, 40, 27, 9, 2, 21, 49, 60, 34, 1, 5, 23, 50, 46, 57, 32, 22, 26, 7, 11]'}}
1: {'thought': [1, 2, 4, 5, 7, 9, 10, 11, 18, 21, 22, 23, 27, 30, 34, 36, 40, 49, 50, 57], 'set1': '[9, 22, 57, 5, 0, 10, 56, 20, 8, 23, 4, 3, 58, 50, 38, 18, 1, 14, 17, 40, 21, 11, 48, 36, 27, 31, 2, 30, 34, 37, 49, 7]', 'set2': '[41, 36, 45, 4, 6, 42, 30, 10, 33, 54, 44, 47, 18, 40, 27, 9, 2, 21, 49, 60, 34, 1, 5, 23, 50, 46, 57, 32, 22, 26, 7, 11]', 'score': 0}
Edges:
(0, 1): {}


Step 2
========================
Action: groundtruth
Nodes: 1
Explanation: 


Graph state:
------------------------
Nodes:
0: {'thought': {'set1': '[9, 22, 57, 5, 0, 10, 56, 20, 8, 23, 4, 3, 58, 50, 38, 18, 1, 14, 17, 40, 21, 11, 48, 36, 27, 31, 2, 30, 34, 37, 49, 7]', 'set2': '[41, 36, 45, 4, 6, 42, 30, 10, 33, 54, 44, 47, 18, 40, 27, 9, 2, 21, 49, 60, 34, 1, 5, 23, 50, 46, 57, 32, 22, 26, 7, 11]'}}
1: {'thought': [1, 2, 4, 5, 7, 9, 10, 11, 18, 21, 22, 23, 27, 30, 34, 36, 40, 49, 50, 57], 'set1': '[9, 22, 57, 5, 0, 10, 56, 20, 8, 23, 4, 3, 58, 50, 38, 18, 1, 14, 17, 40, 21, 11, 48, 36, 27, 31, 2, 30, 34, 37, 49, 7]', 'set2': '[41, 36, 45, 4, 6, 42, 30, 10, 33, 54, 44, 47, 18, 40, 27, 9, 2, 21, 49, 60, 34, 1, 5, 23, 50, 46, 57, 32, 22, 26, 7, 11]', 'score': 0}
Edges:
(0, 1): {}

Result: success
===============================
Solving problem 71/100
===============================

Step 0
========================
Action: cot
Nodes: 0
Explanation: 

Error: invalid syntax (<unknown>, line 1)
===============================
Solving problem 72/100
===============================

Step 0
========================
Action: cot
Nodes: 0
Explanation: 

Error: invalid syntax (<unknown>, line 1)
===============================
Solving problem 73/100
===============================

Step 0
========================
Action: cot
Nodes: 0
Explanation: 

Error: invalid syntax (<unknown>, line 1)
===============================
Solving problem 74/100
===============================

Step 0
========================
Action: cot
Nodes: 0
Explanation: 

Error: invalid syntax (<unknown>, line 1)
===============================
Solving problem 75/100
===============================

Step 0
========================
Action: cot
Nodes: 0
Explanation: 

Error: invalid syntax (<unknown>, line 1)
===============================
Solving problem 76/100
===============================

Step 0
========================
Action: cot
Nodes: 0
Explanation: 

Error: invalid syntax (<unknown>, line 1)
===============================
Solving problem 77/100
===============================

Step 0
========================
Action: cot
Nodes: 0
Explanation: 

Error: invalid syntax (<unknown>, line 1)
===============================
Solving problem 78/100
===============================

Step 0
========================
Action: cot
Nodes: 0
Explanation: 

Error: invalid syntax (<unknown>, line 2)
===============================
Solving problem 79/100
===============================

Step 0
========================
Action: cot
Nodes: 0
Explanation: 

Error: invalid syntax (<unknown>, line 1)
===============================
Solving problem 80/100
===============================

Step 0
========================
Action: cot
Nodes: 0
Explanation: 

Error: invalid syntax (<unknown>, line 1)
===============================
Solving problem 81/100
===============================

Step 0
========================
Action: cot
Nodes: 0
Explanation: 

Error: invalid syntax (<unknown>, line 1)
===============================
Solving problem 82/100
===============================

Step 0
========================
Action: cot
Nodes: 0
Explanation: 

Error: invalid syntax (<unknown>, line 1)
===============================
Solving problem 83/100
===============================

Step 0
========================
Action: cot
Nodes: 0
Explanation: 

Error: invalid syntax (<unknown>, line 1)
===============================
Solving problem 84/100
===============================

Step 0
========================
Action: cot
Nodes: 0
Explanation: 

Error: invalid syntax (<unknown>, line 1)
===============================
Solving problem 85/100
===============================

Step 0
========================
Action: cot
Nodes: 0
Explanation: 

Error: invalid syntax (<unknown>, line 1)
===============================
Solving problem 86/100
===============================

Step 0
========================
Action: cot
Nodes: 0
Explanation: 

Error: invalid syntax (<unknown>, line 1)
===============================
Solving problem 87/100
===============================

Step 0
========================
Action: cot
Nodes: 0
Explanation: 

Error: invalid syntax (<unknown>, line 1)
===============================
Solving problem 88/100
===============================

Step 0
========================
Action: cot
Nodes: 0
Explanation: 

Error: invalid syntax (<unknown>, line 1)
===============================
Solving problem 89/100
===============================

Step 0
========================
Action: cot
Nodes: 0
Explanation: 

Error: invalid syntax (<unknown>, line 1)
===============================
Solving problem 90/100
===============================

Step 0
========================
Action: cot
Nodes: 0
Explanation: 

Error: invalid syntax (<unknown>, line 1)
===============================
Solving problem 91/100
===============================

Step 0
========================
Action: cot
Nodes: 0
Explanation: 

Error: invalid syntax (<unknown>, line 1)
===============================
Solving problem 92/100
===============================

Step 0
========================
Action: cot
Nodes: 0
Explanation: 

Error: invalid decimal literal (<unknown>, line 12)
===============================
Solving problem 93/100
===============================

Step 0
========================
Action: cot
Nodes: 0
Explanation: 

Error: invalid syntax (<unknown>, line 1)
===============================
Solving problem 94/100
===============================

Step 0
========================
Action: cot
Nodes: 0
Explanation: 

Error: invalid syntax (<unknown>, line 1)
===============================
Solving problem 95/100
===============================

Step 0
========================
Action: cot
Nodes: 0
Explanation: 

Error: invalid syntax (<unknown>, line 1)
===============================
Solving problem 96/100
===============================

Step 0
========================
Action: cot
Nodes: 0
Explanation: 


Graph state:
------------------------
Nodes:
0: {'thought': {'set1': '[22, 41, 48, 14, 11, 34, 2, 16, 3, 6, 21, 56, 61, 29, 19, 52, 18, 38, 49, 15, 12, 43, 62, 50, 63, 46, 55, 28, 0, 30, 51, 27]', 'set2': '[5, 2, 11, 26, 30, 40, 49, 47, 62, 54, 4, 17, 60, 44, 61, 28, 18, 35, 39, 24, 37, 57, 8, 7, 20, 45, 10, 12, 25, 3, 38, 36]'}}
1: {'thought': [2, 11, 30, 49, 62, 61, 28, 18, 24, 12, 3, 38], 'set1': '[22, 41, 48, 14, 11, 34, 2, 16, 3, 6, 21, 56, 61, 29, 19, 52, 18, 38, 49, 15, 12, 43, 62, 50, 63, 46, 55, 28, 0, 30, 51, 27]', 'set2': '[5, 2, 11, 26, 30, 40, 49, 47, 62, 54, 4, 17, 60, 44, 61, 28, 18, 35, 39, 24, 37, 57, 8, 7, 20, 45, 10, 12, 25, 3, 38, 36]'}
Edges:
(0, 1): {}


Step 1
========================
Action: score
Nodes: 1
Explanation: 


Graph state:
------------------------
Nodes:
0: {'thought': {'set1': '[22, 41, 48, 14, 11, 34, 2, 16, 3, 6, 21, 56, 61, 29, 19, 52, 18, 38, 49, 15, 12, 43, 62, 50, 63, 46, 55, 28, 0, 30, 51, 27]', 'set2': '[5, 2, 11, 26, 30, 40, 49, 47, 62, 54, 4, 17, 60, 44, 61, 28, 18, 35, 39, 24, 37, 57, 8, 7, 20, 45, 10, 12, 25, 3, 38, 36]'}}
1: {'thought': [2, 3, 11, 12, 18, 24, 28, 30, 38, 49, 61, 62], 'set1': '[22, 41, 48, 14, 11, 34, 2, 16, 3, 6, 21, 56, 61, 29, 19, 52, 18, 38, 49, 15, 12, 43, 62, 50, 63, 46, 55, 28, 0, 30, 51, 27]', 'set2': '[5, 2, 11, 26, 30, 40, 49, 47, 62, 54, 4, 17, 60, 44, 61, 28, 18, 35, 39, 24, 37, 57, 8, 7, 20, 45, 10, 12, 25, 3, 38, 36]', 'score': 1}
Edges:
(0, 1): {}


Step 2
========================
Action: groundtruth
Nodes: 1
Explanation: 


Graph state:
------------------------
Nodes:
0: {'thought': {'set1': '[22, 41, 48, 14, 11, 34, 2, 16, 3, 6, 21, 56, 61, 29, 19, 52, 18, 38, 49, 15, 12, 43, 62, 50, 63, 46, 55, 28, 0, 30, 51, 27]', 'set2': '[5, 2, 11, 26, 30, 40, 49, 47, 62, 54, 4, 17, 60, 44, 61, 28, 18, 35, 39, 24, 37, 57, 8, 7, 20, 45, 10, 12, 25, 3, 38, 36]'}}
1: {'thought': [2, 3, 11, 12, 18, 24, 28, 30, 38, 49, 61, 62], 'set1': '[22, 41, 48, 14, 11, 34, 2, 16, 3, 6, 21, 56, 61, 29, 19, 52, 18, 38, 49, 15, 12, 43, 62, 50, 63, 46, 55, 28, 0, 30, 51, 27]', 'set2': '[5, 2, 11, 26, 30, 40, 49, 47, 62, 54, 4, 17, 60, 44, 61, 28, 18, 35, 39, 24, 37, 57, 8, 7, 20, 45, 10, 12, 25, 3, 38, 36]', 'score': 1}
Edges:
(0, 1): {}

Result: failure
===============================
Solving problem 97/100
===============================

Step 0
========================
Action: cot
Nodes: 0
Explanation: 

Error: invalid syntax (<unknown>, line 1)
===============================
Solving problem 98/100
===============================

Step 0
========================
Action: cot
Nodes: 0
Explanation: 

Error: invalid syntax (<unknown>, line 1)
===============================
Solving problem 99/100
===============================

Step 0
========================
Action: cot
Nodes: 0
Explanation: 

Error: invalid syntax (<unknown>, line 1)
===============================
Summary
===============================
Successes: 2
Failures: 98
--Return--
> /home/pedrogimenes/reasoning-agent/src/main.py(155)run()->None
-> breakpoint()
(Pdb) 