===============================
Solving problem 0/100
===============================

Step 0
========================
Action: cot
Nodes: 0
Explanation: 

Error: list index out of range
===============================
Solving problem 1/100
===============================

Step 0
========================
Action: cot
Nodes: 0
Explanation: 

Error: list index out of range
===============================
Solving problem 2/100
===============================

Step 0
========================
Action: cot
Nodes: 0
Explanation: 

Error: list index out of range
===============================
Solving problem 3/100
===============================

Step 0
========================
Action: cot
Nodes: 0
Explanation: 

Error: list index out of range
===============================
Solving problem 4/100
===============================

Step 0
========================
Action: cot
Nodes: 0
Explanation: 

Error: list index out of range
===============================
Solving problem 5/100
===============================

Step 0
========================
Action: cot
Nodes: 0
Explanation: 

Error: list index out of range
===============================
Solving problem 6/100
===============================

Step 0
========================
Action: cot
Nodes: 0
Explanation: 

Error: list index out of range
===============================
Solving problem 7/100
===============================

Step 0
========================
Action: cot
Nodes: 0
Explanation: 

Error: list index out of range
===============================
Solving problem 8/100
===============================

Step 0
========================
Action: cot
Nodes: 0
Explanation: 

Error: list index out of range
===============================
Solving problem 9/100
===============================

Step 0
========================
Action: cot
Nodes: 0
Explanation: 

Error: unterminated string literal (detected at line 1) (<unknown>, line 1)
===============================
Solving problem 10/100
===============================

Step 0
========================
Action: cot
Nodes: 0
Explanation: 

Error: list index out of range
===============================
Solving problem 11/100
===============================

Step 0
========================
Action: cot
Nodes: 0
Explanation: 

Error: list index out of range
===============================
Solving problem 12/100
===============================

Step 0
========================
Action: cot
Nodes: 0
Explanation: 

Error: list index out of range
===============================
Solving problem 13/100
===============================

Step 0
========================
Action: cot
Nodes: 0
Explanation: 

Error: list index out of range
===============================
Solving problem 14/100
===============================

Step 0
========================
Action: cot
Nodes: 0
Explanation: 

Error: list index out of range
===============================
Solving problem 15/100
===============================

Step 0
========================
Action: cot
Nodes: 0
Explanation: 

Error: list index out of range
===============================
Solving problem 16/100
===============================

Step 0
========================
Action: cot
Nodes: 0
Explanation: 

Error: list index out of range
===============================
Solving problem 17/100
===============================

Step 0
========================
Action: cot
Nodes: 0
Explanation: 

Error: list index out of range
===============================
Solving problem 18/100
===============================

Step 0
========================
Action: cot
Nodes: 0
Explanation: 

Error: list index out of range
===============================
Solving problem 19/100
===============================

Step 0
========================
Action: cot
Nodes: 0
Explanation: 

Error: list index out of range
===============================
Solving problem 20/100
===============================

Step 0
========================
Action: cot
Nodes: 0
Explanation: 


Graph state:
------------------------
Nodes:
0: {'thought': {'set1': '[8, 91, 14, 177, 25, 233, 95, 5, 166, 157, 80, 232, 114, 2, 187, 230, 74, 186, 92, 229, 33, 131, 161, 32, 31, 68, 127, 196, 171, 7, 222, 48, 113, 165, 59, 86, 141, 243, 96, 149, 181, 21, 146, 77, 81, 29, 200, 99, 122, 204, 40, 13, 198, 39, 94, 58, 47, 71, 102, 185, 223, 98, 88, 155, 97, 119, 49, 11, 61, 55, 132, 234, 135, 46, 116, 70, 138, 35, 192, 6, 208, 214, 199, 51, 150, 154, 103, 37, 241, 190, 43, 87, 160, 117, 26, 23, 101, 184, 17, 137, 189, 209, 175, 129, 56, 20, 89, 78, 44, 42, 125, 213, 227, 15, 140, 191, 179, 69, 124, 133, 93, 134, 105, 79, 254, 168, 130, 83]', 'set2': '[219, 23, 154, 109, 111, 99, 68, 187, 150, 241, 179, 166, 201, 220, 128, 31, 216, 81, 71, 63, 112, 67, 144, 181, 39, 238, 153, 191, 106, 196, 232, 0, 57, 157, 16, 91, 95, 80, 198, 158, 160, 192, 25, 48, 141, 59, 66, 180, 252, 228, 170, 124, 3, 113, 188, 182, 58, 172, 211, 247, 114, 240, 88, 45, 231, 225, 131, 69, 152, 34, 72, 130, 183, 121, 123, 4, 235, 35, 167, 50, 87, 138, 115, 92, 75, 205, 32, 155, 8, 210, 49, 173, 118, 119, 239, 202, 27, 215, 60, 133, 11, 104, 56, 37, 178, 229, 62, 40, 214, 47, 156, 46, 2, 105, 186, 185, 122, 206, 64, 253, 7, 107, 168, 129, 135, 255, 147, 190]'}}
1: {'thought': [31, 68, 187, 150, 241, 179, 166, 99, 23, 71, 196, 232, 81, 157, 91, 95, 80, 59, 48, 141, 25, 124, 113, 58, 114, 88, 172, 32, 157, 131, 69, 35, 92, 2, 7, 8], 'set1': '[8, 91, 14, 177, 25, 233, 95, 5, 166, 157, 80, 232, 114, 2, 187, 230, 74, 186, 92, 229, 33, 131, 161, 32, 31, 68, 127, 196, 171, 7, 222, 48, 113, 165, 59, 86, 141, 243, 96, 149, 181, 21, 146, 77, 81, 29, 200, 99, 122, 204, 40, 13, 198, 39, 94, 58, 47, 71, 102, 185, 223, 98, 88, 155, 97, 119, 49, 11, 61, 55, 132, 234, 135, 46, 116, 70, 138, 35, 192, 6, 208, 214, 199, 51, 150, 154, 103, 37, 241, 190, 43, 87, 160, 117, 26, 23, 101, 184, 17, 137, 189, 209, 175, 129, 56, 20, 89, 78, 44, 42, 125, 213, 227, 15, 140, 191, 179, 69, 124, 133, 93, 134, 105, 79, 254, 168, 130, 83]', 'set2': '[219, 23, 154, 109, 111, 99, 68, 187, 150, 241, 179, 166, 201, 220, 128, 31, 216, 81, 71, 63, 112, 67, 144, 181, 39, 238, 153, 191, 106, 196, 232, 0, 57, 157, 16, 91, 95, 80, 198, 158, 160, 192, 25, 48, 141, 59, 66, 180, 252, 228, 170, 124, 3, 113, 188, 182, 58, 172, 211, 247, 114, 240, 88, 45, 231, 225, 131, 69, 152, 34, 72, 130, 183, 121, 123, 4, 235, 35, 167, 50, 87, 138, 115, 92, 75, 205, 32, 155, 8, 210, 49, 173, 118, 119, 239, 202, 27, 215, 60, 133, 11, 104, 56, 37, 178, 229, 62, 40, 214, 47, 156, 46, 2, 105, 186, 185, 122, 206, 64, 253, 7, 107, 168, 129, 135, 255, 147, 190]'}
Edges:
(0, 1): {}


Step 1
========================
Action: score
Nodes: 1
Explanation: 


Graph state:
------------------------
Nodes:
0: {'thought': {'set1': '[8, 91, 14, 177, 25, 233, 95, 5, 166, 157, 80, 232, 114, 2, 187, 230, 74, 186, 92, 229, 33, 131, 161, 32, 31, 68, 127, 196, 171, 7, 222, 48, 113, 165, 59, 86, 141, 243, 96, 149, 181, 21, 146, 77, 81, 29, 200, 99, 122, 204, 40, 13, 198, 39, 94, 58, 47, 71, 102, 185, 223, 98, 88, 155, 97, 119, 49, 11, 61, 55, 132, 234, 135, 46, 116, 70, 138, 35, 192, 6, 208, 214, 199, 51, 150, 154, 103, 37, 241, 190, 43, 87, 160, 117, 26, 23, 101, 184, 17, 137, 189, 209, 175, 129, 56, 20, 89, 78, 44, 42, 125, 213, 227, 15, 140, 191, 179, 69, 124, 133, 93, 134, 105, 79, 254, 168, 130, 83]', 'set2': '[219, 23, 154, 109, 111, 99, 68, 187, 150, 241, 179, 166, 201, 220, 128, 31, 216, 81, 71, 63, 112, 67, 144, 181, 39, 238, 153, 191, 106, 196, 232, 0, 57, 157, 16, 91, 95, 80, 198, 158, 160, 192, 25, 48, 141, 59, 66, 180, 252, 228, 170, 124, 3, 113, 188, 182, 58, 172, 211, 247, 114, 240, 88, 45, 231, 225, 131, 69, 152, 34, 72, 130, 183, 121, 123, 4, 235, 35, 167, 50, 87, 138, 115, 92, 75, 205, 32, 155, 8, 210, 49, 173, 118, 119, 239, 202, 27, 215, 60, 133, 11, 104, 56, 37, 178, 229, 62, 40, 214, 47, 156, 46, 2, 105, 186, 185, 122, 206, 64, 253, 7, 107, 168, 129, 135, 255, 147, 190]'}}
1: {'thought': [2, 7, 8, 23, 25, 31, 32, 35, 48, 58, 59, 68, 69, 71, 80, 81, 88, 91, 92, 95, 99, 113, 114, 124, 131, 141, 150, 157, 157, 166, 172, 179, 187, 196, 232, 241], 'set1': '[8, 91, 14, 177, 25, 233, 95, 5, 166, 157, 80, 232, 114, 2, 187, 230, 74, 186, 92, 229, 33, 131, 161, 32, 31, 68, 127, 196, 171, 7, 222, 48, 113, 165, 59, 86, 141, 243, 96, 149, 181, 21, 146, 77, 81, 29, 200, 99, 122, 204, 40, 13, 198, 39, 94, 58, 47, 71, 102, 185, 223, 98, 88, 155, 97, 119, 49, 11, 61, 55, 132, 234, 135, 46, 116, 70, 138, 35, 192, 6, 208, 214, 199, 51, 150, 154, 103, 37, 241, 190, 43, 87, 160, 117, 26, 23, 101, 184, 17, 137, 189, 209, 175, 129, 56, 20, 89, 78, 44, 42, 125, 213, 227, 15, 140, 191, 179, 69, 124, 133, 93, 134, 105, 79, 254, 168, 130, 83]', 'set2': '[219, 23, 154, 109, 111, 99, 68, 187, 150, 241, 179, 166, 201, 220, 128, 31, 216, 81, 71, 63, 112, 67, 144, 181, 39, 238, 153, 191, 106, 196, 232, 0, 57, 157, 16, 91, 95, 80, 198, 158, 160, 192, 25, 48, 141, 59, 66, 180, 252, 228, 170, 124, 3, 113, 188, 182, 58, 172, 211, 247, 114, 240, 88, 45, 231, 225, 131, 69, 152, 34, 72, 130, 183, 121, 123, 4, 235, 35, 167, 50, 87, 138, 115, 92, 75, 205, 32, 155, 8, 210, 49, 173, 118, 119, 239, 202, 27, 215, 60, 133, 11, 104, 56, 37, 178, 229, 62, 40, 214, 47, 156, 46, 2, 105, 186, 185, 122, 206, 64, 253, 7, 107, 168, 129, 135, 255, 147, 190]', 'score': 32}
Edges:
(0, 1): {}


Step 2
========================
Action: groundtruth
Nodes: 1
Explanation: 


Graph state:
------------------------
Nodes:
0: {'thought': {'set1': '[8, 91, 14, 177, 25, 233, 95, 5, 166, 157, 80, 232, 114, 2, 187, 230, 74, 186, 92, 229, 33, 131, 161, 32, 31, 68, 127, 196, 171, 7, 222, 48, 113, 165, 59, 86, 141, 243, 96, 149, 181, 21, 146, 77, 81, 29, 200, 99, 122, 204, 40, 13, 198, 39, 94, 58, 47, 71, 102, 185, 223, 98, 88, 155, 97, 119, 49, 11, 61, 55, 132, 234, 135, 46, 116, 70, 138, 35, 192, 6, 208, 214, 199, 51, 150, 154, 103, 37, 241, 190, 43, 87, 160, 117, 26, 23, 101, 184, 17, 137, 189, 209, 175, 129, 56, 20, 89, 78, 44, 42, 125, 213, 227, 15, 140, 191, 179, 69, 124, 133, 93, 134, 105, 79, 254, 168, 130, 83]', 'set2': '[219, 23, 154, 109, 111, 99, 68, 187, 150, 241, 179, 166, 201, 220, 128, 31, 216, 81, 71, 63, 112, 67, 144, 181, 39, 238, 153, 191, 106, 196, 232, 0, 57, 157, 16, 91, 95, 80, 198, 158, 160, 192, 25, 48, 141, 59, 66, 180, 252, 228, 170, 124, 3, 113, 188, 182, 58, 172, 211, 247, 114, 240, 88, 45, 231, 225, 131, 69, 152, 34, 72, 130, 183, 121, 123, 4, 235, 35, 167, 50, 87, 138, 115, 92, 75, 205, 32, 155, 8, 210, 49, 173, 118, 119, 239, 202, 27, 215, 60, 133, 11, 104, 56, 37, 178, 229, 62, 40, 214, 47, 156, 46, 2, 105, 186, 185, 122, 206, 64, 253, 7, 107, 168, 129, 135, 255, 147, 190]'}}
1: {'thought': [2, 7, 8, 23, 25, 31, 32, 35, 48, 58, 59, 68, 69, 71, 80, 81, 88, 91, 92, 95, 99, 113, 114, 124, 131, 141, 150, 157, 157, 166, 172, 179, 187, 196, 232, 241], 'set1': '[8, 91, 14, 177, 25, 233, 95, 5, 166, 157, 80, 232, 114, 2, 187, 230, 74, 186, 92, 229, 33, 131, 161, 32, 31, 68, 127, 196, 171, 7, 222, 48, 113, 165, 59, 86, 141, 243, 96, 149, 181, 21, 146, 77, 81, 29, 200, 99, 122, 204, 40, 13, 198, 39, 94, 58, 47, 71, 102, 185, 223, 98, 88, 155, 97, 119, 49, 11, 61, 55, 132, 234, 135, 46, 116, 70, 138, 35, 192, 6, 208, 214, 199, 51, 150, 154, 103, 37, 241, 190, 43, 87, 160, 117, 26, 23, 101, 184, 17, 137, 189, 209, 175, 129, 56, 20, 89, 78, 44, 42, 125, 213, 227, 15, 140, 191, 179, 69, 124, 133, 93, 134, 105, 79, 254, 168, 130, 83]', 'set2': '[219, 23, 154, 109, 111, 99, 68, 187, 150, 241, 179, 166, 201, 220, 128, 31, 216, 81, 71, 63, 112, 67, 144, 181, 39, 238, 153, 191, 106, 196, 232, 0, 57, 157, 16, 91, 95, 80, 198, 158, 160, 192, 25, 48, 141, 59, 66, 180, 252, 228, 170, 124, 3, 113, 188, 182, 58, 172, 211, 247, 114, 240, 88, 45, 231, 225, 131, 69, 152, 34, 72, 130, 183, 121, 123, 4, 235, 35, 167, 50, 87, 138, 115, 92, 75, 205, 32, 155, 8, 210, 49, 173, 118, 119, 239, 202, 27, 215, 60, 133, 11, 104, 56, 37, 178, 229, 62, 40, 214, 47, 156, 46, 2, 105, 186, 185, 122, 206, 64, 253, 7, 107, 168, 129, 135, 255, 147, 190]', 'score': 32}
Edges:
(0, 1): {}

Result: failure
===============================
Solving problem 21/100
===============================

Step 0
========================
Action: cot
Nodes: 0
Explanation: 

Error: list index out of range
===============================
Solving problem 22/100
===============================

Step 0
========================
Action: cot
Nodes: 0
Explanation: 

Error: list index out of range
===============================
Solving problem 23/100
===============================

Step 0
========================
Action: cot
Nodes: 0
Explanation: 

Error: list index out of range
===============================
Solving problem 24/100
===============================

Step 0
========================
Action: cot
Nodes: 0
Explanation: 

Error: list index out of range
===============================
Solving problem 25/100
===============================

Step 0
========================
Action: cot
Nodes: 0
Explanation: 

Error: list index out of range
===============================
Solving problem 26/100
===============================

Step 0
========================
Action: cot
Nodes: 0
Explanation: 

Error: list index out of range
===============================
Solving problem 27/100
===============================

Step 0
========================
Action: cot
Nodes: 0
Explanation: 

Error: list index out of range
===============================
Solving problem 28/100
===============================

Step 0
========================
Action: cot
Nodes: 0
Explanation: 

Error: list index out of range
===============================
Solving problem 29/100
===============================

Step 0
========================
Action: cot
Nodes: 0
Explanation: 

Error: list index out of range
===============================
Solving problem 30/100
===============================

Step 0
========================
Action: cot
Nodes: 0
Explanation: 

Error: list index out of range
===============================
Solving problem 31/100
===============================

Step 0
========================
Action: cot
Nodes: 0
Explanation: 

Error: list index out of range
===============================
Solving problem 32/100
===============================

Step 0
========================
Action: cot
Nodes: 0
Explanation: 

Error: list index out of range
===============================
Solving problem 33/100
===============================

Step 0
========================
Action: cot
Nodes: 0
Explanation: 

Error: list index out of range
===============================
Solving problem 34/100
===============================

Step 0
========================
Action: cot
Nodes: 0
Explanation: 

Error: list index out of range
===============================
Solving problem 35/100
===============================

Step 0
========================
Action: cot
Nodes: 0
Explanation: 

Error: list index out of range
===============================
Solving problem 36/100
===============================

Step 0
========================
Action: cot
Nodes: 0
Explanation: 

Error: unterminated string literal (detected at line 1) (<unknown>, line 1)
===============================
Solving problem 37/100
===============================

Step 0
========================
Action: cot
Nodes: 0
Explanation: 

Error: list index out of range
===============================
Solving problem 38/100
===============================

Step 0
========================
Action: cot
Nodes: 0
Explanation: 

Error: list index out of range
===============================
Solving problem 39/100
===============================

Step 0
========================
Action: cot
Nodes: 0
Explanation: 

Error: list index out of range
===============================
Solving problem 40/100
===============================

Step 0
========================
Action: cot
Nodes: 0
Explanation: 

Error: list index out of range
===============================
Solving problem 41/100
===============================

Step 0
========================
Action: cot
Nodes: 0
Explanation: 

Error: list index out of range
===============================
Solving problem 42/100
===============================

Step 0
========================
Action: cot
Nodes: 0
Explanation: 

Error: list index out of range
===============================
Solving problem 43/100
===============================

Step 0
========================
Action: cot
Nodes: 0
Explanation: 

Error: list index out of range
===============================
Solving problem 44/100
===============================

Step 0
========================
Action: cot
Nodes: 0
Explanation: 

Error: list index out of range
===============================
Solving problem 45/100
===============================

Step 0
========================
Action: cot
Nodes: 0
Explanation: 

Error: unterminated string literal (detected at line 1) (<unknown>, line 1)
===============================
Solving problem 46/100
===============================

Step 0
========================
Action: cot
Nodes: 0
Explanation: 

Error: list index out of range
===============================
Solving problem 47/100
===============================

Step 0
========================
Action: cot
Nodes: 0
Explanation: 

Error: list index out of range
===============================
Solving problem 48/100
===============================

Step 0
========================
Action: cot
Nodes: 0
Explanation: 

Error: unterminated string literal (detected at line 1) (<unknown>, line 1)
===============================
Solving problem 49/100
===============================

Step 0
========================
Action: cot
Nodes: 0
Explanation: 

Error: list index out of range
===============================
Solving problem 50/100
===============================

Step 0
========================
Action: cot
Nodes: 0
Explanation: 

Error: list index out of range
===============================
Solving problem 51/100
===============================

Step 0
========================
Action: cot
Nodes: 0
Explanation: 

Error: list index out of range
===============================
Solving problem 52/100
===============================

Step 0
========================
Action: cot
Nodes: 0
Explanation: 

Error: list index out of range
===============================
Solving problem 53/100
===============================

Step 0
========================
Action: cot
Nodes: 0
Explanation: 

Error: list index out of range
===============================
Solving problem 54/100
===============================

Step 0
========================
Action: cot
Nodes: 0
Explanation: 

Error: list index out of range
===============================
Solving problem 55/100
===============================

Step 0
========================
Action: cot
Nodes: 0
Explanation: 

Error: unterminated string literal (detected at line 1) (<unknown>, line 1)
===============================
Solving problem 56/100
===============================

Step 0
========================
Action: cot
Nodes: 0
Explanation: 

Error: invalid syntax (<unknown>, line 3)
===============================
Solving problem 57/100
===============================

Step 0
========================
Action: cot
Nodes: 0
Explanation: 

Error: list index out of range
===============================
Solving problem 58/100
===============================

Step 0
========================
Action: cot
Nodes: 0
Explanation: 

Error: list index out of range
===============================
Solving problem 59/100
===============================

Step 0
========================
Action: cot
Nodes: 0
Explanation: 

Error: '[' was never closed (<unknown>, line 1)
===============================
Solving problem 60/100
===============================

Step 0
========================
Action: cot
Nodes: 0
Explanation: 

Error: list index out of range
===============================
Solving problem 61/100
===============================

Step 0
========================
Action: cot
Nodes: 0
Explanation: 

Error: list index out of range
===============================
Solving problem 62/100
===============================

Step 0
========================
Action: cot
Nodes: 0
Explanation: 

Error: list index out of range
===============================
Solving problem 63/100
===============================

Step 0
========================
Action: cot
Nodes: 0
Explanation: 

Error: list index out of range
===============================
Solving problem 64/100
===============================

Step 0
========================
Action: cot
Nodes: 0
Explanation: 

Error: invalid syntax (<unknown>, line 0)
===============================
Solving problem 65/100
===============================

Step 0
========================
Action: cot
Nodes: 0
Explanation: 

Error: list index out of range
===============================
Solving problem 66/100
===============================

Step 0
========================
Action: cot
Nodes: 0
Explanation: 

Error: list index out of range
===============================
Solving problem 67/100
===============================

Step 0
========================
Action: cot
Nodes: 0
Explanation: 

Error: list index out of range
===============================
Solving problem 68/100
===============================

Step 0
========================
Action: cot
Nodes: 0
Explanation: 

Error: list index out of range
===============================
Solving problem 69/100
===============================

Step 0
========================
Action: cot
Nodes: 0
Explanation: 

Error: list index out of range
===============================
Solving problem 70/100
===============================

Step 0
========================
Action: cot
Nodes: 0
Explanation: 

Error: list index out of range
===============================
Solving problem 71/100
===============================

Step 0
========================
Action: cot
Nodes: 0
Explanation: 

Error: list index out of range
===============================
Solving problem 72/100
===============================

Step 0
========================
Action: cot
Nodes: 0
Explanation: 

Error: list index out of range
===============================
Solving problem 73/100
===============================

Step 0
========================
Action: cot
Nodes: 0
Explanation: 

Error: list index out of range
===============================
Solving problem 74/100
===============================

Step 0
========================
Action: cot
Nodes: 0
Explanation: 

Error: list index out of range
===============================
Solving problem 75/100
===============================

Step 0
========================
Action: cot
Nodes: 0
Explanation: 

Error: list index out of range
===============================
Solving problem 76/100
===============================

Step 0
========================
Action: cot
Nodes: 0
Explanation: 

Error: list index out of range
===============================
Solving problem 77/100
===============================

Step 0
========================
Action: cot
Nodes: 0
Explanation: 

Error: list index out of range
===============================
Solving problem 78/100
===============================

Step 0
========================
Action: cot
Nodes: 0
Explanation: 

Error: list index out of range
===============================
Solving problem 79/100
===============================

Step 0
========================
Action: cot
Nodes: 0
Explanation: 

Error: list index out of range
===============================
Solving problem 80/100
===============================

Step 0
========================
Action: cot
Nodes: 0
Explanation: 

Error: list index out of range
===============================
Solving problem 81/100
===============================

Step 0
========================
Action: cot
Nodes: 0
Explanation: 

Error: list index out of range
===============================
Solving problem 82/100
===============================

Step 0
========================
Action: cot
Nodes: 0
Explanation: 

Error: list index out of range
===============================
Solving problem 83/100
===============================

Step 0
========================
Action: cot
Nodes: 0
Explanation: 

Error: list index out of range
===============================
Solving problem 84/100
===============================

Step 0
========================
Action: cot
Nodes: 0
Explanation: 

Error: list index out of range
===============================
Solving problem 85/100
===============================

Step 0
========================
Action: cot
Nodes: 0
Explanation: 

Error: list index out of range
===============================
Solving problem 86/100
===============================

Step 0
========================
Action: cot
Nodes: 0
Explanation: 

Error: list index out of range
===============================
Solving problem 87/100
===============================

Step 0
========================
Action: cot
Nodes: 0
Explanation: 

Error: list index out of range
===============================
Solving problem 88/100
===============================

Step 0
========================
Action: cot
Nodes: 0
Explanation: 

Error: list index out of range
===============================
Solving problem 89/100
===============================

Step 0
========================
Action: cot
Nodes: 0
Explanation: 

Error: list index out of range
===============================
Solving problem 90/100
===============================

Step 0
========================
Action: cot
Nodes: 0
Explanation: 

Error: list index out of range
===============================
Solving problem 91/100
===============================

Step 0
========================
Action: cot
Nodes: 0
Explanation: 

Error: list index out of range
===============================
Solving problem 92/100
===============================

Step 0
========================
Action: cot
Nodes: 0
Explanation: 

Error: list index out of range
===============================
Solving problem 93/100
===============================

Step 0
========================
Action: cot
Nodes: 0
Explanation: 

Error: unterminated string literal (detected at line 1) (<unknown>, line 1)
===============================
Solving problem 94/100
===============================

Step 0
========================
Action: cot
Nodes: 0
Explanation: 

Error: list index out of range
===============================
Solving problem 95/100
===============================

Step 0
========================
Action: cot
Nodes: 0
Explanation: 

Error: list index out of range
===============================
Solving problem 96/100
===============================

Step 0
========================
Action: cot
Nodes: 0
Explanation: 

Error: list index out of range
===============================
Solving problem 97/100
===============================

Step 0
========================
Action: cot
Nodes: 0
Explanation: 

Error: list index out of range
===============================
Solving problem 98/100
===============================

Step 0
========================
Action: cot
Nodes: 0
Explanation: 

Error: list index out of range
===============================
Solving problem 99/100
===============================

Step 0
========================
Action: cot
Nodes: 0
Explanation: 

Error: list index out of range
===============================
Summary
===============================
Successes: 0
Failures: 100
--Return--
> /home/user/reasoning-agent/src/main.py(155)run()->None
-> breakpoint()
(Pdb) 