===============================
Solving problem 0/100
===============================

Step 0
========================
Action: intersect
Nodes: ['0', '0', '0', '0', '0', '0', '0', '0', '0', '0']
Explanation: 


Graph state:
------------------------
Nodes:
0: {'thought': {'set1': '[11, 60, 1, 49, 21, 33, 14, 56, 54, 15, 23, 40, 45, 22, 7, 28, 20, 46, 51, 6, 34, 37, 3, 50, 17, 8, 25, 0, 35, 47, 18, 19]', 'set2': '[31, 11, 4, 63, 38, 58, 59, 24, 61, 14, 32, 39, 27, 46, 48, 19, 52, 57, 50, 56, 3, 2, 53, 29, 5, 37, 62, 41, 36, 12, 49, 16]'}}
1: {'thought': '[11, 49, 14, 50, 56, 46, 37, 3, 19]', 'set1': '[11, 60, 1, 49, 21, 33, 14, 56, 54, 15, 23, 40, 45, 22, 7, 28, 20, 46, 51, 6, 34, 37, 3, 50, 17, 8, 25, 0, 35, 47, 18, 19]', 'set2': '[31, 11, 4, 63, 38, 58, 59, 24, 61, 14, 32, 39, 27, 46, 48, 19, 52, 57, 50, 56, 3, 2, 53, 29, 5, 37, 62, 41, 36, 12, 49, 16]'}
2: {'thought': '[50, 11, 46, 14, 19, 56, 37, 3]', 'set1': '[11, 60, 1, 49, 21, 33, 14, 56, 54, 15, 23, 40, 45, 22, 7, 28, 20, 46, 51, 6, 34, 37, 3, 50, 17, 8, 25, 0, 35, 47, 18, 19]', 'set2': '[31, 11, 4, 63, 38, 58, 59, 24, 61, 14, 32, 39, 27, 46, 48, 19, 52, 57, 50, 56, 3, 2, 53, 29, 5, 37, 62, 41, 36, 12, 49, 16]'}
3: {'thought': '[11, 14, 46, 50, 56, 3, 37, 19]', 'set1': '[11, 60, 1, 49, 21, 33, 14, 56, 54, 15, 23, 40, 45, 22, 7, 28, 20, 46, 51, 6, 34, 37, 3, 50, 17, 8, 25, 0, 35, 47, 18, 19]', 'set2': '[31, 11, 4, 63, 38, 58, 59, 24, 61, 14, 32, 39, 27, 46, 48, 19, 52, 57, 50, 56, 3, 2, 53, 29, 5, 37, 62, 41, 36, 12, 49, 16]'}
4: {'thought': '[11, 14, 46, 56, 50, 3, 19, 37]', 'set1': '[11, 60, 1, 49, 21, 33, 14, 56, 54, 15, 23, 40, 45, 22, 7, 28, 20, 46, 51, 6, 34, 37, 3, 50, 17, 8, 25, 0, 35, 47, 18, 19]', 'set2': '[31, 11, 4, 63, 38, 58, 59, 24, 61, 14, 32, 39, 27, 46, 48, 19, 52, 57, 50, 56, 3, 2, 53, 29, 5, 37, 62, 41, 36, 12, 49, 16]'}
5: {'thought': '[11, 14, 46, 50, 56, 3, 37, 19]', 'set1': '[11, 60, 1, 49, 21, 33, 14, 56, 54, 15, 23, 40, 45, 22, 7, 28, 20, 46, 51, 6, 34, 37, 3, 50, 17, 8, 25, 0, 35, 47, 18, 19]', 'set2': '[31, 11, 4, 63, 38, 58, 59, 24, 61, 14, 32, 39, 27, 46, 48, 19, 52, 57, 50, 56, 3, 2, 53, 29, 5, 37, 62, 41, 36, 12, 49, 16]'}
6: {'thought': '[11, 14, 46, 50, 56, 19, 3, 37, 49]', 'set1': '[11, 60, 1, 49, 21, 33, 14, 56, 54, 15, 23, 40, 45, 22, 7, 28, 20, 46, 51, 6, 34, 37, 3, 50, 17, 8, 25, 0, 35, 47, 18, 19]', 'set2': '[31, 11, 4, 63, 38, 58, 59, 24, 61, 14, 32, 39, 27, 46, 48, 19, 52, 57, 50, 56, 3, 2, 53, 29, 5, 37, 62, 41, 36, 12, 49, 16]'}
7: {'thought': '[11, 14, 46, 19, 50, 3, 56, 37]', 'set1': '[11, 60, 1, 49, 21, 33, 14, 56, 54, 15, 23, 40, 45, 22, 7, 28, 20, 46, 51, 6, 34, 37, 3, 50, 17, 8, 25, 0, 35, 47, 18, 19]', 'set2': '[31, 11, 4, 63, 38, 58, 59, 24, 61, 14, 32, 39, 27, 46, 48, 19, 52, 57, 50, 56, 3, 2, 53, 29, 5, 37, 62, 41, 36, 12, 49, 16]'}
8: {'thought': '[50, 19, 46, 37, 14, 56, 11, 3]', 'set1': '[11, 60, 1, 49, 21, 33, 14, 56, 54, 15, 23, 40, 45, 22, 7, 28, 20, 46, 51, 6, 34, 37, 3, 50, 17, 8, 25, 0, 35, 47, 18, 19]', 'set2': '[31, 11, 4, 63, 38, 58, 59, 24, 61, 14, 32, 39, 27, 46, 48, 19, 52, 57, 50, 56, 3, 2, 53, 29, 5, 37, 62, 41, 36, 12, 49, 16]'}
9: {'thought': '[11, 14, 46, 50, 56, 3, 19, 37, 49]', 'set1': '[11, 60, 1, 49, 21, 33, 14, 56, 54, 15, 23, 40, 45, 22, 7, 28, 20, 46, 51, 6, 34, 37, 3, 50, 17, 8, 25, 0, 35, 47, 18, 19]', 'set2': '[31, 11, 4, 63, 38, 58, 59, 24, 61, 14, 32, 39, 27, 46, 48, 19, 52, 57, 50, 56, 3, 2, 53, 29, 5, 37, 62, 41, 36, 12, 49, 16]'}
10: {'thought': '[11, 14, 46, 19, 56, 50, 3, 37]', 'set1': '[11, 60, 1, 49, 21, 33, 14, 56, 54, 15, 23, 40, 45, 22, 7, 28, 20, 46, 51, 6, 34, 37, 3, 50, 17, 8, 25, 0, 35, 47, 18, 19]', 'set2': '[31, 11, 4, 63, 38, 58, 59, 24, 61, 14, 32, 39, 27, 46, 48, 19, 52, 57, 50, 56, 3, 2, 53, 29, 5, 37, 62, 41, 36, 12, 49, 16]'}
Edges:
(0, 1): {}
(0, 2): {}
(0, 3): {}
(0, 4): {}
(0, 5): {}
(0, 6): {}
(0, 7): {}
(0, 8): {}
(0, 9): {}
(0, 10): {}


Step 1
========================
Action: score
Nodes: ['1', '2', '3', '4', '5', '6', '7', '8', '9', '10']
Explanation: 


Graph state:
------------------------
Nodes:
0: {'thought': {'set1': '[11, 60, 1, 49, 21, 33, 14, 56, 54, 15, 23, 40, 45, 22, 7, 28, 20, 46, 51, 6, 34, 37, 3, 50, 17, 8, 25, 0, 35, 47, 18, 19]', 'set2': '[31, 11, 4, 63, 38, 58, 59, 24, 61, 14, 32, 39, 27, 46, 48, 19, 52, 57, 50, 56, 3, 2, 53, 29, 5, 37, 62, 41, 36, 12, 49, 16]'}}
1: {'thought': '[11, 49, 14, 50, 56, 46, 37, 3, 19]', 'set1': '[11, 60, 1, 49, 21, 33, 14, 56, 54, 15, 23, 40, 45, 22, 7, 28, 20, 46, 51, 6, 34, 37, 3, 50, 17, 8, 25, 0, 35, 47, 18, 19]', 'set2': '[31, 11, 4, 63, 38, 58, 59, 24, 61, 14, 32, 39, 27, 46, 48, 19, 52, 57, 50, 56, 3, 2, 53, 29, 5, 37, 62, 41, 36, 12, 49, 16]', 'score': 0}
2: {'thought': '[50, 11, 46, 14, 19, 56, 37, 3]', 'set1': '[11, 60, 1, 49, 21, 33, 14, 56, 54, 15, 23, 40, 45, 22, 7, 28, 20, 46, 51, 6, 34, 37, 3, 50, 17, 8, 25, 0, 35, 47, 18, 19]', 'set2': '[31, 11, 4, 63, 38, 58, 59, 24, 61, 14, 32, 39, 27, 46, 48, 19, 52, 57, 50, 56, 3, 2, 53, 29, 5, 37, 62, 41, 36, 12, 49, 16]', 'score': 1}
3: {'thought': '[11, 14, 46, 50, 56, 3, 37, 19]', 'set1': '[11, 60, 1, 49, 21, 33, 14, 56, 54, 15, 23, 40, 45, 22, 7, 28, 20, 46, 51, 6, 34, 37, 3, 50, 17, 8, 25, 0, 35, 47, 18, 19]', 'set2': '[31, 11, 4, 63, 38, 58, 59, 24, 61, 14, 32, 39, 27, 46, 48, 19, 52, 57, 50, 56, 3, 2, 53, 29, 5, 37, 62, 41, 36, 12, 49, 16]', 'score': 1}
4: {'thought': '[11, 14, 46, 56, 50, 3, 19, 37]', 'set1': '[11, 60, 1, 49, 21, 33, 14, 56, 54, 15, 23, 40, 45, 22, 7, 28, 20, 46, 51, 6, 34, 37, 3, 50, 17, 8, 25, 0, 35, 47, 18, 19]', 'set2': '[31, 11, 4, 63, 38, 58, 59, 24, 61, 14, 32, 39, 27, 46, 48, 19, 52, 57, 50, 56, 3, 2, 53, 29, 5, 37, 62, 41, 36, 12, 49, 16]', 'score': 1}
5: {'thought': '[11, 14, 46, 50, 56, 3, 37, 19]', 'set1': '[11, 60, 1, 49, 21, 33, 14, 56, 54, 15, 23, 40, 45, 22, 7, 28, 20, 46, 51, 6, 34, 37, 3, 50, 17, 8, 25, 0, 35, 47, 18, 19]', 'set2': '[31, 11, 4, 63, 38, 58, 59, 24, 61, 14, 32, 39, 27, 46, 48, 19, 52, 57, 50, 56, 3, 2, 53, 29, 5, 37, 62, 41, 36, 12, 49, 16]', 'score': 1}
6: {'thought': '[11, 14, 46, 50, 56, 19, 3, 37, 49]', 'set1': '[11, 60, 1, 49, 21, 33, 14, 56, 54, 15, 23, 40, 45, 22, 7, 28, 20, 46, 51, 6, 34, 37, 3, 50, 17, 8, 25, 0, 35, 47, 18, 19]', 'set2': '[31, 11, 4, 63, 38, 58, 59, 24, 61, 14, 32, 39, 27, 46, 48, 19, 52, 57, 50, 56, 3, 2, 53, 29, 5, 37, 62, 41, 36, 12, 49, 16]', 'score': 0}
7: {'thought': '[11, 14, 46, 19, 50, 3, 56, 37]', 'set1': '[11, 60, 1, 49, 21, 33, 14, 56, 54, 15, 23, 40, 45, 22, 7, 28, 20, 46, 51, 6, 34, 37, 3, 50, 17, 8, 25, 0, 35, 47, 18, 19]', 'set2': '[31, 11, 4, 63, 38, 58, 59, 24, 61, 14, 32, 39, 27, 46, 48, 19, 52, 57, 50, 56, 3, 2, 53, 29, 5, 37, 62, 41, 36, 12, 49, 16]', 'score': 1}
8: {'thought': '[50, 19, 46, 37, 14, 56, 11, 3]', 'set1': '[11, 60, 1, 49, 21, 33, 14, 56, 54, 15, 23, 40, 45, 22, 7, 28, 20, 46, 51, 6, 34, 37, 3, 50, 17, 8, 25, 0, 35, 47, 18, 19]', 'set2': '[31, 11, 4, 63, 38, 58, 59, 24, 61, 14, 32, 39, 27, 46, 48, 19, 52, 57, 50, 56, 3, 2, 53, 29, 5, 37, 62, 41, 36, 12, 49, 16]', 'score': 1}
9: {'thought': '[11, 14, 46, 50, 56, 3, 19, 37, 49]', 'set1': '[11, 60, 1, 49, 21, 33, 14, 56, 54, 15, 23, 40, 45, 22, 7, 28, 20, 46, 51, 6, 34, 37, 3, 50, 17, 8, 25, 0, 35, 47, 18, 19]', 'set2': '[31, 11, 4, 63, 38, 58, 59, 24, 61, 14, 32, 39, 27, 46, 48, 19, 52, 57, 50, 56, 3, 2, 53, 29, 5, 37, 62, 41, 36, 12, 49, 16]', 'score': 0}
10: {'thought': '[11, 14, 46, 19, 56, 50, 3, 37]', 'set1': '[11, 60, 1, 49, 21, 33, 14, 56, 54, 15, 23, 40, 45, 22, 7, 28, 20, 46, 51, 6, 34, 37, 3, 50, 17, 8, 25, 0, 35, 47, 18, 19]', 'set2': '[31, 11, 4, 63, 38, 58, 59, 24, 61, 14, 32, 39, 27, 46, 48, 19, 52, 57, 50, 56, 3, 2, 53, 29, 5, 37, 62, 41, 36, 12, 49, 16]', 'score': 1}
Edges:
(0, 1): {}
(0, 2): {}
(0, 3): {}
(0, 4): {}
(0, 5): {}
(0, 6): {}
(0, 7): {}
(0, 8): {}
(0, 9): {}
(0, 10): {}


Step 2
========================
Action: keepbest
Nodes: ['1', '2', '3', '4', '5', '6', '7', '8', '9', '10']
Explanation: 


Graph state:
------------------------
Nodes:
0: {'thought': {'set1': '[11, 60, 1, 49, 21, 33, 14, 56, 54, 15, 23, 40, 45, 22, 7, 28, 20, 46, 51, 6, 34, 37, 3, 50, 17, 8, 25, 0, 35, 47, 18, 19]', 'set2': '[31, 11, 4, 63, 38, 58, 59, 24, 61, 14, 32, 39, 27, 46, 48, 19, 52, 57, 50, 56, 3, 2, 53, 29, 5, 37, 62, 41, 36, 12, 49, 16]'}}
11: {'thought': '[11, 49, 14, 50, 56, 46, 37, 3, 19]', 'score': 1, 'set1': '[11, 60, 1, 49, 21, 33, 14, 56, 54, 15, 23, 40, 45, 22, 7, 28, 20, 46, 51, 6, 34, 37, 3, 50, 17, 8, 25, 0, 35, 47, 18, 19]', 'set2': '[31, 11, 4, 63, 38, 58, 59, 24, 61, 14, 32, 39, 27, 46, 48, 19, 52, 57, 50, 56, 3, 2, 53, 29, 5, 37, 62, 41, 36, 12, 49, 16]'}
Edges:
(0, 11): {}


Step 3
========================
Action: refine
Nodes: ['11', '11', '11', '11', '11', '11', '11', '11', '11', '11']
Explanation: 


Graph state:
------------------------
Nodes:
0: {'thought': {'set1': '[11, 60, 1, 49, 21, 33, 14, 56, 54, 15, 23, 40, 45, 22, 7, 28, 20, 46, 51, 6, 34, 37, 3, 50, 17, 8, 25, 0, 35, 47, 18, 19]', 'set2': '[31, 11, 4, 63, 38, 58, 59, 24, 61, 14, 32, 39, 27, 46, 48, 19, 52, 57, 50, 56, 3, 2, 53, 29, 5, 37, 62, 41, 36, 12, 49, 16]'}}
11: {'thought': '[11, 49, 14, 50, 56, 46, 37, 3, 19]', 'score': 1, 'set1': '[11, 60, 1, 49, 21, 33, 14, 56, 54, 15, 23, 40, 45, 22, 7, 28, 20, 46, 51, 6, 34, 37, 3, 50, 17, 8, 25, 0, 35, 47, 18, 19]', 'set2': '[31, 11, 4, 63, 38, 58, 59, 24, 61, 14, 32, 39, 27, 46, 48, 19, 52, 57, 50, 56, 3, 2, 53, 29, 5, 37, 62, 41, 36, 12, 49, 16]'}
12: {'thought': '[11, 49, 14, 50, 56, 46, 37, 3, 19]', 'set1': '[11, 60, 1, 49, 21, 33, 14, 56, 54, 15, 23, 40, 45, 22, 7, 28, 20, 46, 51, 6, 34, 37, 3, 50, 17, 8, 25, 0, 35, 47, 18, 19]', 'set2': '[31, 11, 4, 63, 38, 58, 59, 24, 61, 14, 32, 39, 27, 46, 48, 19, 52, 57, 50, 56, 3, 2, 53, 29, 5, 37, 62, 41, 36, 12, 49, 16]'}
13: {'thought': '[11, 49, 14, 50, 56, 46, 37, 3, 19]', 'set1': '[11, 60, 1, 49, 21, 33, 14, 56, 54, 15, 23, 40, 45, 22, 7, 28, 20, 46, 51, 6, 34, 37, 3, 50, 17, 8, 25, 0, 35, 47, 18, 19]', 'set2': '[31, 11, 4, 63, 38, 58, 59, 24, 61, 14, 32, 39, 27, 46, 48, 19, 52, 57, 50, 56, 3, 2, 53, 29, 5, 37, 62, 41, 36, 12, 49, 16]'}
14: {'thought': '[11, 49, 14, 50, 56, 46, 37, 3, 19]', 'set1': '[11, 60, 1, 49, 21, 33, 14, 56, 54, 15, 23, 40, 45, 22, 7, 28, 20, 46, 51, 6, 34, 37, 3, 50, 17, 8, 25, 0, 35, 47, 18, 19]', 'set2': '[31, 11, 4, 63, 38, 58, 59, 24, 61, 14, 32, 39, 27, 46, 48, 19, 52, 57, 50, 56, 3, 2, 53, 29, 5, 37, 62, 41, 36, 12, 49, 16]'}
15: {'thought': '[11, 49, 14, 50, 56, 46, 37, 3, 19]', 'set1': '[11, 60, 1, 49, 21, 33, 14, 56, 54, 15, 23, 40, 45, 22, 7, 28, 20, 46, 51, 6, 34, 37, 3, 50, 17, 8, 25, 0, 35, 47, 18, 19]', 'set2': '[31, 11, 4, 63, 38, 58, 59, 24, 61, 14, 32, 39, 27, 46, 48, 19, 52, 57, 50, 56, 3, 2, 53, 29, 5, 37, 62, 41, 36, 12, 49, 16]'}
16: {'thought': '[11, 49, 14, 50, 56, 46, 37, 3, 19]', 'set1': '[11, 60, 1, 49, 21, 33, 14, 56, 54, 15, 23, 40, 45, 22, 7, 28, 20, 46, 51, 6, 34, 37, 3, 50, 17, 8, 25, 0, 35, 47, 18, 19]', 'set2': '[31, 11, 4, 63, 38, 58, 59, 24, 61, 14, 32, 39, 27, 46, 48, 19, 52, 57, 50, 56, 3, 2, 53, 29, 5, 37, 62, 41, 36, 12, 49, 16]'}
17: {'thought': '[11, 49, 14, 50, 56, 46, 37, 3, 19]', 'set1': '[11, 60, 1, 49, 21, 33, 14, 56, 54, 15, 23, 40, 45, 22, 7, 28, 20, 46, 51, 6, 34, 37, 3, 50, 17, 8, 25, 0, 35, 47, 18, 19]', 'set2': '[31, 11, 4, 63, 38, 58, 59, 24, 61, 14, 32, 39, 27, 46, 48, 19, 52, 57, 50, 56, 3, 2, 53, 29, 5, 37, 62, 41, 36, 12, 49, 16]'}
18: {'thought': '[11, 49, 14, 50, 56, 46, 37, 3, 19]', 'set1': '[11, 60, 1, 49, 21, 33, 14, 56, 54, 15, 23, 40, 45, 22, 7, 28, 20, 46, 51, 6, 34, 37, 3, 50, 17, 8, 25, 0, 35, 47, 18, 19]', 'set2': '[31, 11, 4, 63, 38, 58, 59, 24, 61, 14, 32, 39, 27, 46, 48, 19, 52, 57, 50, 56, 3, 2, 53, 29, 5, 37, 62, 41, 36, 12, 49, 16]'}
19: {'thought': '[11, 49, 14, 50, 56, 46, 37, 3, 19]', 'set1': '[11, 60, 1, 49, 21, 33, 14, 56, 54, 15, 23, 40, 45, 22, 7, 28, 20, 46, 51, 6, 34, 37, 3, 50, 17, 8, 25, 0, 35, 47, 18, 19]', 'set2': '[31, 11, 4, 63, 38, 58, 59, 24, 61, 14, 32, 39, 27, 46, 48, 19, 52, 57, 50, 56, 3, 2, 53, 29, 5, 37, 62, 41, 36, 12, 49, 16]'}
20: {'thought': '[11, 49, 14, 50, 56, 46, 37, 3, 19]', 'set1': '[11, 60, 1, 49, 21, 33, 14, 56, 54, 15, 23, 40, 45, 22, 7, 28, 20, 46, 51, 6, 34, 37, 3, 50, 17, 8, 25, 0, 35, 47, 18, 19]', 'set2': '[31, 11, 4, 63, 38, 58, 59, 24, 61, 14, 32, 39, 27, 46, 48, 19, 52, 57, 50, 56, 3, 2, 53, 29, 5, 37, 62, 41, 36, 12, 49, 16]'}
21: {'thought': '[11, 49, 14, 50, 56, 46, 37, 3, 19]', 'set1': '[11, 60, 1, 49, 21, 33, 14, 56, 54, 15, 23, 40, 45, 22, 7, 28, 20, 46, 51, 6, 34, 37, 3, 50, 17, 8, 25, 0, 35, 47, 18, 19]', 'set2': '[31, 11, 4, 63, 38, 58, 59, 24, 61, 14, 32, 39, 27, 46, 48, 19, 52, 57, 50, 56, 3, 2, 53, 29, 5, 37, 62, 41, 36, 12, 49, 16]'}
Edges:
(0, 11): {}
(11, 12): {}
(11, 13): {}
(11, 14): {}
(11, 15): {}
(11, 16): {}
(11, 17): {}
(11, 18): {}
(11, 19): {}
(11, 20): {}
(11, 21): {}


Step 4
========================
Action: score
Nodes: ['12', '13', '14', '15', '16', '17', '18', '19', '20', '21']
Explanation: 


Graph state:
------------------------
Nodes:
0: {'thought': {'set1': '[11, 60, 1, 49, 21, 33, 14, 56, 54, 15, 23, 40, 45, 22, 7, 28, 20, 46, 51, 6, 34, 37, 3, 50, 17, 8, 25, 0, 35, 47, 18, 19]', 'set2': '[31, 11, 4, 63, 38, 58, 59, 24, 61, 14, 32, 39, 27, 46, 48, 19, 52, 57, 50, 56, 3, 2, 53, 29, 5, 37, 62, 41, 36, 12, 49, 16]'}}
11: {'thought': '[11, 49, 14, 50, 56, 46, 37, 3, 19]', 'score': 1, 'set1': '[11, 60, 1, 49, 21, 33, 14, 56, 54, 15, 23, 40, 45, 22, 7, 28, 20, 46, 51, 6, 34, 37, 3, 50, 17, 8, 25, 0, 35, 47, 18, 19]', 'set2': '[31, 11, 4, 63, 38, 58, 59, 24, 61, 14, 32, 39, 27, 46, 48, 19, 52, 57, 50, 56, 3, 2, 53, 29, 5, 37, 62, 41, 36, 12, 49, 16]'}
12: {'thought': '[11, 49, 14, 50, 56, 46, 37, 3, 19]', 'set1': '[11, 60, 1, 49, 21, 33, 14, 56, 54, 15, 23, 40, 45, 22, 7, 28, 20, 46, 51, 6, 34, 37, 3, 50, 17, 8, 25, 0, 35, 47, 18, 19]', 'set2': '[31, 11, 4, 63, 38, 58, 59, 24, 61, 14, 32, 39, 27, 46, 48, 19, 52, 57, 50, 56, 3, 2, 53, 29, 5, 37, 62, 41, 36, 12, 49, 16]', 'score': 0}
13: {'thought': '[11, 49, 14, 50, 56, 46, 37, 3, 19]', 'set1': '[11, 60, 1, 49, 21, 33, 14, 56, 54, 15, 23, 40, 45, 22, 7, 28, 20, 46, 51, 6, 34, 37, 3, 50, 17, 8, 25, 0, 35, 47, 18, 19]', 'set2': '[31, 11, 4, 63, 38, 58, 59, 24, 61, 14, 32, 39, 27, 46, 48, 19, 52, 57, 50, 56, 3, 2, 53, 29, 5, 37, 62, 41, 36, 12, 49, 16]', 'score': 0}
14: {'thought': '[11, 49, 14, 50, 56, 46, 37, 3, 19]', 'set1': '[11, 60, 1, 49, 21, 33, 14, 56, 54, 15, 23, 40, 45, 22, 7, 28, 20, 46, 51, 6, 34, 37, 3, 50, 17, 8, 25, 0, 35, 47, 18, 19]', 'set2': '[31, 11, 4, 63, 38, 58, 59, 24, 61, 14, 32, 39, 27, 46, 48, 19, 52, 57, 50, 56, 3, 2, 53, 29, 5, 37, 62, 41, 36, 12, 49, 16]', 'score': 0}
15: {'thought': '[11, 49, 14, 50, 56, 46, 37, 3, 19]', 'set1': '[11, 60, 1, 49, 21, 33, 14, 56, 54, 15, 23, 40, 45, 22, 7, 28, 20, 46, 51, 6, 34, 37, 3, 50, 17, 8, 25, 0, 35, 47, 18, 19]', 'set2': '[31, 11, 4, 63, 38, 58, 59, 24, 61, 14, 32, 39, 27, 46, 48, 19, 52, 57, 50, 56, 3, 2, 53, 29, 5, 37, 62, 41, 36, 12, 49, 16]', 'score': 0}
16: {'thought': '[11, 49, 14, 50, 56, 46, 37, 3, 19]', 'set1': '[11, 60, 1, 49, 21, 33, 14, 56, 54, 15, 23, 40, 45, 22, 7, 28, 20, 46, 51, 6, 34, 37, 3, 50, 17, 8, 25, 0, 35, 47, 18, 19]', 'set2': '[31, 11, 4, 63, 38, 58, 59, 24, 61, 14, 32, 39, 27, 46, 48, 19, 52, 57, 50, 56, 3, 2, 53, 29, 5, 37, 62, 41, 36, 12, 49, 16]', 'score': 0}
17: {'thought': '[11, 49, 14, 50, 56, 46, 37, 3, 19]', 'set1': '[11, 60, 1, 49, 21, 33, 14, 56, 54, 15, 23, 40, 45, 22, 7, 28, 20, 46, 51, 6, 34, 37, 3, 50, 17, 8, 25, 0, 35, 47, 18, 19]', 'set2': '[31, 11, 4, 63, 38, 58, 59, 24, 61, 14, 32, 39, 27, 46, 48, 19, 52, 57, 50, 56, 3, 2, 53, 29, 5, 37, 62, 41, 36, 12, 49, 16]', 'score': 0}
18: {'thought': '[11, 49, 14, 50, 56, 46, 37, 3, 19]', 'set1': '[11, 60, 1, 49, 21, 33, 14, 56, 54, 15, 23, 40, 45, 22, 7, 28, 20, 46, 51, 6, 34, 37, 3, 50, 17, 8, 25, 0, 35, 47, 18, 19]', 'set2': '[31, 11, 4, 63, 38, 58, 59, 24, 61, 14, 32, 39, 27, 46, 48, 19, 52, 57, 50, 56, 3, 2, 53, 29, 5, 37, 62, 41, 36, 12, 49, 16]', 'score': 0}
19: {'thought': '[11, 49, 14, 50, 56, 46, 37, 3, 19]', 'set1': '[11, 60, 1, 49, 21, 33, 14, 56, 54, 15, 23, 40, 45, 22, 7, 28, 20, 46, 51, 6, 34, 37, 3, 50, 17, 8, 25, 0, 35, 47, 18, 19]', 'set2': '[31, 11, 4, 63, 38, 58, 59, 24, 61, 14, 32, 39, 27, 46, 48, 19, 52, 57, 50, 56, 3, 2, 53, 29, 5, 37, 62, 41, 36, 12, 49, 16]', 'score': 0}
20: {'thought': '[11, 49, 14, 50, 56, 46, 37, 3, 19]', 'set1': '[11, 60, 1, 49, 21, 33, 14, 56, 54, 15, 23, 40, 45, 22, 7, 28, 20, 46, 51, 6, 34, 37, 3, 50, 17, 8, 25, 0, 35, 47, 18, 19]', 'set2': '[31, 11, 4, 63, 38, 58, 59, 24, 61, 14, 32, 39, 27, 46, 48, 19, 52, 57, 50, 56, 3, 2, 53, 29, 5, 37, 62, 41, 36, 12, 49, 16]', 'score': 0}
21: {'thought': '[11, 49, 14, 50, 56, 46, 37, 3, 19]', 'set1': '[11, 60, 1, 49, 21, 33, 14, 56, 54, 15, 23, 40, 45, 22, 7, 28, 20, 46, 51, 6, 34, 37, 3, 50, 17, 8, 25, 0, 35, 47, 18, 19]', 'set2': '[31, 11, 4, 63, 38, 58, 59, 24, 61, 14, 32, 39, 27, 46, 48, 19, 52, 57, 50, 56, 3, 2, 53, 29, 5, 37, 62, 41, 36, 12, 49, 16]', 'score': 0}
Edges:
(0, 11): {}
(11, 12): {}
(11, 13): {}
(11, 14): {}
(11, 15): {}
(11, 16): {}
(11, 17): {}
(11, 18): {}
(11, 19): {}
(11, 20): {}
(11, 21): {}


Step 5
========================
Action: keepbest
Nodes: ['12', '13', '14', '15', '16', '17', '18', '19', '20', '21']
Explanation: 


Graph state:
------------------------
Nodes:
0: {'thought': {'set1': '[11, 60, 1, 49, 21, 33, 14, 56, 54, 15, 23, 40, 45, 22, 7, 28, 20, 46, 51, 6, 34, 37, 3, 50, 17, 8, 25, 0, 35, 47, 18, 19]', 'set2': '[31, 11, 4, 63, 38, 58, 59, 24, 61, 14, 32, 39, 27, 46, 48, 19, 52, 57, 50, 56, 3, 2, 53, 29, 5, 37, 62, 41, 36, 12, 49, 16]'}}
11: {'thought': '[11, 49, 14, 50, 56, 46, 37, 3, 19]', 'score': 1, 'set1': '[11, 60, 1, 49, 21, 33, 14, 56, 54, 15, 23, 40, 45, 22, 7, 28, 20, 46, 51, 6, 34, 37, 3, 50, 17, 8, 25, 0, 35, 47, 18, 19]', 'set2': '[31, 11, 4, 63, 38, 58, 59, 24, 61, 14, 32, 39, 27, 46, 48, 19, 52, 57, 50, 56, 3, 2, 53, 29, 5, 37, 62, 41, 36, 12, 49, 16]'}
22: {'thought': '[11, 49, 14, 50, 56, 46, 37, 3, 19]', 'score': 0, 'set1': '[11, 60, 1, 49, 21, 33, 14, 56, 54, 15, 23, 40, 45, 22, 7, 28, 20, 46, 51, 6, 34, 37, 3, 50, 17, 8, 25, 0, 35, 47, 18, 19]', 'set2': '[31, 11, 4, 63, 38, 58, 59, 24, 61, 14, 32, 39, 27, 46, 48, 19, 52, 57, 50, 56, 3, 2, 53, 29, 5, 37, 62, 41, 36, 12, 49, 16]'}
Edges:
(0, 11): {}
(11, 22): {}


Step 6
========================
Action: refine
Nodes: ['22', '22', '22', '22', '22', '22', '22', '22', '22', '22']
Explanation: 


Graph state:
------------------------
Nodes:
0: {'thought': {'set1': '[11, 60, 1, 49, 21, 33, 14, 56, 54, 15, 23, 40, 45, 22, 7, 28, 20, 46, 51, 6, 34, 37, 3, 50, 17, 8, 25, 0, 35, 47, 18, 19]', 'set2': '[31, 11, 4, 63, 38, 58, 59, 24, 61, 14, 32, 39, 27, 46, 48, 19, 52, 57, 50, 56, 3, 2, 53, 29, 5, 37, 62, 41, 36, 12, 49, 16]'}}
11: {'thought': '[11, 49, 14, 50, 56, 46, 37, 3, 19]', 'score': 1, 'set1': '[11, 60, 1, 49, 21, 33, 14, 56, 54, 15, 23, 40, 45, 22, 7, 28, 20, 46, 51, 6, 34, 37, 3, 50, 17, 8, 25, 0, 35, 47, 18, 19]', 'set2': '[31, 11, 4, 63, 38, 58, 59, 24, 61, 14, 32, 39, 27, 46, 48, 19, 52, 57, 50, 56, 3, 2, 53, 29, 5, 37, 62, 41, 36, 12, 49, 16]'}
22: {'thought': '[11, 49, 14, 50, 56, 46, 37, 3, 19]', 'score': 0, 'set1': '[11, 60, 1, 49, 21, 33, 14, 56, 54, 15, 23, 40, 45, 22, 7, 28, 20, 46, 51, 6, 34, 37, 3, 50, 17, 8, 25, 0, 35, 47, 18, 19]', 'set2': '[31, 11, 4, 63, 38, 58, 59, 24, 61, 14, 32, 39, 27, 46, 48, 19, 52, 57, 50, 56, 3, 2, 53, 29, 5, 37, 62, 41, 36, 12, 49, 16]'}
23: {'thought': '[11, 49, 14, 50, 56, 46, 37, 3, 19]', 'set1': '[11, 60, 1, 49, 21, 33, 14, 56, 54, 15, 23, 40, 45, 22, 7, 28, 20, 46, 51, 6, 34, 37, 3, 50, 17, 8, 25, 0, 35, 47, 18, 19]', 'set2': '[31, 11, 4, 63, 38, 58, 59, 24, 61, 14, 32, 39, 27, 46, 48, 19, 52, 57, 50, 56, 3, 2, 53, 29, 5, 37, 62, 41, 36, 12, 49, 16]'}
24: {'thought': '[11, 49, 14, 50, 56, 46, 37, 3, 19]', 'set1': '[11, 60, 1, 49, 21, 33, 14, 56, 54, 15, 23, 40, 45, 22, 7, 28, 20, 46, 51, 6, 34, 37, 3, 50, 17, 8, 25, 0, 35, 47, 18, 19]', 'set2': '[31, 11, 4, 63, 38, 58, 59, 24, 61, 14, 32, 39, 27, 46, 48, 19, 52, 57, 50, 56, 3, 2, 53, 29, 5, 37, 62, 41, 36, 12, 49, 16]'}
25: {'thought': '[11, 49, 14, 50, 56, 46, 37, 3, 19]', 'set1': '[11, 60, 1, 49, 21, 33, 14, 56, 54, 15, 23, 40, 45, 22, 7, 28, 20, 46, 51, 6, 34, 37, 3, 50, 17, 8, 25, 0, 35, 47, 18, 19]', 'set2': '[31, 11, 4, 63, 38, 58, 59, 24, 61, 14, 32, 39, 27, 46, 48, 19, 52, 57, 50, 56, 3, 2, 53, 29, 5, 37, 62, 41, 36, 12, 49, 16]'}
26: {'thought': '[11, 49, 14, 50, 56, 46, 37, 3, 19]', 'set1': '[11, 60, 1, 49, 21, 33, 14, 56, 54, 15, 23, 40, 45, 22, 7, 28, 20, 46, 51, 6, 34, 37, 3, 50, 17, 8, 25, 0, 35, 47, 18, 19]', 'set2': '[31, 11, 4, 63, 38, 58, 59, 24, 61, 14, 32, 39, 27, 46, 48, 19, 52, 57, 50, 56, 3, 2, 53, 29, 5, 37, 62, 41, 36, 12, 49, 16]'}
27: {'thought': '[11, 49, 14, 50, 56, 46, 37, 3, 19]', 'set1': '[11, 60, 1, 49, 21, 33, 14, 56, 54, 15, 23, 40, 45, 22, 7, 28, 20, 46, 51, 6, 34, 37, 3, 50, 17, 8, 25, 0, 35, 47, 18, 19]', 'set2': '[31, 11, 4, 63, 38, 58, 59, 24, 61, 14, 32, 39, 27, 46, 48, 19, 52, 57, 50, 56, 3, 2, 53, 29, 5, 37, 62, 41, 36, 12, 49, 16]'}
28: {'thought': '[11, 49, 14, 50, 56, 46, 37, 3, 19]', 'set1': '[11, 60, 1, 49, 21, 33, 14, 56, 54, 15, 23, 40, 45, 22, 7, 28, 20, 46, 51, 6, 34, 37, 3, 50, 17, 8, 25, 0, 35, 47, 18, 19]', 'set2': '[31, 11, 4, 63, 38, 58, 59, 24, 61, 14, 32, 39, 27, 46, 48, 19, 52, 57, 50, 56, 3, 2, 53, 29, 5, 37, 62, 41, 36, 12, 49, 16]'}
29: {'thought': '[11, 49, 14, 50, 56, 46, 37, 3, 19]', 'set1': '[11, 60, 1, 49, 21, 33, 14, 56, 54, 15, 23, 40, 45, 22, 7, 28, 20, 46, 51, 6, 34, 37, 3, 50, 17, 8, 25, 0, 35, 47, 18, 19]', 'set2': '[31, 11, 4, 63, 38, 58, 59, 24, 61, 14, 32, 39, 27, 46, 48, 19, 52, 57, 50, 56, 3, 2, 53, 29, 5, 37, 62, 41, 36, 12, 49, 16]'}
30: {'thought': '[11, 49, 14, 50, 56, 46, 37, 3, 19]', 'set1': '[11, 60, 1, 49, 21, 33, 14, 56, 54, 15, 23, 40, 45, 22, 7, 28, 20, 46, 51, 6, 34, 37, 3, 50, 17, 8, 25, 0, 35, 47, 18, 19]', 'set2': '[31, 11, 4, 63, 38, 58, 59, 24, 61, 14, 32, 39, 27, 46, 48, 19, 52, 57, 50, 56, 3, 2, 53, 29, 5, 37, 62, 41, 36, 12, 49, 16]'}
31: {'thought': '[11, 49, 14, 50, 56, 46, 37, 3, 19]', 'set1': '[11, 60, 1, 49, 21, 33, 14, 56, 54, 15, 23, 40, 45, 22, 7, 28, 20, 46, 51, 6, 34, 37, 3, 50, 17, 8, 25, 0, 35, 47, 18, 19]', 'set2': '[31, 11, 4, 63, 38, 58, 59, 24, 61, 14, 32, 39, 27, 46, 48, 19, 52, 57, 50, 56, 3, 2, 53, 29, 5, 37, 62, 41, 36, 12, 49, 16]'}
32: {'thought': '[11, 49, 14, 50, 56, 46, 37, 3, 19]', 'set1': '[11, 60, 1, 49, 21, 33, 14, 56, 54, 15, 23, 40, 45, 22, 7, 28, 20, 46, 51, 6, 34, 37, 3, 50, 17, 8, 25, 0, 35, 47, 18, 19]', 'set2': '[31, 11, 4, 63, 38, 58, 59, 24, 61, 14, 32, 39, 27, 46, 48, 19, 52, 57, 50, 56, 3, 2, 53, 29, 5, 37, 62, 41, 36, 12, 49, 16]'}
Edges:
(0, 11): {}
(11, 22): {}
(22, 23): {}
(22, 24): {}
(22, 25): {}
(22, 26): {}
(22, 27): {}
(22, 28): {}
(22, 29): {}
(22, 30): {}
(22, 31): {}
(22, 32): {}


Step 7
========================
Action: score
Nodes: ['23', '24', '25', '26', '27', '28', '29', '30', '31', '32']
Explanation: 


Graph state:
------------------------
Nodes:
0: {'thought': {'set1': '[11, 60, 1, 49, 21, 33, 14, 56, 54, 15, 23, 40, 45, 22, 7, 28, 20, 46, 51, 6, 34, 37, 3, 50, 17, 8, 25, 0, 35, 47, 18, 19]', 'set2': '[31, 11, 4, 63, 38, 58, 59, 24, 61, 14, 32, 39, 27, 46, 48, 19, 52, 57, 50, 56, 3, 2, 53, 29, 5, 37, 62, 41, 36, 12, 49, 16]'}}
11: {'thought': '[11, 49, 14, 50, 56, 46, 37, 3, 19]', 'score': 1, 'set1': '[11, 60, 1, 49, 21, 33, 14, 56, 54, 15, 23, 40, 45, 22, 7, 28, 20, 46, 51, 6, 34, 37, 3, 50, 17, 8, 25, 0, 35, 47, 18, 19]', 'set2': '[31, 11, 4, 63, 38, 58, 59, 24, 61, 14, 32, 39, 27, 46, 48, 19, 52, 57, 50, 56, 3, 2, 53, 29, 5, 37, 62, 41, 36, 12, 49, 16]'}
22: {'thought': '[11, 49, 14, 50, 56, 46, 37, 3, 19]', 'score': 0, 'set1': '[11, 60, 1, 49, 21, 33, 14, 56, 54, 15, 23, 40, 45, 22, 7, 28, 20, 46, 51, 6, 34, 37, 3, 50, 17, 8, 25, 0, 35, 47, 18, 19]', 'set2': '[31, 11, 4, 63, 38, 58, 59, 24, 61, 14, 32, 39, 27, 46, 48, 19, 52, 57, 50, 56, 3, 2, 53, 29, 5, 37, 62, 41, 36, 12, 49, 16]'}
23: {'thought': '[11, 49, 14, 50, 56, 46, 37, 3, 19]', 'set1': '[11, 60, 1, 49, 21, 33, 14, 56, 54, 15, 23, 40, 45, 22, 7, 28, 20, 46, 51, 6, 34, 37, 3, 50, 17, 8, 25, 0, 35, 47, 18, 19]', 'set2': '[31, 11, 4, 63, 38, 58, 59, 24, 61, 14, 32, 39, 27, 46, 48, 19, 52, 57, 50, 56, 3, 2, 53, 29, 5, 37, 62, 41, 36, 12, 49, 16]', 'score': 0}
24: {'thought': '[11, 49, 14, 50, 56, 46, 37, 3, 19]', 'set1': '[11, 60, 1, 49, 21, 33, 14, 56, 54, 15, 23, 40, 45, 22, 7, 28, 20, 46, 51, 6, 34, 37, 3, 50, 17, 8, 25, 0, 35, 47, 18, 19]', 'set2': '[31, 11, 4, 63, 38, 58, 59, 24, 61, 14, 32, 39, 27, 46, 48, 19, 52, 57, 50, 56, 3, 2, 53, 29, 5, 37, 62, 41, 36, 12, 49, 16]', 'score': 0}
25: {'thought': '[11, 49, 14, 50, 56, 46, 37, 3, 19]', 'set1': '[11, 60, 1, 49, 21, 33, 14, 56, 54, 15, 23, 40, 45, 22, 7, 28, 20, 46, 51, 6, 34, 37, 3, 50, 17, 8, 25, 0, 35, 47, 18, 19]', 'set2': '[31, 11, 4, 63, 38, 58, 59, 24, 61, 14, 32, 39, 27, 46, 48, 19, 52, 57, 50, 56, 3, 2, 53, 29, 5, 37, 62, 41, 36, 12, 49, 16]', 'score': 0}
26: {'thought': '[11, 49, 14, 50, 56, 46, 37, 3, 19]', 'set1': '[11, 60, 1, 49, 21, 33, 14, 56, 54, 15, 23, 40, 45, 22, 7, 28, 20, 46, 51, 6, 34, 37, 3, 50, 17, 8, 25, 0, 35, 47, 18, 19]', 'set2': '[31, 11, 4, 63, 38, 58, 59, 24, 61, 14, 32, 39, 27, 46, 48, 19, 52, 57, 50, 56, 3, 2, 53, 29, 5, 37, 62, 41, 36, 12, 49, 16]', 'score': 0}
27: {'thought': '[11, 49, 14, 50, 56, 46, 37, 3, 19]', 'set1': '[11, 60, 1, 49, 21, 33, 14, 56, 54, 15, 23, 40, 45, 22, 7, 28, 20, 46, 51, 6, 34, 37, 3, 50, 17, 8, 25, 0, 35, 47, 18, 19]', 'set2': '[31, 11, 4, 63, 38, 58, 59, 24, 61, 14, 32, 39, 27, 46, 48, 19, 52, 57, 50, 56, 3, 2, 53, 29, 5, 37, 62, 41, 36, 12, 49, 16]', 'score': 0}
28: {'thought': '[11, 49, 14, 50, 56, 46, 37, 3, 19]', 'set1': '[11, 60, 1, 49, 21, 33, 14, 56, 54, 15, 23, 40, 45, 22, 7, 28, 20, 46, 51, 6, 34, 37, 3, 50, 17, 8, 25, 0, 35, 47, 18, 19]', 'set2': '[31, 11, 4, 63, 38, 58, 59, 24, 61, 14, 32, 39, 27, 46, 48, 19, 52, 57, 50, 56, 3, 2, 53, 29, 5, 37, 62, 41, 36, 12, 49, 16]', 'score': 0}
29: {'thought': '[11, 49, 14, 50, 56, 46, 37, 3, 19]', 'set1': '[11, 60, 1, 49, 21, 33, 14, 56, 54, 15, 23, 40, 45, 22, 7, 28, 20, 46, 51, 6, 34, 37, 3, 50, 17, 8, 25, 0, 35, 47, 18, 19]', 'set2': '[31, 11, 4, 63, 38, 58, 59, 24, 61, 14, 32, 39, 27, 46, 48, 19, 52, 57, 50, 56, 3, 2, 53, 29, 5, 37, 62, 41, 36, 12, 49, 16]', 'score': 0}
30: {'thought': '[11, 49, 14, 50, 56, 46, 37, 3, 19]', 'set1': '[11, 60, 1, 49, 21, 33, 14, 56, 54, 15, 23, 40, 45, 22, 7, 28, 20, 46, 51, 6, 34, 37, 3, 50, 17, 8, 25, 0, 35, 47, 18, 19]', 'set2': '[31, 11, 4, 63, 38, 58, 59, 24, 61, 14, 32, 39, 27, 46, 48, 19, 52, 57, 50, 56, 3, 2, 53, 29, 5, 37, 62, 41, 36, 12, 49, 16]', 'score': 0}
31: {'thought': '[11, 49, 14, 50, 56, 46, 37, 3, 19]', 'set1': '[11, 60, 1, 49, 21, 33, 14, 56, 54, 15, 23, 40, 45, 22, 7, 28, 20, 46, 51, 6, 34, 37, 3, 50, 17, 8, 25, 0, 35, 47, 18, 19]', 'set2': '[31, 11, 4, 63, 38, 58, 59, 24, 61, 14, 32, 39, 27, 46, 48, 19, 52, 57, 50, 56, 3, 2, 53, 29, 5, 37, 62, 41, 36, 12, 49, 16]', 'score': 0}
32: {'thought': '[11, 49, 14, 50, 56, 46, 37, 3, 19]', 'set1': '[11, 60, 1, 49, 21, 33, 14, 56, 54, 15, 23, 40, 45, 22, 7, 28, 20, 46, 51, 6, 34, 37, 3, 50, 17, 8, 25, 0, 35, 47, 18, 19]', 'set2': '[31, 11, 4, 63, 38, 58, 59, 24, 61, 14, 32, 39, 27, 46, 48, 19, 52, 57, 50, 56, 3, 2, 53, 29, 5, 37, 62, 41, 36, 12, 49, 16]', 'score': 0}
Edges:
(0, 11): {}
(11, 22): {}
(22, 23): {}
(22, 24): {}
(22, 25): {}
(22, 26): {}
(22, 27): {}
(22, 28): {}
(22, 29): {}
(22, 30): {}
(22, 31): {}
(22, 32): {}


Step 8
========================
Action: keepbest
Nodes: ['23', '24', '25', '26', '27', '28', '29', '30', '31', '32']
Explanation: 


Graph state:
------------------------
Nodes:
0: {'thought': {'set1': '[11, 60, 1, 49, 21, 33, 14, 56, 54, 15, 23, 40, 45, 22, 7, 28, 20, 46, 51, 6, 34, 37, 3, 50, 17, 8, 25, 0, 35, 47, 18, 19]', 'set2': '[31, 11, 4, 63, 38, 58, 59, 24, 61, 14, 32, 39, 27, 46, 48, 19, 52, 57, 50, 56, 3, 2, 53, 29, 5, 37, 62, 41, 36, 12, 49, 16]'}}
11: {'thought': '[11, 49, 14, 50, 56, 46, 37, 3, 19]', 'score': 1, 'set1': '[11, 60, 1, 49, 21, 33, 14, 56, 54, 15, 23, 40, 45, 22, 7, 28, 20, 46, 51, 6, 34, 37, 3, 50, 17, 8, 25, 0, 35, 47, 18, 19]', 'set2': '[31, 11, 4, 63, 38, 58, 59, 24, 61, 14, 32, 39, 27, 46, 48, 19, 52, 57, 50, 56, 3, 2, 53, 29, 5, 37, 62, 41, 36, 12, 49, 16]'}
22: {'thought': '[11, 49, 14, 50, 56, 46, 37, 3, 19]', 'score': 0, 'set1': '[11, 60, 1, 49, 21, 33, 14, 56, 54, 15, 23, 40, 45, 22, 7, 28, 20, 46, 51, 6, 34, 37, 3, 50, 17, 8, 25, 0, 35, 47, 18, 19]', 'set2': '[31, 11, 4, 63, 38, 58, 59, 24, 61, 14, 32, 39, 27, 46, 48, 19, 52, 57, 50, 56, 3, 2, 53, 29, 5, 37, 62, 41, 36, 12, 49, 16]'}
33: {'thought': '[11, 49, 14, 50, 56, 46, 37, 3, 19]', 'score': 0, 'set1': '[11, 60, 1, 49, 21, 33, 14, 56, 54, 15, 23, 40, 45, 22, 7, 28, 20, 46, 51, 6, 34, 37, 3, 50, 17, 8, 25, 0, 35, 47, 18, 19]', 'set2': '[31, 11, 4, 63, 38, 58, 59, 24, 61, 14, 32, 39, 27, 46, 48, 19, 52, 57, 50, 56, 3, 2, 53, 29, 5, 37, 62, 41, 36, 12, 49, 16]'}
Edges:
(0, 11): {}
(11, 22): {}
(22, 33): {}


Step 9
========================
Action: keepbest
Nodes: ['11', '22', '33']
Explanation: 


Graph state:
------------------------
Nodes:
0: {'thought': {'set1': '[11, 60, 1, 49, 21, 33, 14, 56, 54, 15, 23, 40, 45, 22, 7, 28, 20, 46, 51, 6, 34, 37, 3, 50, 17, 8, 25, 0, 35, 47, 18, 19]', 'set2': '[31, 11, 4, 63, 38, 58, 59, 24, 61, 14, 32, 39, 27, 46, 48, 19, 52, 57, 50, 56, 3, 2, 53, 29, 5, 37, 62, 41, 36, 12, 49, 16]'}}
34: {'thought': '[11, 49, 14, 50, 56, 46, 37, 3, 19]', 'score': 0, 'set1': '[11, 60, 1, 49, 21, 33, 14, 56, 54, 15, 23, 40, 45, 22, 7, 28, 20, 46, 51, 6, 34, 37, 3, 50, 17, 8, 25, 0, 35, 47, 18, 19]', 'set2': '[31, 11, 4, 63, 38, 58, 59, 24, 61, 14, 32, 39, 27, 46, 48, 19, 52, 57, 50, 56, 3, 2, 53, 29, 5, 37, 62, 41, 36, 12, 49, 16]'}
Edges:


Step 10
========================
Action: groundtruth
Nodes: ['34']
Explanation: 


Graph state:
------------------------
Nodes:
0: {'thought': {'set1': '[11, 60, 1, 49, 21, 33, 14, 56, 54, 15, 23, 40, 45, 22, 7, 28, 20, 46, 51, 6, 34, 37, 3, 50, 17, 8, 25, 0, 35, 47, 18, 19]', 'set2': '[31, 11, 4, 63, 38, 58, 59, 24, 61, 14, 32, 39, 27, 46, 48, 19, 52, 57, 50, 56, 3, 2, 53, 29, 5, 37, 62, 41, 36, 12, 49, 16]'}}
34: {'thought': '[11, 49, 14, 50, 56, 46, 37, 3, 19]', 'score': 0, 'set1': '[11, 60, 1, 49, 21, 33, 14, 56, 54, 15, 23, 40, 45, 22, 7, 28, 20, 46, 51, 6, 34, 37, 3, 50, 17, 8, 25, 0, 35, 47, 18, 19]', 'set2': '[31, 11, 4, 63, 38, 58, 59, 24, 61, 14, 32, 39, 27, 46, 48, 19, 52, 57, 50, 56, 3, 2, 53, 29, 5, 37, 62, 41, 36, 12, 49, 16]'}
Edges:

Result: success
===============================
Solving problem 1/100
===============================

Step 0
========================
Action: intersect
Nodes: ['0', '0', '0', '0', '0', '0', '0', '0', '0', '0']
Explanation: 


Graph state:
------------------------
Nodes:
0: {'thought': {'set1': '[28, 58, 36, 18, 37, 31, 44, 39, 34, 51, 12, 56, 21, 27, 7, 24, 46, 1, 25, 2, 41, 6, 45, 29, 49, 42, 35, 30, 54, 55, 10, 50]', 'set2': '[4, 16, 28, 46, 49, 21, 58, 30, 19, 1, 37, 15, 3, 59, 51, 24, 10, 12, 34, 20, 40, 44, 35, 23, 36, 0, 43, 54, 2, 31, 57, 41]'}}
1: {'thought': '[28, 46, 21, 58, 30, 1, 37, 51, 24, 12, 34, 35, 44, 2, 41, 54, 31, 10]', 'set1': '[28, 58, 36, 18, 37, 31, 44, 39, 34, 51, 12, 56, 21, 27, 7, 24, 46, 1, 25, 2, 41, 6, 45, 29, 49, 42, 35, 30, 54, 55, 10, 50]', 'set2': '[4, 16, 28, 46, 49, 21, 58, 30, 19, 1, 37, 15, 3, 59, 51, 24, 10, 12, 34, 20, 40, 44, 35, 23, 36, 0, 43, 54, 2, 31, 57, 41]'}
2: {'thought': '[28, 58, 36, 37, 51, 12, 21, 24, 46, 1, 41, 44, 35, 30, 54, 49, 10, 2, 31, 34]', 'set1': '[28, 58, 36, 18, 37, 31, 44, 39, 34, 51, 12, 56, 21, 27, 7, 24, 46, 1, 25, 2, 41, 6, 45, 29, 49, 42, 35, 30, 54, 55, 10, 50]', 'set2': '[4, 16, 28, 46, 49, 21, 58, 30, 19, 1, 37, 15, 3, 59, 51, 24, 10, 12, 34, 20, 40, 44, 35, 23, 36, 0, 43, 54, 2, 31, 57, 41]'}
3: {'thought': '[28, 46, 58, 30, 21, 37, 1, 51, 24, 12, 34, 35, 44, 2, 41, 54, 31, 10]', 'set1': '[28, 58, 36, 18, 37, 31, 44, 39, 34, 51, 12, 56, 21, 27, 7, 24, 46, 1, 25, 2, 41, 6, 45, 29, 49, 42, 35, 30, 54, 55, 10, 50]', 'set2': '[4, 16, 28, 46, 49, 21, 58, 30, 19, 1, 37, 15, 3, 59, 51, 24, 10, 12, 34, 20, 40, 44, 35, 23, 36, 0, 43, 54, 2, 31, 57, 41]'}
4: {'thought': '[28, 46, 21, 58, 30, 37, 51, 24, 1, 12, 34, 44, 35, 2, 41, 54]', 'set1': '[28, 58, 36, 18, 37, 31, 44, 39, 34, 51, 12, 56, 21, 27, 7, 24, 46, 1, 25, 2, 41, 6, 45, 29, 49, 42, 35, 30, 54, 55, 10, 50]', 'set2': '[4, 16, 28, 46, 49, 21, 58, 30, 19, 1, 37, 15, 3, 59, 51, 24, 10, 12, 34, 20, 40, 44, 35, 23, 36, 0, 43, 54, 2, 31, 57, 41]'}
5: {'thought': '[28, 46, 21, 58, 30, 37, 1, 51, 24, 12, 34, 35, 2, 44, 41, 54, 10]', 'set1': '[28, 58, 36, 18, 37, 31, 44, 39, 34, 51, 12, 56, 21, 27, 7, 24, 46, 1, 25, 2, 41, 6, 45, 29, 49, 42, 35, 30, 54, 55, 10, 50]', 'set2': '[4, 16, 28, 46, 49, 21, 58, 30, 19, 1, 37, 15, 3, 59, 51, 24, 10, 12, 34, 20, 40, 44, 35, 23, 36, 0, 43, 54, 2, 31, 57, 41]'}
6: {'thought': '[28, 58, 36, 37, 31, 51, 12, 21, 24, 1, 46, 2, 41, 45, 30, 49, 35, 44, 10, 50, 54]', 'set1': '[28, 58, 36, 18, 37, 31, 44, 39, 34, 51, 12, 56, 21, 27, 7, 24, 46, 1, 25, 2, 41, 6, 45, 29, 49, 42, 35, 30, 54, 55, 10, 50]', 'set2': '[4, 16, 28, 46, 49, 21, 58, 30, 19, 1, 37, 15, 3, 59, 51, 24, 10, 12, 34, 20, 40, 44, 35, 23, 36, 0, 43, 54, 2, 31, 57, 41]'}
7: {'thought': '[28, 46, 21, 58, 30, 37, 1, 51, 24, 12, 34, 35, 2, 44, 54, 10, 41, 31, 36, 49]', 'set1': '[28, 58, 36, 18, 37, 31, 44, 39, 34, 51, 12, 56, 21, 27, 7, 24, 46, 1, 25, 2, 41, 6, 45, 29, 49, 42, 35, 30, 54, 55, 10, 50]', 'set2': '[4, 16, 28, 46, 49, 21, 58, 30, 19, 1, 37, 15, 3, 59, 51, 24, 10, 12, 34, 20, 40, 44, 35, 23, 36, 0, 43, 54, 2, 31, 57, 41]'}
8: {'thought': '[28, 46, 21, 58, 30, 51, 24, 1, 37, 12, 34, 44, 35, 2, 41, 54]', 'set1': '[28, 58, 36, 18, 37, 31, 44, 39, 34, 51, 12, 56, 21, 27, 7, 24, 46, 1, 25, 2, 41, 6, 45, 29, 49, 42, 35, 30, 54, 55, 10, 50]', 'set2': '[4, 16, 28, 46, 49, 21, 58, 30, 19, 1, 37, 15, 3, 59, 51, 24, 10, 12, 34, 20, 40, 44, 35, 23, 36, 0, 43, 54, 2, 31, 57, 41]'}
9: {'thought': '[28, 46, 21, 58, 30, 1, 37, 51, 24, 12, 34, 35, 2, 44, 41, 54, 31]', 'set1': '[28, 58, 36, 18, 37, 31, 44, 39, 34, 51, 12, 56, 21, 27, 7, 24, 46, 1, 25, 2, 41, 6, 45, 29, 49, 42, 35, 30, 54, 55, 10, 50]', 'set2': '[4, 16, 28, 46, 49, 21, 58, 30, 19, 1, 37, 15, 3, 59, 51, 24, 10, 12, 34, 20, 40, 44, 35, 23, 36, 0, 43, 54, 2, 31, 57, 41]'}
10: {'thought': '[28, 46, 21, 58, 30, 1, 37, 51, 24, 12, 34, 44, 35, 2, 41, 54, 31, 10]', 'set1': '[28, 58, 36, 18, 37, 31, 44, 39, 34, 51, 12, 56, 21, 27, 7, 24, 46, 1, 25, 2, 41, 6, 45, 29, 49, 42, 35, 30, 54, 55, 10, 50]', 'set2': '[4, 16, 28, 46, 49, 21, 58, 30, 19, 1, 37, 15, 3, 59, 51, 24, 10, 12, 34, 20, 40, 44, 35, 23, 36, 0, 43, 54, 2, 31, 57, 41]'}
Edges:
(0, 1): {}
(0, 2): {}
(0, 3): {}
(0, 4): {}
(0, 5): {}
(0, 6): {}
(0, 7): {}
(0, 8): {}
(0, 9): {}
(0, 10): {}


Step 1
========================
Action: score
Nodes: ['1', '2', '3', '4', '5', '6', '7', '8', '9', '10']
Explanation: 


Graph state:
------------------------
Nodes:
0: {'thought': {'set1': '[28, 58, 36, 18, 37, 31, 44, 39, 34, 51, 12, 56, 21, 27, 7, 24, 46, 1, 25, 2, 41, 6, 45, 29, 49, 42, 35, 30, 54, 55, 10, 50]', 'set2': '[4, 16, 28, 46, 49, 21, 58, 30, 19, 1, 37, 15, 3, 59, 51, 24, 10, 12, 34, 20, 40, 44, 35, 23, 36, 0, 43, 54, 2, 31, 57, 41]'}}
1: {'thought': '[28, 46, 21, 58, 30, 1, 37, 51, 24, 12, 34, 35, 44, 2, 41, 54, 31, 10]', 'set1': '[28, 58, 36, 18, 37, 31, 44, 39, 34, 51, 12, 56, 21, 27, 7, 24, 46, 1, 25, 2, 41, 6, 45, 29, 49, 42, 35, 30, 54, 55, 10, 50]', 'set2': '[4, 16, 28, 46, 49, 21, 58, 30, 19, 1, 37, 15, 3, 59, 51, 24, 10, 12, 34, 20, 40, 44, 35, 23, 36, 0, 43, 54, 2, 31, 57, 41]', 'score': 2}
2: {'thought': '[28, 58, 36, 37, 51, 12, 21, 24, 46, 1, 41, 44, 35, 30, 54, 49, 10, 2, 31, 34]', 'set1': '[28, 58, 36, 18, 37, 31, 44, 39, 34, 51, 12, 56, 21, 27, 7, 24, 46, 1, 25, 2, 41, 6, 45, 29, 49, 42, 35, 30, 54, 55, 10, 50]', 'set2': '[4, 16, 28, 46, 49, 21, 58, 30, 19, 1, 37, 15, 3, 59, 51, 24, 10, 12, 34, 20, 40, 44, 35, 23, 36, 0, 43, 54, 2, 31, 57, 41]', 'score': 0}
3: {'thought': '[28, 46, 58, 30, 21, 37, 1, 51, 24, 12, 34, 35, 44, 2, 41, 54, 31, 10]', 'set1': '[28, 58, 36, 18, 37, 31, 44, 39, 34, 51, 12, 56, 21, 27, 7, 24, 46, 1, 25, 2, 41, 6, 45, 29, 49, 42, 35, 30, 54, 55, 10, 50]', 'set2': '[4, 16, 28, 46, 49, 21, 58, 30, 19, 1, 37, 15, 3, 59, 51, 24, 10, 12, 34, 20, 40, 44, 35, 23, 36, 0, 43, 54, 2, 31, 57, 41]', 'score': 2}
4: {'thought': '[28, 46, 21, 58, 30, 37, 51, 24, 1, 12, 34, 44, 35, 2, 41, 54]', 'set1': '[28, 58, 36, 18, 37, 31, 44, 39, 34, 51, 12, 56, 21, 27, 7, 24, 46, 1, 25, 2, 41, 6, 45, 29, 49, 42, 35, 30, 54, 55, 10, 50]', 'set2': '[4, 16, 28, 46, 49, 21, 58, 30, 19, 1, 37, 15, 3, 59, 51, 24, 10, 12, 34, 20, 40, 44, 35, 23, 36, 0, 43, 54, 2, 31, 57, 41]', 'score': 4}
5: {'thought': '[28, 46, 21, 58, 30, 37, 1, 51, 24, 12, 34, 35, 2, 44, 41, 54, 10]', 'set1': '[28, 58, 36, 18, 37, 31, 44, 39, 34, 51, 12, 56, 21, 27, 7, 24, 46, 1, 25, 2, 41, 6, 45, 29, 49, 42, 35, 30, 54, 55, 10, 50]', 'set2': '[4, 16, 28, 46, 49, 21, 58, 30, 19, 1, 37, 15, 3, 59, 51, 24, 10, 12, 34, 20, 40, 44, 35, 23, 36, 0, 43, 54, 2, 31, 57, 41]', 'score': 3}
6: {'thought': '[28, 58, 36, 37, 31, 51, 12, 21, 24, 1, 46, 2, 41, 45, 30, 49, 35, 44, 10, 50, 54]', 'set1': '[28, 58, 36, 18, 37, 31, 44, 39, 34, 51, 12, 56, 21, 27, 7, 24, 46, 1, 25, 2, 41, 6, 45, 29, 49, 42, 35, 30, 54, 55, 10, 50]', 'set2': '[4, 16, 28, 46, 49, 21, 58, 30, 19, 1, 37, 15, 3, 59, 51, 24, 10, 12, 34, 20, 40, 44, 35, 23, 36, 0, 43, 54, 2, 31, 57, 41]', 'score': 3}
7: {'thought': '[28, 46, 21, 58, 30, 37, 1, 51, 24, 12, 34, 35, 2, 44, 54, 10, 41, 31, 36, 49]', 'set1': '[28, 58, 36, 18, 37, 31, 44, 39, 34, 51, 12, 56, 21, 27, 7, 24, 46, 1, 25, 2, 41, 6, 45, 29, 49, 42, 35, 30, 54, 55, 10, 50]', 'set2': '[4, 16, 28, 46, 49, 21, 58, 30, 19, 1, 37, 15, 3, 59, 51, 24, 10, 12, 34, 20, 40, 44, 35, 23, 36, 0, 43, 54, 2, 31, 57, 41]', 'score': 0}
8: {'thought': '[28, 46, 21, 58, 30, 51, 24, 1, 37, 12, 34, 44, 35, 2, 41, 54]', 'set1': '[28, 58, 36, 18, 37, 31, 44, 39, 34, 51, 12, 56, 21, 27, 7, 24, 46, 1, 25, 2, 41, 6, 45, 29, 49, 42, 35, 30, 54, 55, 10, 50]', 'set2': '[4, 16, 28, 46, 49, 21, 58, 30, 19, 1, 37, 15, 3, 59, 51, 24, 10, 12, 34, 20, 40, 44, 35, 23, 36, 0, 43, 54, 2, 31, 57, 41]', 'score': 4}
9: {'thought': '[28, 46, 21, 58, 30, 1, 37, 51, 24, 12, 34, 35, 2, 44, 41, 54, 31]', 'set1': '[28, 58, 36, 18, 37, 31, 44, 39, 34, 51, 12, 56, 21, 27, 7, 24, 46, 1, 25, 2, 41, 6, 45, 29, 49, 42, 35, 30, 54, 55, 10, 50]', 'set2': '[4, 16, 28, 46, 49, 21, 58, 30, 19, 1, 37, 15, 3, 59, 51, 24, 10, 12, 34, 20, 40, 44, 35, 23, 36, 0, 43, 54, 2, 31, 57, 41]', 'score': 3}
10: {'thought': '[28, 46, 21, 58, 30, 1, 37, 51, 24, 12, 34, 44, 35, 2, 41, 54, 31, 10]', 'set1': '[28, 58, 36, 18, 37, 31, 44, 39, 34, 51, 12, 56, 21, 27, 7, 24, 46, 1, 25, 2, 41, 6, 45, 29, 49, 42, 35, 30, 54, 55, 10, 50]', 'set2': '[4, 16, 28, 46, 49, 21, 58, 30, 19, 1, 37, 15, 3, 59, 51, 24, 10, 12, 34, 20, 40, 44, 35, 23, 36, 0, 43, 54, 2, 31, 57, 41]', 'score': 2}
Edges:
(0, 1): {}
(0, 2): {}
(0, 3): {}
(0, 4): {}
(0, 5): {}
(0, 6): {}
(0, 7): {}
(0, 8): {}
(0, 9): {}
(0, 10): {}


Step 2
========================
Action: keepbest
Nodes: ['1', '2', '3', '4', '5', '6', '7', '8', '9', '10']
Explanation: 


Graph state:
------------------------
Nodes:
0: {'thought': {'set1': '[28, 58, 36, 18, 37, 31, 44, 39, 34, 51, 12, 56, 21, 27, 7, 24, 46, 1, 25, 2, 41, 6, 45, 29, 49, 42, 35, 30, 54, 55, 10, 50]', 'set2': '[4, 16, 28, 46, 49, 21, 58, 30, 19, 1, 37, 15, 3, 59, 51, 24, 10, 12, 34, 20, 40, 44, 35, 23, 36, 0, 43, 54, 2, 31, 57, 41]'}}
11: {'thought': '[28, 58, 36, 37, 51, 12, 21, 24, 46, 1, 41, 44, 35, 30, 54, 49, 10, 2, 31, 34]', 'score': 2, 'set1': '[28, 58, 36, 18, 37, 31, 44, 39, 34, 51, 12, 56, 21, 27, 7, 24, 46, 1, 25, 2, 41, 6, 45, 29, 49, 42, 35, 30, 54, 55, 10, 50]', 'set2': '[4, 16, 28, 46, 49, 21, 58, 30, 19, 1, 37, 15, 3, 59, 51, 24, 10, 12, 34, 20, 40, 44, 35, 23, 36, 0, 43, 54, 2, 31, 57, 41]'}
Edges:
(0, 11): {}


Step 3
========================
Action: refine
Nodes: ['11', '11', '11', '11', '11', '11', '11', '11', '11', '11']
Explanation: 

