===============================
Solving problem 0/100
===============================

Step 0
========================
Action: intersect
Nodes: ['0', '0', '0', '0', '0', '0', '0', '0', '0', '0']
Explanation: 


Graph state:
------------------------
Nodes:
0: {'thought': {'set1': '[42, 73, 86, 39, 85, 77, 69, 59, 43, 127, 121, 88, 109, 53, 70, 66, 25, 51, 34, 78, 45, 11, 40, 99, 68, 47, 49, 41, 101, 31, 24, 84, 36, 29, 118, 75, 3, 27, 30, 80, 125, 8, 37, 46, 90, 21, 60, 83, 19, 6, 95, 117, 87, 18, 100, 13, 22, 10, 110, 102, 35, 81, 17, 63]', 'set2': '[34, 49, 116, 106, 112, 23, 5, 80, 18, 62, 90, 54, 32, 103, 37, 43, 9, 25, 92, 16, 111, 79, 64, 91, 107, 58, 72, 94, 7, 60, 33, 14, 19, 104, 28, 74, 96, 76, 38, 52, 114, 50, 17, 0, 3, 100, 69, 98, 2, 1, 99, 12, 95, 97, 123, 4, 126, 124, 82, 27, 67, 57, 115, 46]'}}
1: {'thought': '[100, 69, 90, 46, 43, 34, 95, 25, 19, 80, 37, 3, 49, 60, 33, 7]', 'set1': '[42, 73, 86, 39, 85, 77, 69, 59, 43, 127, 121, 88, 109, 53, 70, 66, 25, 51, 34, 78, 45, 11, 40, 99, 68, 47, 49, 41, 101, 31, 24, 84, 36, 29, 118, 75, 3, 27, 30, 80, 125, 8, 37, 46, 90, 21, 60, 83, 19, 6, 95, 117, 87, 18, 100, 13, 22, 10, 110, 102, 35, 81, 17, 63]', 'set2': '[34, 49, 116, 106, 112, 23, 5, 80, 18, 62, 90, 54, 32, 103, 37, 43, 9, 25, 92, 16, 111, 79, 64, 91, 107, 58, 72, 94, 7, 60, 33, 14, 19, 104, 28, 74, 96, 76, 38, 52, 114, 50, 17, 0, 3, 100, 69, 98, 2, 1, 99, 12, 95, 97, 123, 4, 126, 124, 82, 27, 67, 57, 115, 46]'}
2: {'thought': '[90, 69, 3, 100, 95, 99, 34, 43, 25, 60, 19, 37, 49, 46, 80]', 'set1': '[42, 73, 86, 39, 85, 77, 69, 59, 43, 127, 121, 88, 109, 53, 70, 66, 25, 51, 34, 78, 45, 11, 40, 99, 68, 47, 49, 41, 101, 31, 24, 84, 36, 29, 118, 75, 3, 27, 30, 80, 125, 8, 37, 46, 90, 21, 60, 83, 19, 6, 95, 117, 87, 18, 100, 13, 22, 10, 110, 102, 35, 81, 17, 63]', 'set2': '[34, 49, 116, 106, 112, 23, 5, 80, 18, 62, 90, 54, 32, 103, 37, 43, 9, 25, 92, 16, 111, 79, 64, 91, 107, 58, 72, 94, 7, 60, 33, 14, 19, 104, 28, 74, 96, 76, 38, 52, 114, 50, 17, 0, 3, 100, 69, 98, 2, 1, 99, 12, 95, 97, 123, 4, 126, 124, 82, 27, 67, 57, 115, 46]'}
3: {'thought': '[90, 43, 49, 60, 80, 25, 34, 100, 69, 19, 3, 95, 99, 7, 46, 17, 103]', 'set1': '[42, 73, 86, 39, 85, 77, 69, 59, 43, 127, 121, 88, 109, 53, 70, 66, 25, 51, 34, 78, 45, 11, 40, 99, 68, 47, 49, 41, 101, 31, 24, 84, 36, 29, 118, 75, 3, 27, 30, 80, 125, 8, 37, 46, 90, 21, 60, 83, 19, 6, 95, 117, 87, 18, 100, 13, 22, 10, 110, 102, 35, 81, 17, 63]', 'set2': '[34, 49, 116, 106, 112, 23, 5, 80, 18, 62, 90, 54, 32, 103, 37, 43, 9, 25, 92, 16, 111, 79, 64, 91, 107, 58, 72, 94, 7, 60, 33, 14, 19, 104, 28, 74, 96, 76, 38, 52, 114, 50, 17, 0, 3, 100, 69, 98, 2, 1, 99, 12, 95, 97, 123, 4, 126, 124, 82, 27, 67, 57, 115, 46]'}
4: {'thought': '[49, 34, 43, 90, 60, 19, 25, 3, 69, 100, 95, 33, 99, 7, 46, 80, 18, 37]', 'set1': '[42, 73, 86, 39, 85, 77, 69, 59, 43, 127, 121, 88, 109, 53, 70, 66, 25, 51, 34, 78, 45, 11, 40, 99, 68, 47, 49, 41, 101, 31, 24, 84, 36, 29, 118, 75, 3, 27, 30, 80, 125, 8, 37, 46, 90, 21, 60, 83, 19, 6, 95, 117, 87, 18, 100, 13, 22, 10, 110, 102, 35, 81, 17, 63]', 'set2': '[34, 49, 116, 106, 112, 23, 5, 80, 18, 62, 90, 54, 32, 103, 37, 43, 9, 25, 92, 16, 111, 79, 64, 91, 107, 58, 72, 94, 7, 60, 33, 14, 19, 104, 28, 74, 96, 76, 38, 52, 114, 50, 17, 0, 3, 100, 69, 98, 2, 1, 99, 12, 95, 97, 123, 4, 126, 124, 82, 27, 67, 57, 115, 46]'}
5: {'thought': '[90, 43, 34, 49, 25, 60, 19, 69, 100, 99, 95, 3, 7, 37, 46, 18, 33]', 'set1': '[42, 73, 86, 39, 85, 77, 69, 59, 43, 127, 121, 88, 109, 53, 70, 66, 25, 51, 34, 78, 45, 11, 40, 99, 68, 47, 49, 41, 101, 31, 24, 84, 36, 29, 118, 75, 3, 27, 30, 80, 125, 8, 37, 46, 90, 21, 60, 83, 19, 6, 95, 117, 87, 18, 100, 13, 22, 10, 110, 102, 35, 81, 17, 63]', 'set2': '[34, 49, 116, 106, 112, 23, 5, 80, 18, 62, 90, 54, 32, 103, 37, 43, 9, 25, 92, 16, 111, 79, 64, 91, 107, 58, 72, 94, 7, 60, 33, 14, 19, 104, 28, 74, 96, 76, 38, 52, 114, 50, 17, 0, 3, 100, 69, 98, 2, 1, 99, 12, 95, 97, 123, 4, 126, 124, 82, 27, 67, 57, 115, 46]'}
6: {'thought': '[90, 43, 34, 25, 49, 40, 99, 68, 45, 11, 78, 84, 39, 75, 30, 27, 19, 3, 60, 95, 100, 35, 49, 18, 43, 7, 69, 46]', 'set1': '[42, 73, 86, 39, 85, 77, 69, 59, 43, 127, 121, 88, 109, 53, 70, 66, 25, 51, 34, 78, 45, 11, 40, 99, 68, 47, 49, 41, 101, 31, 24, 84, 36, 29, 118, 75, 3, 27, 30, 80, 125, 8, 37, 46, 90, 21, 60, 83, 19, 6, 95, 117, 87, 18, 100, 13, 22, 10, 110, 102, 35, 81, 17, 63]', 'set2': '[34, 49, 116, 106, 112, 23, 5, 80, 18, 62, 90, 54, 32, 103, 37, 43, 9, 25, 92, 16, 111, 79, 64, 91, 107, 58, 72, 94, 7, 60, 33, 14, 19, 104, 28, 74, 96, 76, 38, 52, 114, 50, 17, 0, 3, 100, 69, 98, 2, 1, 99, 12, 95, 97, 123, 4, 126, 124, 82, 27, 67, 57, 115, 46]'}
7: {'thought': '[90, 49, 34, 43, 60, 19, 95, 69, 100, 99, 3, 25, 107 is not present,  103 is not present,  27, 7, 46, 18, 33]', 'set1': '[42, 73, 86, 39, 85, 77, 69, 59, 43, 127, 121, 88, 109, 53, 70, 66, 25, 51, 34, 78, 45, 11, 40, 99, 68, 47, 49, 41, 101, 31, 24, 84, 36, 29, 118, 75, 3, 27, 30, 80, 125, 8, 37, 46, 90, 21, 60, 83, 19, 6, 95, 117, 87, 18, 100, 13, 22, 10, 110, 102, 35, 81, 17, 63]', 'set2': '[34, 49, 116, 106, 112, 23, 5, 80, 18, 62, 90, 54, 32, 103, 37, 43, 9, 25, 92, 16, 111, 79, 64, 91, 107, 58, 72, 94, 7, 60, 33, 14, 19, 104, 28, 74, 96, 76, 38, 52, 114, 50, 17, 0, 3, 100, 69, 98, 2, 1, 99, 12, 95, 97, 123, 4, 126, 124, 82, 27, 67, 57, 115, 46]'}
8: {'thought': '[34, 43, 49, 90, 69, 95, 100, 3, 19, 60, 33, 99, 46, 25, 18, 37, 7]', 'set1': '[42, 73, 86, 39, 85, 77, 69, 59, 43, 127, 121, 88, 109, 53, 70, 66, 25, 51, 34, 78, 45, 11, 40, 99, 68, 47, 49, 41, 101, 31, 24, 84, 36, 29, 118, 75, 3, 27, 30, 80, 125, 8, 37, 46, 90, 21, 60, 83, 19, 6, 95, 117, 87, 18, 100, 13, 22, 10, 110, 102, 35, 81, 17, 63]', 'set2': '[34, 49, 116, 106, 112, 23, 5, 80, 18, 62, 90, 54, 32, 103, 37, 43, 9, 25, 92, 16, 111, 79, 64, 91, 107, 58, 72, 94, 7, 60, 33, 14, 19, 104, 28, 74, 96, 76, 38, 52, 114, 50, 17, 0, 3, 100, 69, 98, 2, 1, 99, 12, 95, 97, 123, 4, 126, 124, 82, 27, 67, 57, 115, 46]'}
9: {'thought': '[34, 49, 90, 43, 25, 60, 37, 43, 19, 3, 100, 69, 95, 99, 46]', 'set1': '[42, 73, 86, 39, 85, 77, 69, 59, 43, 127, 121, 88, 109, 53, 70, 66, 25, 51, 34, 78, 45, 11, 40, 99, 68, 47, 49, 41, 101, 31, 24, 84, 36, 29, 118, 75, 3, 27, 30, 80, 125, 8, 37, 46, 90, 21, 60, 83, 19, 6, 95, 117, 87, 18, 100, 13, 22, 10, 110, 102, 35, 81, 17, 63]', 'set2': '[34, 49, 116, 106, 112, 23, 5, 80, 18, 62, 90, 54, 32, 103, 37, 43, 9, 25, 92, 16, 111, 79, 64, 91, 107, 58, 72, 94, 7, 60, 33, 14, 19, 104, 28, 74, 96, 76, 38, 52, 114, 50, 17, 0, 3, 100, 69, 98, 2, 1, 99, 12, 95, 97, 123, 4, 126, 124, 82, 27, 67, 57, 115, 46]'}
10: {'thought': '[90, 43, 34, 49, 25, 60, 19, 63, 7, 69, 100, 3, 99, 95, 18, 46]', 'set1': '[42, 73, 86, 39, 85, 77, 69, 59, 43, 127, 121, 88, 109, 53, 70, 66, 25, 51, 34, 78, 45, 11, 40, 99, 68, 47, 49, 41, 101, 31, 24, 84, 36, 29, 118, 75, 3, 27, 30, 80, 125, 8, 37, 46, 90, 21, 60, 83, 19, 6, 95, 117, 87, 18, 100, 13, 22, 10, 110, 102, 35, 81, 17, 63]', 'set2': '[34, 49, 116, 106, 112, 23, 5, 80, 18, 62, 90, 54, 32, 103, 37, 43, 9, 25, 92, 16, 111, 79, 64, 91, 107, 58, 72, 94, 7, 60, 33, 14, 19, 104, 28, 74, 96, 76, 38, 52, 114, 50, 17, 0, 3, 100, 69, 98, 2, 1, 99, 12, 95, 97, 123, 4, 126, 124, 82, 27, 67, 57, 115, 46]'}
Edges:
(0, 1): {}
(0, 2): {}
(0, 3): {}
(0, 4): {}
(0, 5): {}
(0, 6): {}
(0, 7): {}
(0, 8): {}
(0, 9): {}
(0, 10): {}


Step 1
========================
Action: score
Nodes: ['1', '2', '3', '4', '5', '6', '7', '8', '9', '10']
Explanation: 


Graph state:
------------------------
Nodes:
0: {'thought': {'set1': '[42, 73, 86, 39, 85, 77, 69, 59, 43, 127, 121, 88, 109, 53, 70, 66, 25, 51, 34, 78, 45, 11, 40, 99, 68, 47, 49, 41, 101, 31, 24, 84, 36, 29, 118, 75, 3, 27, 30, 80, 125, 8, 37, 46, 90, 21, 60, 83, 19, 6, 95, 117, 87, 18, 100, 13, 22, 10, 110, 102, 35, 81, 17, 63]', 'set2': '[34, 49, 116, 106, 112, 23, 5, 80, 18, 62, 90, 54, 32, 103, 37, 43, 9, 25, 92, 16, 111, 79, 64, 91, 107, 58, 72, 94, 7, 60, 33, 14, 19, 104, 28, 74, 96, 76, 38, 52, 114, 50, 17, 0, 3, 100, 69, 98, 2, 1, 99, 12, 95, 97, 123, 4, 126, 124, 82, 27, 67, 57, 115, 46]'}}
1: {'thought': '[100, 69, 90, 46, 43, 34, 95, 25, 19, 80, 37, 3, 49, 60, 33, 7]', 'set1': '[42, 73, 86, 39, 85, 77, 69, 59, 43, 127, 121, 88, 109, 53, 70, 66, 25, 51, 34, 78, 45, 11, 40, 99, 68, 47, 49, 41, 101, 31, 24, 84, 36, 29, 118, 75, 3, 27, 30, 80, 125, 8, 37, 46, 90, 21, 60, 83, 19, 6, 95, 117, 87, 18, 100, 13, 22, 10, 110, 102, 35, 81, 17, 63]', 'set2': '[34, 49, 116, 106, 112, 23, 5, 80, 18, 62, 90, 54, 32, 103, 37, 43, 9, 25, 92, 16, 111, 79, 64, 91, 107, 58, 72, 94, 7, 60, 33, 14, 19, 104, 28, 74, 96, 76, 38, 52, 114, 50, 17, 0, 3, 100, 69, 98, 2, 1, 99, 12, 95, 97, 123, 4, 126, 124, 82, 27, 67, 57, 115, 46]', 'score': 6}
2: {'thought': '[90, 69, 3, 100, 95, 99, 34, 43, 25, 60, 19, 37, 49, 46, 80]', 'set1': '[42, 73, 86, 39, 85, 77, 69, 59, 43, 127, 121, 88, 109, 53, 70, 66, 25, 51, 34, 78, 45, 11, 40, 99, 68, 47, 49, 41, 101, 31, 24, 84, 36, 29, 118, 75, 3, 27, 30, 80, 125, 8, 37, 46, 90, 21, 60, 83, 19, 6, 95, 117, 87, 18, 100, 13, 22, 10, 110, 102, 35, 81, 17, 63]', 'set2': '[34, 49, 116, 106, 112, 23, 5, 80, 18, 62, 90, 54, 32, 103, 37, 43, 9, 25, 92, 16, 111, 79, 64, 91, 107, 58, 72, 94, 7, 60, 33, 14, 19, 104, 28, 74, 96, 76, 38, 52, 114, 50, 17, 0, 3, 100, 69, 98, 2, 1, 99, 12, 95, 97, 123, 4, 126, 124, 82, 27, 67, 57, 115, 46]', 'score': 3}
3: {'thought': '[90, 43, 49, 60, 80, 25, 34, 100, 69, 19, 3, 95, 99, 7, 46, 17, 103]', 'set1': '[42, 73, 86, 39, 85, 77, 69, 59, 43, 127, 121, 88, 109, 53, 70, 66, 25, 51, 34, 78, 45, 11, 40, 99, 68, 47, 49, 41, 101, 31, 24, 84, 36, 29, 118, 75, 3, 27, 30, 80, 125, 8, 37, 46, 90, 21, 60, 83, 19, 6, 95, 117, 87, 18, 100, 13, 22, 10, 110, 102, 35, 81, 17, 63]', 'set2': '[34, 49, 116, 106, 112, 23, 5, 80, 18, 62, 90, 54, 32, 103, 37, 43, 9, 25, 92, 16, 111, 79, 64, 91, 107, 58, 72, 94, 7, 60, 33, 14, 19, 104, 28, 74, 96, 76, 38, 52, 114, 50, 17, 0, 3, 100, 69, 98, 2, 1, 99, 12, 95, 97, 123, 4, 126, 124, 82, 27, 67, 57, 115, 46]', 'score': 5}
4: {'thought': '[49, 34, 43, 90, 60, 19, 25, 3, 69, 100, 95, 33, 99, 7, 46, 80, 18, 37]', 'set1': '[42, 73, 86, 39, 85, 77, 69, 59, 43, 127, 121, 88, 109, 53, 70, 66, 25, 51, 34, 78, 45, 11, 40, 99, 68, 47, 49, 41, 101, 31, 24, 84, 36, 29, 118, 75, 3, 27, 30, 80, 125, 8, 37, 46, 90, 21, 60, 83, 19, 6, 95, 117, 87, 18, 100, 13, 22, 10, 110, 102, 35, 81, 17, 63]', 'set2': '[34, 49, 116, 106, 112, 23, 5, 80, 18, 62, 90, 54, 32, 103, 37, 43, 9, 25, 92, 16, 111, 79, 64, 91, 107, 58, 72, 94, 7, 60, 33, 14, 19, 104, 28, 74, 96, 76, 38, 52, 114, 50, 17, 0, 3, 100, 69, 98, 2, 1, 99, 12, 95, 97, 123, 4, 126, 124, 82, 27, 67, 57, 115, 46]', 'score': 4}
5: {'thought': '[90, 43, 34, 49, 25, 60, 19, 69, 100, 99, 95, 3, 7, 37, 46, 18, 33]', 'set1': '[42, 73, 86, 39, 85, 77, 69, 59, 43, 127, 121, 88, 109, 53, 70, 66, 25, 51, 34, 78, 45, 11, 40, 99, 68, 47, 49, 41, 101, 31, 24, 84, 36, 29, 118, 75, 3, 27, 30, 80, 125, 8, 37, 46, 90, 21, 60, 83, 19, 6, 95, 117, 87, 18, 100, 13, 22, 10, 110, 102, 35, 81, 17, 63]', 'set2': '[34, 49, 116, 106, 112, 23, 5, 80, 18, 62, 90, 54, 32, 103, 37, 43, 9, 25, 92, 16, 111, 79, 64, 91, 107, 58, 72, 94, 7, 60, 33, 14, 19, 104, 28, 74, 96, 76, 38, 52, 114, 50, 17, 0, 3, 100, 69, 98, 2, 1, 99, 12, 95, 97, 123, 4, 126, 124, 82, 27, 67, 57, 115, 46]', 'score': 5}
6: {'thought': '[90, 43, 34, 25, 49, 40, 99, 68, 45, 11, 78, 84, 39, 75, 30, 27, 19, 3, 60, 95, 100, 35, 49, 18, 43, 7, 69, 46]', 'set1': '[42, 73, 86, 39, 85, 77, 69, 59, 43, 127, 121, 88, 109, 53, 70, 66, 25, 51, 34, 78, 45, 11, 40, 99, 68, 47, 49, 41, 101, 31, 24, 84, 36, 29, 118, 75, 3, 27, 30, 80, 125, 8, 37, 46, 90, 21, 60, 83, 19, 6, 95, 117, 87, 18, 100, 13, 22, 10, 110, 102, 35, 81, 17, 63]', 'set2': '[34, 49, 116, 106, 112, 23, 5, 80, 18, 62, 90, 54, 32, 103, 37, 43, 9, 25, 92, 16, 111, 79, 64, 91, 107, 58, 72, 94, 7, 60, 33, 14, 19, 104, 28, 74, 96, 76, 38, 52, 114, 50, 17, 0, 3, 100, 69, 98, 2, 1, 99, 12, 95, 97, 123, 4, 126, 124, 82, 27, 67, 57, 115, 46]', 'score': 16}
7: {'thought': '[90, 49, 34, 43, 60, 19, 95, 69, 100, 99, 3, 25, 107 is not present,  103 is not present,  27, 7, 46, 18, 33]', 'set1': '[42, 73, 86, 39, 85, 77, 69, 59, 43, 127, 121, 88, 109, 53, 70, 66, 25, 51, 34, 78, 45, 11, 40, 99, 68, 47, 49, 41, 101, 31, 24, 84, 36, 29, 118, 75, 3, 27, 30, 80, 125, 8, 37, 46, 90, 21, 60, 83, 19, 6, 95, 117, 87, 18, 100, 13, 22, 10, 110, 102, 35, 81, 17, 63]', 'set2': '[34, 49, 116, 106, 112, 23, 5, 80, 18, 62, 90, 54, 32, 103, 37, 43, 9, 25, 92, 16, 111, 79, 64, 91, 107, 58, 72, 94, 7, 60, 33, 14, 19, 104, 28, 74, 96, 76, 38, 52, 114, 50, 17, 0, 3, 100, 69, 98, 2, 1, 99, 12, 95, 97, 123, 4, 126, 124, 82, 27, 67, 57, 115, 46]', 'score': 1000000}
8: {'thought': '[34, 43, 49, 90, 69, 95, 100, 3, 19, 60, 33, 99, 46, 25, 18, 37, 7]', 'set1': '[42, 73, 86, 39, 85, 77, 69, 59, 43, 127, 121, 88, 109, 53, 70, 66, 25, 51, 34, 78, 45, 11, 40, 99, 68, 47, 49, 41, 101, 31, 24, 84, 36, 29, 118, 75, 3, 27, 30, 80, 125, 8, 37, 46, 90, 21, 60, 83, 19, 6, 95, 117, 87, 18, 100, 13, 22, 10, 110, 102, 35, 81, 17, 63]', 'set2': '[34, 49, 116, 106, 112, 23, 5, 80, 18, 62, 90, 54, 32, 103, 37, 43, 9, 25, 92, 16, 111, 79, 64, 91, 107, 58, 72, 94, 7, 60, 33, 14, 19, 104, 28, 74, 96, 76, 38, 52, 114, 50, 17, 0, 3, 100, 69, 98, 2, 1, 99, 12, 95, 97, 123, 4, 126, 124, 82, 27, 67, 57, 115, 46]', 'score': 5}
9: {'thought': '[34, 49, 90, 43, 25, 60, 37, 43, 19, 3, 100, 69, 95, 99, 46]', 'set1': '[42, 73, 86, 39, 85, 77, 69, 59, 43, 127, 121, 88, 109, 53, 70, 66, 25, 51, 34, 78, 45, 11, 40, 99, 68, 47, 49, 41, 101, 31, 24, 84, 36, 29, 118, 75, 3, 27, 30, 80, 125, 8, 37, 46, 90, 21, 60, 83, 19, 6, 95, 117, 87, 18, 100, 13, 22, 10, 110, 102, 35, 81, 17, 63]', 'set2': '[34, 49, 116, 106, 112, 23, 5, 80, 18, 62, 90, 54, 32, 103, 37, 43, 9, 25, 92, 16, 111, 79, 64, 91, 107, 58, 72, 94, 7, 60, 33, 14, 19, 104, 28, 74, 96, 76, 38, 52, 114, 50, 17, 0, 3, 100, 69, 98, 2, 1, 99, 12, 95, 97, 123, 4, 126, 124, 82, 27, 67, 57, 115, 46]', 'score': 5}
10: {'thought': '[90, 43, 34, 49, 25, 60, 19, 63, 7, 69, 100, 3, 99, 95, 18, 46]', 'set1': '[42, 73, 86, 39, 85, 77, 69, 59, 43, 127, 121, 88, 109, 53, 70, 66, 25, 51, 34, 78, 45, 11, 40, 99, 68, 47, 49, 41, 101, 31, 24, 84, 36, 29, 118, 75, 3, 27, 30, 80, 125, 8, 37, 46, 90, 21, 60, 83, 19, 6, 95, 117, 87, 18, 100, 13, 22, 10, 110, 102, 35, 81, 17, 63]', 'set2': '[34, 49, 116, 106, 112, 23, 5, 80, 18, 62, 90, 54, 32, 103, 37, 43, 9, 25, 92, 16, 111, 79, 64, 91, 107, 58, 72, 94, 7, 60, 33, 14, 19, 104, 28, 74, 96, 76, 38, 52, 114, 50, 17, 0, 3, 100, 69, 98, 2, 1, 99, 12, 95, 97, 123, 4, 126, 124, 82, 27, 67, 57, 115, 46]', 'score': 6}
Edges:
(0, 1): {}
(0, 2): {}
(0, 3): {}
(0, 4): {}
(0, 5): {}
(0, 6): {}
(0, 7): {}
(0, 8): {}
(0, 9): {}
(0, 10): {}


Step 2
========================
Action: keepbest
Nodes: ['1', '2', '3', '4', '5', '6', '7', '8', '9', '10']
Explanation: 


Graph state:
------------------------
Nodes:
0: {'thought': {'set1': '[42, 73, 86, 39, 85, 77, 69, 59, 43, 127, 121, 88, 109, 53, 70, 66, 25, 51, 34, 78, 45, 11, 40, 99, 68, 47, 49, 41, 101, 31, 24, 84, 36, 29, 118, 75, 3, 27, 30, 80, 125, 8, 37, 46, 90, 21, 60, 83, 19, 6, 95, 117, 87, 18, 100, 13, 22, 10, 110, 102, 35, 81, 17, 63]', 'set2': '[34, 49, 116, 106, 112, 23, 5, 80, 18, 62, 90, 54, 32, 103, 37, 43, 9, 25, 92, 16, 111, 79, 64, 91, 107, 58, 72, 94, 7, 60, 33, 14, 19, 104, 28, 74, 96, 76, 38, 52, 114, 50, 17, 0, 3, 100, 69, 98, 2, 1, 99, 12, 95, 97, 123, 4, 126, 124, 82, 27, 67, 57, 115, 46]'}}
11: {'thought': '[90, 69, 3, 100, 95, 99, 34, 43, 25, 60, 19, 37, 49, 46, 80]', 'score': 6, 'set1': '[42, 73, 86, 39, 85, 77, 69, 59, 43, 127, 121, 88, 109, 53, 70, 66, 25, 51, 34, 78, 45, 11, 40, 99, 68, 47, 49, 41, 101, 31, 24, 84, 36, 29, 118, 75, 3, 27, 30, 80, 125, 8, 37, 46, 90, 21, 60, 83, 19, 6, 95, 117, 87, 18, 100, 13, 22, 10, 110, 102, 35, 81, 17, 63]', 'set2': '[34, 49, 116, 106, 112, 23, 5, 80, 18, 62, 90, 54, 32, 103, 37, 43, 9, 25, 92, 16, 111, 79, 64, 91, 107, 58, 72, 94, 7, 60, 33, 14, 19, 104, 28, 74, 96, 76, 38, 52, 114, 50, 17, 0, 3, 100, 69, 98, 2, 1, 99, 12, 95, 97, 123, 4, 126, 124, 82, 27, 67, 57, 115, 46]'}
Edges:
(0, 11): {}


Step 3
========================
Action: refine
Nodes: ['11', '11', '11', '11', '11', '11', '11', '11', '11', '11']
Explanation: 


Graph state:
------------------------
Nodes:
0: {'thought': {'set1': '[42, 73, 86, 39, 85, 77, 69, 59, 43, 127, 121, 88, 109, 53, 70, 66, 25, 51, 34, 78, 45, 11, 40, 99, 68, 47, 49, 41, 101, 31, 24, 84, 36, 29, 118, 75, 3, 27, 30, 80, 125, 8, 37, 46, 90, 21, 60, 83, 19, 6, 95, 117, 87, 18, 100, 13, 22, 10, 110, 102, 35, 81, 17, 63]', 'set2': '[34, 49, 116, 106, 112, 23, 5, 80, 18, 62, 90, 54, 32, 103, 37, 43, 9, 25, 92, 16, 111, 79, 64, 91, 107, 58, 72, 94, 7, 60, 33, 14, 19, 104, 28, 74, 96, 76, 38, 52, 114, 50, 17, 0, 3, 100, 69, 98, 2, 1, 99, 12, 95, 97, 123, 4, 126, 124, 82, 27, 67, 57, 115, 46]'}}
11: {'thought': '[90, 69, 3, 100, 95, 99, 34, 43, 25, 60, 19, 37, 49, 46, 80]', 'score': 6, 'set1': '[42, 73, 86, 39, 85, 77, 69, 59, 43, 127, 121, 88, 109, 53, 70, 66, 25, 51, 34, 78, 45, 11, 40, 99, 68, 47, 49, 41, 101, 31, 24, 84, 36, 29, 118, 75, 3, 27, 30, 80, 125, 8, 37, 46, 90, 21, 60, 83, 19, 6, 95, 117, 87, 18, 100, 13, 22, 10, 110, 102, 35, 81, 17, 63]', 'set2': '[34, 49, 116, 106, 112, 23, 5, 80, 18, 62, 90, 54, 32, 103, 37, 43, 9, 25, 92, 16, 111, 79, 64, 91, 107, 58, 72, 94, 7, 60, 33, 14, 19, 104, 28, 74, 96, 76, 38, 52, 114, 50, 17, 0, 3, 100, 69, 98, 2, 1, 99, 12, 95, 97, 123, 4, 126, 124, 82, 27, 67, 57, 115, 46]'}
12: {'thought': '[90, 69, 3, 100, 95, 99, 34, 43, 25, 60, 19, 37, 49, 46, 80]', 'set1': '[42, 73, 86, 39, 85, 77, 69, 59, 43, 127, 121, 88, 109, 53, 70, 66, 25, 51, 34, 78, 45, 11, 40, 99, 68, 47, 49, 41, 101, 31, 24, 84, 36, 29, 118, 75, 3, 27, 30, 80, 125, 8, 37, 46, 90, 21, 60, 83, 19, 6, 95, 117, 87, 18, 100, 13, 22, 10, 110, 102, 35, 81, 17, 63]', 'set2': '[34, 49, 116, 106, 112, 23, 5, 80, 18, 62, 90, 54, 32, 103, 37, 43, 9, 25, 92, 16, 111, 79, 64, 91, 107, 58, 72, 94, 7, 60, 33, 14, 19, 104, 28, 74, 96, 76, 38, 52, 114, 50, 17, 0, 3, 100, 69, 98, 2, 1, 99, 12, 95, 97, 123, 4, 126, 124, 82, 27, 67, 57, 115, 46]'}
13: {'thought': '[90, 69, 3, 100, 95, 99, 34, 43, 25, 60, 19, 37, 49, 46, 80]', 'set1': '[42, 73, 86, 39, 85, 77, 69, 59, 43, 127, 121, 88, 109, 53, 70, 66, 25, 51, 34, 78, 45, 11, 40, 99, 68, 47, 49, 41, 101, 31, 24, 84, 36, 29, 118, 75, 3, 27, 30, 80, 125, 8, 37, 46, 90, 21, 60, 83, 19, 6, 95, 117, 87, 18, 100, 13, 22, 10, 110, 102, 35, 81, 17, 63]', 'set2': '[34, 49, 116, 106, 112, 23, 5, 80, 18, 62, 90, 54, 32, 103, 37, 43, 9, 25, 92, 16, 111, 79, 64, 91, 107, 58, 72, 94, 7, 60, 33, 14, 19, 104, 28, 74, 96, 76, 38, 52, 114, 50, 17, 0, 3, 100, 69, 98, 2, 1, 99, 12, 95, 97, 123, 4, 126, 124, 82, 27, 67, 57, 115, 46]'}
14: {'thought': '[90, 69, 3, 100, 95, 99, 34, 43, 25, 60, 19, 37, 49, 46, 80]', 'set1': '[42, 73, 86, 39, 85, 77, 69, 59, 43, 127, 121, 88, 109, 53, 70, 66, 25, 51, 34, 78, 45, 11, 40, 99, 68, 47, 49, 41, 101, 31, 24, 84, 36, 29, 118, 75, 3, 27, 30, 80, 125, 8, 37, 46, 90, 21, 60, 83, 19, 6, 95, 117, 87, 18, 100, 13, 22, 10, 110, 102, 35, 81, 17, 63]', 'set2': '[34, 49, 116, 106, 112, 23, 5, 80, 18, 62, 90, 54, 32, 103, 37, 43, 9, 25, 92, 16, 111, 79, 64, 91, 107, 58, 72, 94, 7, 60, 33, 14, 19, 104, 28, 74, 96, 76, 38, 52, 114, 50, 17, 0, 3, 100, 69, 98, 2, 1, 99, 12, 95, 97, 123, 4, 126, 124, 82, 27, 67, 57, 115, 46]'}
15: {'thought': '[90, 69, 3, 100, 95, 99, 34, 43, 25, 60, 19, 37, 49, 46, 80]', 'set1': '[42, 73, 86, 39, 85, 77, 69, 59, 43, 127, 121, 88, 109, 53, 70, 66, 25, 51, 34, 78, 45, 11, 40, 99, 68, 47, 49, 41, 101, 31, 24, 84, 36, 29, 118, 75, 3, 27, 30, 80, 125, 8, 37, 46, 90, 21, 60, 83, 19, 6, 95, 117, 87, 18, 100, 13, 22, 10, 110, 102, 35, 81, 17, 63]', 'set2': '[34, 49, 116, 106, 112, 23, 5, 80, 18, 62, 90, 54, 32, 103, 37, 43, 9, 25, 92, 16, 111, 79, 64, 91, 107, 58, 72, 94, 7, 60, 33, 14, 19, 104, 28, 74, 96, 76, 38, 52, 114, 50, 17, 0, 3, 100, 69, 98, 2, 1, 99, 12, 95, 97, 123, 4, 126, 124, 82, 27, 67, 57, 115, 46]'}
16: {'thought': '[90, 69, 3, 100, 95, 99, 34, 43, 25, 60, 19, 37, 49, 46, 80]', 'set1': '[42, 73, 86, 39, 85, 77, 69, 59, 43, 127, 121, 88, 109, 53, 70, 66, 25, 51, 34, 78, 45, 11, 40, 99, 68, 47, 49, 41, 101, 31, 24, 84, 36, 29, 118, 75, 3, 27, 30, 80, 125, 8, 37, 46, 90, 21, 60, 83, 19, 6, 95, 117, 87, 18, 100, 13, 22, 10, 110, 102, 35, 81, 17, 63]', 'set2': '[34, 49, 116, 106, 112, 23, 5, 80, 18, 62, 90, 54, 32, 103, 37, 43, 9, 25, 92, 16, 111, 79, 64, 91, 107, 58, 72, 94, 7, 60, 33, 14, 19, 104, 28, 74, 96, 76, 38, 52, 114, 50, 17, 0, 3, 100, 69, 98, 2, 1, 99, 12, 95, 97, 123, 4, 126, 124, 82, 27, 67, 57, 115, 46]'}
17: {'thought': '[90, 69, 3, 100, 95, 99, 34, 43, 25, 60, 19, 37, 49, 46, 80]', 'set1': '[42, 73, 86, 39, 85, 77, 69, 59, 43, 127, 121, 88, 109, 53, 70, 66, 25, 51, 34, 78, 45, 11, 40, 99, 68, 47, 49, 41, 101, 31, 24, 84, 36, 29, 118, 75, 3, 27, 30, 80, 125, 8, 37, 46, 90, 21, 60, 83, 19, 6, 95, 117, 87, 18, 100, 13, 22, 10, 110, 102, 35, 81, 17, 63]', 'set2': '[34, 49, 116, 106, 112, 23, 5, 80, 18, 62, 90, 54, 32, 103, 37, 43, 9, 25, 92, 16, 111, 79, 64, 91, 107, 58, 72, 94, 7, 60, 33, 14, 19, 104, 28, 74, 96, 76, 38, 52, 114, 50, 17, 0, 3, 100, 69, 98, 2, 1, 99, 12, 95, 97, 123, 4, 126, 124, 82, 27, 67, 57, 115, 46]'}
18: {'thought': '[90, 69, 3, 100, 95, 99, 34, 43, 25, 60, 19, 37, 49, 46, 80]', 'set1': '[42, 73, 86, 39, 85, 77, 69, 59, 43, 127, 121, 88, 109, 53, 70, 66, 25, 51, 34, 78, 45, 11, 40, 99, 68, 47, 49, 41, 101, 31, 24, 84, 36, 29, 118, 75, 3, 27, 30, 80, 125, 8, 37, 46, 90, 21, 60, 83, 19, 6, 95, 117, 87, 18, 100, 13, 22, 10, 110, 102, 35, 81, 17, 63]', 'set2': '[34, 49, 116, 106, 112, 23, 5, 80, 18, 62, 90, 54, 32, 103, 37, 43, 9, 25, 92, 16, 111, 79, 64, 91, 107, 58, 72, 94, 7, 60, 33, 14, 19, 104, 28, 74, 96, 76, 38, 52, 114, 50, 17, 0, 3, 100, 69, 98, 2, 1, 99, 12, 95, 97, 123, 4, 126, 124, 82, 27, 67, 57, 115, 46]'}
19: {'thought': '[90, 69, 3, 100, 95, 99, 34, 43, 25, 60, 19, 37, 49, 46, 80]', 'set1': '[42, 73, 86, 39, 85, 77, 69, 59, 43, 127, 121, 88, 109, 53, 70, 66, 25, 51, 34, 78, 45, 11, 40, 99, 68, 47, 49, 41, 101, 31, 24, 84, 36, 29, 118, 75, 3, 27, 30, 80, 125, 8, 37, 46, 90, 21, 60, 83, 19, 6, 95, 117, 87, 18, 100, 13, 22, 10, 110, 102, 35, 81, 17, 63]', 'set2': '[34, 49, 116, 106, 112, 23, 5, 80, 18, 62, 90, 54, 32, 103, 37, 43, 9, 25, 92, 16, 111, 79, 64, 91, 107, 58, 72, 94, 7, 60, 33, 14, 19, 104, 28, 74, 96, 76, 38, 52, 114, 50, 17, 0, 3, 100, 69, 98, 2, 1, 99, 12, 95, 97, 123, 4, 126, 124, 82, 27, 67, 57, 115, 46]'}
20: {'thought': '[90, 69, 3, 100, 95, 99, 34, 43, 25, 60, 19, 37, 49, 46, 80]', 'set1': '[42, 73, 86, 39, 85, 77, 69, 59, 43, 127, 121, 88, 109, 53, 70, 66, 25, 51, 34, 78, 45, 11, 40, 99, 68, 47, 49, 41, 101, 31, 24, 84, 36, 29, 118, 75, 3, 27, 30, 80, 125, 8, 37, 46, 90, 21, 60, 83, 19, 6, 95, 117, 87, 18, 100, 13, 22, 10, 110, 102, 35, 81, 17, 63]', 'set2': '[34, 49, 116, 106, 112, 23, 5, 80, 18, 62, 90, 54, 32, 103, 37, 43, 9, 25, 92, 16, 111, 79, 64, 91, 107, 58, 72, 94, 7, 60, 33, 14, 19, 104, 28, 74, 96, 76, 38, 52, 114, 50, 17, 0, 3, 100, 69, 98, 2, 1, 99, 12, 95, 97, 123, 4, 126, 124, 82, 27, 67, 57, 115, 46]'}
21: {'thought': '[90, 69, 3, 100, 95, 99, 34, 43, 25, 60, 19, 37, 49, 46, 80]', 'set1': '[42, 73, 86, 39, 85, 77, 69, 59, 43, 127, 121, 88, 109, 53, 70, 66, 25, 51, 34, 78, 45, 11, 40, 99, 68, 47, 49, 41, 101, 31, 24, 84, 36, 29, 118, 75, 3, 27, 30, 80, 125, 8, 37, 46, 90, 21, 60, 83, 19, 6, 95, 117, 87, 18, 100, 13, 22, 10, 110, 102, 35, 81, 17, 63]', 'set2': '[34, 49, 116, 106, 112, 23, 5, 80, 18, 62, 90, 54, 32, 103, 37, 43, 9, 25, 92, 16, 111, 79, 64, 91, 107, 58, 72, 94, 7, 60, 33, 14, 19, 104, 28, 74, 96, 76, 38, 52, 114, 50, 17, 0, 3, 100, 69, 98, 2, 1, 99, 12, 95, 97, 123, 4, 126, 124, 82, 27, 67, 57, 115, 46]'}
Edges:
(0, 11): {}
(11, 12): {}
(11, 13): {}
(11, 14): {}
(11, 15): {}
(11, 16): {}
(11, 17): {}
(11, 18): {}
(11, 19): {}
(11, 20): {}
(11, 21): {}


Step 4
========================
Action: score
Nodes: ['12', '13', '14', '15', '16', '17', '18', '19', '20', '21']
Explanation: 


Graph state:
------------------------
Nodes:
0: {'thought': {'set1': '[42, 73, 86, 39, 85, 77, 69, 59, 43, 127, 121, 88, 109, 53, 70, 66, 25, 51, 34, 78, 45, 11, 40, 99, 68, 47, 49, 41, 101, 31, 24, 84, 36, 29, 118, 75, 3, 27, 30, 80, 125, 8, 37, 46, 90, 21, 60, 83, 19, 6, 95, 117, 87, 18, 100, 13, 22, 10, 110, 102, 35, 81, 17, 63]', 'set2': '[34, 49, 116, 106, 112, 23, 5, 80, 18, 62, 90, 54, 32, 103, 37, 43, 9, 25, 92, 16, 111, 79, 64, 91, 107, 58, 72, 94, 7, 60, 33, 14, 19, 104, 28, 74, 96, 76, 38, 52, 114, 50, 17, 0, 3, 100, 69, 98, 2, 1, 99, 12, 95, 97, 123, 4, 126, 124, 82, 27, 67, 57, 115, 46]'}}
11: {'thought': '[90, 69, 3, 100, 95, 99, 34, 43, 25, 60, 19, 37, 49, 46, 80]', 'score': 6, 'set1': '[42, 73, 86, 39, 85, 77, 69, 59, 43, 127, 121, 88, 109, 53, 70, 66, 25, 51, 34, 78, 45, 11, 40, 99, 68, 47, 49, 41, 101, 31, 24, 84, 36, 29, 118, 75, 3, 27, 30, 80, 125, 8, 37, 46, 90, 21, 60, 83, 19, 6, 95, 117, 87, 18, 100, 13, 22, 10, 110, 102, 35, 81, 17, 63]', 'set2': '[34, 49, 116, 106, 112, 23, 5, 80, 18, 62, 90, 54, 32, 103, 37, 43, 9, 25, 92, 16, 111, 79, 64, 91, 107, 58, 72, 94, 7, 60, 33, 14, 19, 104, 28, 74, 96, 76, 38, 52, 114, 50, 17, 0, 3, 100, 69, 98, 2, 1, 99, 12, 95, 97, 123, 4, 126, 124, 82, 27, 67, 57, 115, 46]'}
12: {'thought': '[90, 69, 3, 100, 95, 99, 34, 43, 25, 60, 19, 37, 49, 46, 80]', 'set1': '[42, 73, 86, 39, 85, 77, 69, 59, 43, 127, 121, 88, 109, 53, 70, 66, 25, 51, 34, 78, 45, 11, 40, 99, 68, 47, 49, 41, 101, 31, 24, 84, 36, 29, 118, 75, 3, 27, 30, 80, 125, 8, 37, 46, 90, 21, 60, 83, 19, 6, 95, 117, 87, 18, 100, 13, 22, 10, 110, 102, 35, 81, 17, 63]', 'set2': '[34, 49, 116, 106, 112, 23, 5, 80, 18, 62, 90, 54, 32, 103, 37, 43, 9, 25, 92, 16, 111, 79, 64, 91, 107, 58, 72, 94, 7, 60, 33, 14, 19, 104, 28, 74, 96, 76, 38, 52, 114, 50, 17, 0, 3, 100, 69, 98, 2, 1, 99, 12, 95, 97, 123, 4, 126, 124, 82, 27, 67, 57, 115, 46]', 'score': 3}
13: {'thought': '[90, 69, 3, 100, 95, 99, 34, 43, 25, 60, 19, 37, 49, 46, 80]', 'set1': '[42, 73, 86, 39, 85, 77, 69, 59, 43, 127, 121, 88, 109, 53, 70, 66, 25, 51, 34, 78, 45, 11, 40, 99, 68, 47, 49, 41, 101, 31, 24, 84, 36, 29, 118, 75, 3, 27, 30, 80, 125, 8, 37, 46, 90, 21, 60, 83, 19, 6, 95, 117, 87, 18, 100, 13, 22, 10, 110, 102, 35, 81, 17, 63]', 'set2': '[34, 49, 116, 106, 112, 23, 5, 80, 18, 62, 90, 54, 32, 103, 37, 43, 9, 25, 92, 16, 111, 79, 64, 91, 107, 58, 72, 94, 7, 60, 33, 14, 19, 104, 28, 74, 96, 76, 38, 52, 114, 50, 17, 0, 3, 100, 69, 98, 2, 1, 99, 12, 95, 97, 123, 4, 126, 124, 82, 27, 67, 57, 115, 46]', 'score': 3}
14: {'thought': '[90, 69, 3, 100, 95, 99, 34, 43, 25, 60, 19, 37, 49, 46, 80]', 'set1': '[42, 73, 86, 39, 85, 77, 69, 59, 43, 127, 121, 88, 109, 53, 70, 66, 25, 51, 34, 78, 45, 11, 40, 99, 68, 47, 49, 41, 101, 31, 24, 84, 36, 29, 118, 75, 3, 27, 30, 80, 125, 8, 37, 46, 90, 21, 60, 83, 19, 6, 95, 117, 87, 18, 100, 13, 22, 10, 110, 102, 35, 81, 17, 63]', 'set2': '[34, 49, 116, 106, 112, 23, 5, 80, 18, 62, 90, 54, 32, 103, 37, 43, 9, 25, 92, 16, 111, 79, 64, 91, 107, 58, 72, 94, 7, 60, 33, 14, 19, 104, 28, 74, 96, 76, 38, 52, 114, 50, 17, 0, 3, 100, 69, 98, 2, 1, 99, 12, 95, 97, 123, 4, 126, 124, 82, 27, 67, 57, 115, 46]', 'score': 3}
15: {'thought': '[90, 69, 3, 100, 95, 99, 34, 43, 25, 60, 19, 37, 49, 46, 80]', 'set1': '[42, 73, 86, 39, 85, 77, 69, 59, 43, 127, 121, 88, 109, 53, 70, 66, 25, 51, 34, 78, 45, 11, 40, 99, 68, 47, 49, 41, 101, 31, 24, 84, 36, 29, 118, 75, 3, 27, 30, 80, 125, 8, 37, 46, 90, 21, 60, 83, 19, 6, 95, 117, 87, 18, 100, 13, 22, 10, 110, 102, 35, 81, 17, 63]', 'set2': '[34, 49, 116, 106, 112, 23, 5, 80, 18, 62, 90, 54, 32, 103, 37, 43, 9, 25, 92, 16, 111, 79, 64, 91, 107, 58, 72, 94, 7, 60, 33, 14, 19, 104, 28, 74, 96, 76, 38, 52, 114, 50, 17, 0, 3, 100, 69, 98, 2, 1, 99, 12, 95, 97, 123, 4, 126, 124, 82, 27, 67, 57, 115, 46]', 'score': 3}
16: {'thought': '[90, 69, 3, 100, 95, 99, 34, 43, 25, 60, 19, 37, 49, 46, 80]', 'set1': '[42, 73, 86, 39, 85, 77, 69, 59, 43, 127, 121, 88, 109, 53, 70, 66, 25, 51, 34, 78, 45, 11, 40, 99, 68, 47, 49, 41, 101, 31, 24, 84, 36, 29, 118, 75, 3, 27, 30, 80, 125, 8, 37, 46, 90, 21, 60, 83, 19, 6, 95, 117, 87, 18, 100, 13, 22, 10, 110, 102, 35, 81, 17, 63]', 'set2': '[34, 49, 116, 106, 112, 23, 5, 80, 18, 62, 90, 54, 32, 103, 37, 43, 9, 25, 92, 16, 111, 79, 64, 91, 107, 58, 72, 94, 7, 60, 33, 14, 19, 104, 28, 74, 96, 76, 38, 52, 114, 50, 17, 0, 3, 100, 69, 98, 2, 1, 99, 12, 95, 97, 123, 4, 126, 124, 82, 27, 67, 57, 115, 46]', 'score': 3}
17: {'thought': '[90, 69, 3, 100, 95, 99, 34, 43, 25, 60, 19, 37, 49, 46, 80]', 'set1': '[42, 73, 86, 39, 85, 77, 69, 59, 43, 127, 121, 88, 109, 53, 70, 66, 25, 51, 34, 78, 45, 11, 40, 99, 68, 47, 49, 41, 101, 31, 24, 84, 36, 29, 118, 75, 3, 27, 30, 80, 125, 8, 37, 46, 90, 21, 60, 83, 19, 6, 95, 117, 87, 18, 100, 13, 22, 10, 110, 102, 35, 81, 17, 63]', 'set2': '[34, 49, 116, 106, 112, 23, 5, 80, 18, 62, 90, 54, 32, 103, 37, 43, 9, 25, 92, 16, 111, 79, 64, 91, 107, 58, 72, 94, 7, 60, 33, 14, 19, 104, 28, 74, 96, 76, 38, 52, 114, 50, 17, 0, 3, 100, 69, 98, 2, 1, 99, 12, 95, 97, 123, 4, 126, 124, 82, 27, 67, 57, 115, 46]', 'score': 3}
18: {'thought': '[90, 69, 3, 100, 95, 99, 34, 43, 25, 60, 19, 37, 49, 46, 80]', 'set1': '[42, 73, 86, 39, 85, 77, 69, 59, 43, 127, 121, 88, 109, 53, 70, 66, 25, 51, 34, 78, 45, 11, 40, 99, 68, 47, 49, 41, 101, 31, 24, 84, 36, 29, 118, 75, 3, 27, 30, 80, 125, 8, 37, 46, 90, 21, 60, 83, 19, 6, 95, 117, 87, 18, 100, 13, 22, 10, 110, 102, 35, 81, 17, 63]', 'set2': '[34, 49, 116, 106, 112, 23, 5, 80, 18, 62, 90, 54, 32, 103, 37, 43, 9, 25, 92, 16, 111, 79, 64, 91, 107, 58, 72, 94, 7, 60, 33, 14, 19, 104, 28, 74, 96, 76, 38, 52, 114, 50, 17, 0, 3, 100, 69, 98, 2, 1, 99, 12, 95, 97, 123, 4, 126, 124, 82, 27, 67, 57, 115, 46]', 'score': 3}
19: {'thought': '[90, 69, 3, 100, 95, 99, 34, 43, 25, 60, 19, 37, 49, 46, 80]', 'set1': '[42, 73, 86, 39, 85, 77, 69, 59, 43, 127, 121, 88, 109, 53, 70, 66, 25, 51, 34, 78, 45, 11, 40, 99, 68, 47, 49, 41, 101, 31, 24, 84, 36, 29, 118, 75, 3, 27, 30, 80, 125, 8, 37, 46, 90, 21, 60, 83, 19, 6, 95, 117, 87, 18, 100, 13, 22, 10, 110, 102, 35, 81, 17, 63]', 'set2': '[34, 49, 116, 106, 112, 23, 5, 80, 18, 62, 90, 54, 32, 103, 37, 43, 9, 25, 92, 16, 111, 79, 64, 91, 107, 58, 72, 94, 7, 60, 33, 14, 19, 104, 28, 74, 96, 76, 38, 52, 114, 50, 17, 0, 3, 100, 69, 98, 2, 1, 99, 12, 95, 97, 123, 4, 126, 124, 82, 27, 67, 57, 115, 46]', 'score': 3}
20: {'thought': '[90, 69, 3, 100, 95, 99, 34, 43, 25, 60, 19, 37, 49, 46, 80]', 'set1': '[42, 73, 86, 39, 85, 77, 69, 59, 43, 127, 121, 88, 109, 53, 70, 66, 25, 51, 34, 78, 45, 11, 40, 99, 68, 47, 49, 41, 101, 31, 24, 84, 36, 29, 118, 75, 3, 27, 30, 80, 125, 8, 37, 46, 90, 21, 60, 83, 19, 6, 95, 117, 87, 18, 100, 13, 22, 10, 110, 102, 35, 81, 17, 63]', 'set2': '[34, 49, 116, 106, 112, 23, 5, 80, 18, 62, 90, 54, 32, 103, 37, 43, 9, 25, 92, 16, 111, 79, 64, 91, 107, 58, 72, 94, 7, 60, 33, 14, 19, 104, 28, 74, 96, 76, 38, 52, 114, 50, 17, 0, 3, 100, 69, 98, 2, 1, 99, 12, 95, 97, 123, 4, 126, 124, 82, 27, 67, 57, 115, 46]', 'score': 3}
21: {'thought': '[90, 69, 3, 100, 95, 99, 34, 43, 25, 60, 19, 37, 49, 46, 80]', 'set1': '[42, 73, 86, 39, 85, 77, 69, 59, 43, 127, 121, 88, 109, 53, 70, 66, 25, 51, 34, 78, 45, 11, 40, 99, 68, 47, 49, 41, 101, 31, 24, 84, 36, 29, 118, 75, 3, 27, 30, 80, 125, 8, 37, 46, 90, 21, 60, 83, 19, 6, 95, 117, 87, 18, 100, 13, 22, 10, 110, 102, 35, 81, 17, 63]', 'set2': '[34, 49, 116, 106, 112, 23, 5, 80, 18, 62, 90, 54, 32, 103, 37, 43, 9, 25, 92, 16, 111, 79, 64, 91, 107, 58, 72, 94, 7, 60, 33, 14, 19, 104, 28, 74, 96, 76, 38, 52, 114, 50, 17, 0, 3, 100, 69, 98, 2, 1, 99, 12, 95, 97, 123, 4, 126, 124, 82, 27, 67, 57, 115, 46]', 'score': 3}
Edges:
(0, 11): {}
(11, 12): {}
(11, 13): {}
(11, 14): {}
(11, 15): {}
(11, 16): {}
(11, 17): {}
(11, 18): {}
(11, 19): {}
(11, 20): {}
(11, 21): {}


Step 5
========================
Action: keepbest
Nodes: ['12', '13', '14', '15', '16', '17', '18', '19', '20', '21']
Explanation: 


Graph state:
------------------------
Nodes:
0: {'thought': {'set1': '[42, 73, 86, 39, 85, 77, 69, 59, 43, 127, 121, 88, 109, 53, 70, 66, 25, 51, 34, 78, 45, 11, 40, 99, 68, 47, 49, 41, 101, 31, 24, 84, 36, 29, 118, 75, 3, 27, 30, 80, 125, 8, 37, 46, 90, 21, 60, 83, 19, 6, 95, 117, 87, 18, 100, 13, 22, 10, 110, 102, 35, 81, 17, 63]', 'set2': '[34, 49, 116, 106, 112, 23, 5, 80, 18, 62, 90, 54, 32, 103, 37, 43, 9, 25, 92, 16, 111, 79, 64, 91, 107, 58, 72, 94, 7, 60, 33, 14, 19, 104, 28, 74, 96, 76, 38, 52, 114, 50, 17, 0, 3, 100, 69, 98, 2, 1, 99, 12, 95, 97, 123, 4, 126, 124, 82, 27, 67, 57, 115, 46]'}}
11: {'thought': '[90, 69, 3, 100, 95, 99, 34, 43, 25, 60, 19, 37, 49, 46, 80]', 'score': 6, 'set1': '[42, 73, 86, 39, 85, 77, 69, 59, 43, 127, 121, 88, 109, 53, 70, 66, 25, 51, 34, 78, 45, 11, 40, 99, 68, 47, 49, 41, 101, 31, 24, 84, 36, 29, 118, 75, 3, 27, 30, 80, 125, 8, 37, 46, 90, 21, 60, 83, 19, 6, 95, 117, 87, 18, 100, 13, 22, 10, 110, 102, 35, 81, 17, 63]', 'set2': '[34, 49, 116, 106, 112, 23, 5, 80, 18, 62, 90, 54, 32, 103, 37, 43, 9, 25, 92, 16, 111, 79, 64, 91, 107, 58, 72, 94, 7, 60, 33, 14, 19, 104, 28, 74, 96, 76, 38, 52, 114, 50, 17, 0, 3, 100, 69, 98, 2, 1, 99, 12, 95, 97, 123, 4, 126, 124, 82, 27, 67, 57, 115, 46]'}
22: {'thought': '[90, 69, 3, 100, 95, 99, 34, 43, 25, 60, 19, 37, 49, 46, 80]', 'score': 3, 'set1': '[42, 73, 86, 39, 85, 77, 69, 59, 43, 127, 121, 88, 109, 53, 70, 66, 25, 51, 34, 78, 45, 11, 40, 99, 68, 47, 49, 41, 101, 31, 24, 84, 36, 29, 118, 75, 3, 27, 30, 80, 125, 8, 37, 46, 90, 21, 60, 83, 19, 6, 95, 117, 87, 18, 100, 13, 22, 10, 110, 102, 35, 81, 17, 63]', 'set2': '[34, 49, 116, 106, 112, 23, 5, 80, 18, 62, 90, 54, 32, 103, 37, 43, 9, 25, 92, 16, 111, 79, 64, 91, 107, 58, 72, 94, 7, 60, 33, 14, 19, 104, 28, 74, 96, 76, 38, 52, 114, 50, 17, 0, 3, 100, 69, 98, 2, 1, 99, 12, 95, 97, 123, 4, 126, 124, 82, 27, 67, 57, 115, 46]'}
Edges:
(0, 11): {}
(11, 22): {}


Step 6
========================
Action: refine
Nodes: ['22', '22', '22', '22', '22', '22', '22', '22', '22', '22']
Explanation: 

