===============================
Solving problem 0/100
===============================

Step 0
========================
Action: cot
Nodes: 0
Explanation: 

Traceback (most recent call last):
  File "/home/user/reasoning-agent/src/main.py", line 212, in <module>
    run(args, data)
  File "/home/user/reasoning-agent/src/main.py", line 130, in run
    obs, reward, terminated, truncated, info = env.step(action)
                                               ^^^^^^^^^^^^^^^^
  File "/home/user/reasoning-agent/src/environment.py", line 124, in step
    self.thought_graph, terminate = operator(self.thought_graph, nodes)
                                    ^^^^^^^^^^^^^^^^^^^^^^^^^^^^^^^^^^^
  File "/home/user/reasoning-agent/src/tasks/set_intersection.py", line 278, in cot
    output = out.split("Output:")[1]
             ~~~~~~~~~~~~~~~~~~~~^^^
IndexError: list index out of range

Entering debugger...
> /home/user/reasoning-agent/src/tasks/set_intersection.py(278)cot()
-> output = out.split("Output:")[1]
(Pdb) To find the intersection of the two input sets, I will split the second input set into four subsets and find the intersection of each subset with the first input set.

Input Set 1: [132, 75, 157, 25, 199, 202, 147, 109, 221, 110, 220, 251, 213, 11, 224, 101, 200, 170, 155, 71, 119, 122, 39, 1, 29, 113, 189, 212, 10, 219, 49, 28, 151, 40, 103, 8, 145, 214, 114, 91, 175, 107, 152, 163, 148, 246, 176, 181, 18, 106, 74, 115, 144, 0, 205, 121, 46, 234, 142, 223, 228, 162, 96, 97, 130, 156, 172, 241, 33, 186, 137, 150, 65, 161, 226, 116, 111, 12, 146, 38, 167, 4, 108, 169, 61, 93, 190, 252, 22, 31, 3, 9, 13, 35, 23, 141, 129, 198, 85, 84, 62, 158, 201, 67, 117, 59, 41, 191, 56, 90, 51, 227, 143, 83, 184, 174, 125, 98, 232, 238, 57, 225, 54, 179, 177, 237, 37, 95]

Input Set 2: [27, 162, 187, 254, 128, 227, 2, 165, 143, 109, 140, 46, 160, 26, 139, 171, 42, 199, 207, 30, 205, 117, 213, 48, 40, 212, 185, 196, 197, 94, 136, 35, 229, 193, 36, 7, 15, 43, 4, 203, 142, 144, 49, 31, 240, 124, 116, 69, 37, 250, 95, 105, 103, 168, 126, 64, 73, 206, 24, 157, 135, 118, 34, 134, 45, 62, 153, 5, 47, 239, 216, 222, 80, 231, 102, 21, 57, 215, 149, 141, 236, 32, 188, 204, 194, 23, 233, 83, 154, 210, 159, 70, 202, 253, 20, 71, 166, 242, 221, 228, 78, 230, 29, 145, 147, 81, 104, 235, 66, 100, 131, 132, 244, 195, 68, 72, 53, 182, 79, 248, 3, 82, 211, 173, 180, 17, 77, 51]

Subsets of Input Set 2:
Subset 1: [27, 162, 187, 254, 128, 227, 2, 165, 143, 109, 140, 46, 160, 26, 139, 171]
Subset 2: [42, 199, 207, 30, 205, 117, 213, 48, 40, 212, 185, 196, 197, 94, 136, 35]
Subset 3: [229, 193, 36, 7, 15, 43, 4, 203, 142, 144, 49, 31, 240, 124, 116, 69]
Subset 4: [37, 250, 95, 105, 103, 168, 126,
(Pdb) 